============================= test session starts ==============================
platform darwin -- Python 3.13.11, pytest-9.0.2, pluggy-1.6.0 -- /Users/les/Projects/crackerjack/.venv/bin/python
cachedir: .pytest_cache
benchmark: 5.2.3 (defaults: timer=time.perf_counter disable_gc=False min_rounds=5 min_time=0.000005 max_time=1.0 calibration_precision=10 warmup=False warmup_iterations=100000)
hypothesis profile 'default'
rootdir: /Users/les/Projects/crackerjack
configfile: pyproject.toml
plugins: benchmark-5.2.3, mock-3.15.1, anyio-4.12.0, xdist-3.8.0, devtools-0.12.2, timeout-2.4.0, asyncio-1.3.0, pyleak-0.1.14, hypothesis-6.148.8, cov-7.0.0
timeout: 600.0s
timeout method: signal
timeout func_only: False
asyncio: mode=Mode.AUTO, debug=False, asyncio_default_fixture_loop_scope=None, asyncio_default_test_loop_scope=function
collecting ... collected 3734 items

tests/adapters/test_pip_audit_adapter.py::TestPipAuditAdapter::test_initialization PASSED [  0%]
tests/adapters/test_pip_audit_adapter.py::TestPipAuditAdapter::test_build_command_basic PASSED [  0%]
tests/adapters/test_pip_audit_adapter.py::TestPipAuditAdapter::test_build_command_with_requirements PASSED [  0%]
tests/adapters/test_pip_audit_adapter.py::TestPipAuditAdapter::test_build_command_with_options PASSED [  0%]
tests/adapters/test_pip_audit_adapter.py::TestPipAuditAdapter::test_parse_json_output PASSED [  0%]
tests/adapters/test_pip_audit_adapter.py::TestPipAuditAdapter::test_parse_json_output_no_vulnerabilities PASSED [  0%]
tests/adapters/test_pip_audit_adapter.py::TestPipAuditAdapter::test_parse_text_output_fallback PASSED [  0%]
tests/adapters/test_pip_audit_adapter.py::TestPipAuditAdapter::test_parse_empty_output PASSED [  0%]
tests/adapters/test_pip_audit_adapter.py::TestPipAuditAdapter::test_get_default_config PASSED [  0%]
tests/adapters/test_pip_audit_adapter.py::TestPipAuditAdapter::test_build_vulnerability_message PASSED [  0%]
tests/adapters/test_pip_audit_adapter.py::TestPipAuditAdapter::test_count_affected_packages PASSED [  0%]
tests/adapters/test_pyscn_adapter.py::TestPyscnAdapter::test_initialization PASSED [  0%]
tests/adapters/test_pyscn_adapter.py::TestPyscnAdapter::test_build_command_basic PASSED [  0%]
tests/adapters/test_pyscn_adapter.py::TestPyscnAdapter::test_build_command_with_options PASSED [  0%]
tests/adapters/test_pyscn_adapter.py::TestPyscnAdapter::test_parse_json_output PASSED [  0%]
tests/adapters/test_pyscn_adapter.py::TestPyscnAdapter::test_parse_text_output PASSED [  0%]
tests/adapters/test_pyscn_adapter.py::TestPyscnAdapter::test_parse_empty_output PASSED [  0%]
tests/adapters/test_pyscn_adapter.py::TestPyscnAdapter::test_get_default_config PASSED [  0%]
tests/adapters/test_type_adapters.py::TestTyAdapter::test_initialization PASSED [  0%]
tests/adapters/test_type_adapters.py::TestTyAdapter::test_build_command_basic PASSED [  0%]
tests/adapters/test_type_adapters.py::TestTyAdapter::test_build_command_with_options PASSED [  0%]
tests/adapters/test_type_adapters.py::TestTyAdapter::test_parse_json_output PASSED [  0%]
tests/adapters/test_type_adapters.py::TestTyAdapter::test_parse_text_output PASSED [  0%]
tests/adapters/test_type_adapters.py::TestTyAdapter::test_parse_empty_output PASSED [  0%]
tests/adapters/test_type_adapters.py::TestTyAdapter::test_get_default_config PASSED [  0%]
tests/adapters/test_type_adapters.py::TestPyreflyAdapter::test_initialization PASSED [  0%]
tests/adapters/test_type_adapters.py::TestPyreflyAdapter::test_build_command_basic PASSED [  0%]
tests/adapters/test_type_adapters.py::TestPyreflyAdapter::test_build_command_with_options PASSED [  0%]
tests/adapters/test_type_adapters.py::TestPyreflyAdapter::test_parse_json_output PASSED [  0%]
tests/adapters/test_type_adapters.py::TestPyreflyAdapter::test_parse_text_output PASSED [  0%]
tests/adapters/test_type_adapters.py::TestPyreflyAdapter::test_parse_empty_output PASSED [  0%]
tests/adapters/test_type_adapters.py::TestPyreflyAdapter::test_get_default_config PASSED [  0%]
tests/adapters/test_zuban_adapter.py::TestZubanAdapterInitialization::test_module_registration PASSED [  0%]
tests/adapters/test_zuban_adapter.py::TestZubanAdapterInitialization::test_adapter_initialization_with_defaults PASSED [  0%]
tests/adapters/test_zuban_adapter.py::TestZubanAdapterInitialization::test_adapter_initialization_with_custom_settings PASSED [  0%]
tests/adapters/test_zuban_adapter.py::TestZubanAdapterInitialization::test_adapter_init_creates_default_settings PASSED [  0%]
tests/adapters/test_zuban_adapter.py::TestZubanAdapterInitialization::test_adapter_name_property PASSED [  0%]
tests/adapters/test_zuban_adapter.py::TestZubanAdapterInitialization::test_module_id_property PASSED [  1%]
tests/adapters/test_zuban_adapter.py::TestZubanAdapterInitialization::test_tool_name_property PASSED [  1%]
tests/adapters/test_zuban_adapter.py::TestZubanSettings::test_default_settings PASSED [  1%]
tests/adapters/test_zuban_adapter.py::TestZubanSettings::test_custom_settings PASSED [  1%]
tests/adapters/test_zuban_adapter.py::TestZubanCommandBuilding::test_build_command_with_defaults PASSED [  1%]
tests/adapters/test_zuban_adapter.py::TestZubanCommandBuilding::test_build_command_with_strict_mode PASSED [  1%]
tests/adapters/test_zuban_adapter.py::TestZubanCommandBuilding::test_build_command_with_cache_dir PASSED [  1%]
tests/adapters/test_zuban_adapter.py::TestZubanCommandBuilding::test_build_command_with_ignore_missing_imports PASSED [  1%]
tests/adapters/test_zuban_adapter.py::TestZubanCommandBuilding::test_build_command_raises_without_init PASSED [  1%]
tests/adapters/test_zuban_adapter.py::TestZubanOutputParsing::test_parse_json_output_success PASSED [  1%]
tests/adapters/test_zuban_adapter.py::TestZubanOutputParsing::test_parse_empty_json_output PASSED [  1%]
tests/adapters/test_zuban_adapter.py::TestZubanOutputParsing::test_parse_text_output_fallback PASSED [  1%]
tests/adapters/test_zuban_adapter.py::TestZubanOutputParsing::test_parse_output_no_output PASSED [  1%]
tests/adapters/test_zuban_adapter.py::TestZubanDefaultConfiguration::test_get_default_config PASSED [  1%]
tests/adapters/test_zuban_adapter.py::TestZubanDefaultConfiguration::test_get_default_config_settings PASSED [  1%]
tests/adapters/test_zuban_adapter.py::TestZubanDefaultConfiguration::test_check_type_is_type PASSED [  1%]
tests/adapters/test_zuban_adapter.py::TestZubanEdgeCases::test_parse_malformed_json PASSED [  1%]
tests/adapters/test_zuban_adapter.py::TestZubanEdgeCases::test_parse_text_with_invalid_line_numbers PASSED [  1%]
tests/adapters/test_zuban_adapter.py::TestZubanEdgeCases::test_multiple_files_in_command PASSED [  1%]
tests/adapters/test_zuban_adapter.py::TestZubanIntegration::test_real_type_check SKIPPED [  1%]
tests/agents/test_error_middleware.py::test_agent_error_boundary_returns_fallback PASSED [  1%]
tests/cli/test_command_validation.py::TestCommandValidation::test_valid_command_no_args PASSED [  1%]
tests/cli/test_command_validation.py::TestCommandValidation::test_valid_command_with_args PASSED [  1%]
tests/cli/test_command_validation.py::TestCommandValidation::test_valid_command_multiple_args PASSED [  1%]
tests/cli/test_command_validation.py::TestCommandValidation::test_all_valid_commands[test] PASSED [  1%]
tests/cli/test_command_validation.py::TestCommandValidation::test_all_valid_commands[lint] PASSED [  1%]
tests/cli/test_command_validation.py::TestCommandValidation::test_all_valid_commands[check] PASSED [  1%]
tests/cli/test_command_validation.py::TestCommandValidation::test_all_valid_commands[format] PASSED [  1%]
tests/cli/test_command_validation.py::TestCommandValidation::test_all_valid_commands[security] PASSED [  1%]
tests/cli/test_command_validation.py::TestCommandValidation::test_all_valid_commands[complexity] PASSED [  1%]
tests/cli/test_command_validation.py::TestCommandValidation::test_all_valid_commands[all] PASSED [  1%]
tests/cli/test_command_validation.py::TestCommandValidation::test_invalid_command_double_dash PASSED [  1%]
tests/cli/test_command_validation.py::TestCommandValidation::test_invalid_command_single_dash PASSED [  1%]
tests/cli/test_command_validation.py::TestCommandValidation::test_unknown_command PASSED [  1%]
tests/cli/test_command_validation.py::TestCommandValidation::test_ai_fix_in_args_rejected PASSED [  1%]
tests/cli/test_command_validation.py::TestCommandValidation::test_ai_fix_in_args_with_other_args PASSED [  1%]
tests/cli/test_command_validation.py::TestCommandValidation::test_empty_command_rejected PASSED [  1%]
tests/cli/test_command_validation.py::TestCommandValidation::test_case_sensitive_commands PASSED [  2%]
tests/cli/test_command_validation.py::TestCommandValidation::test_whitespace_handling PASSED [  2%]
tests/cli/test_command_validation.py::TestCommandValidation::test_args_none_handled PASSED [  2%]
tests/cli/test_command_validation.py::TestCommandValidation::test_command_none_rejected PASSED [  2%]
tests/cli/test_command_validation.py::TestCommandValidation::test_shell_quoted_arguments PASSED [  2%]
tests/cli/test_command_validation.py::TestValidationEdgeCases::test_numeric_command PASSED [  2%]
tests/cli/test_command_validation.py::TestValidationEdgeCases::test_special_chars_in_command PASSED [  2%]
tests/cli/test_command_validation.py::TestValidationEdgeCases::test_very_long_args PASSED [  2%]
tests/cli/test_command_validation.py::TestValidationEdgeCases::test_ai_fix_case_sensitivity PASSED [  2%]
tests/cli/test_command_validation.py::TestValidationReturnTypes::test_return_type_is_tuple PASSED [  2%]
tests/cli/test_command_validation.py::TestValidationReturnTypes::test_command_is_string PASSED [  2%]
tests/cli/test_command_validation.py::TestValidationReturnTypes::test_args_is_list PASSED [  2%]
tests/cli/test_command_validation.py::TestValidationDocstring::test_docstring_example_1 PASSED [  2%]
tests/cli/test_command_validation.py::TestValidationDocstring::test_docstring_example_2 PASSED [  2%]
tests/cli/test_command_validation.py::TestValidationDocstring::test_docstring_example_3_raises PASSED [  2%]
tests/config/test_hooks_backward_compatibility.py::TestHookDefinitionGetCommand::test_direct_mode_returns_tool_command SKIPPED [  2%]
tests/config/test_hooks_backward_compatibility.py::TestHookDefinitionGetCommand::test_legacy_mode_returns_precommit_wrapper SKIPPED [  2%]
tests/config/test_hooks_backward_compatibility.py::TestHookDefinitionGetCommand::test_direct_mode_native_tool SKIPPED [  2%]
tests/config/test_hooks_backward_compatibility.py::TestHookDefinitionGetCommand::test_direct_mode_custom_tool SKIPPED [  2%]
tests/config/test_hooks_backward_compatibility.py::TestHookDefinitionGetCommand::test_direct_mode_rust_tool SKIPPED [  2%]
tests/config/test_hooks_backward_compatibility.py::TestHookDefinitionGetCommand::test_legacy_mode_with_config_path SKIPPED [  2%]
tests/config/test_hooks_backward_compatibility.py::TestHookDefinitionGetCommand::test_legacy_mode_with_manual_stage SKIPPED [  2%]
tests/config/test_hooks_backward_compatibility.py::TestHookDefinitionGetCommand::test_direct_mode_fallback_to_legacy SKIPPED [  2%]
tests/config/test_hooks_backward_compatibility.py::TestHookDefinitionGetCommand::test_legacy_mode_prefers_venv_precommit SKIPPED [  2%]
tests/config/test_hooks_backward_compatibility.py::TestHookDefinitionGetCommand::test_legacy_mode_falls_back_to_system_precommit SKIPPED [  2%]
tests/config/test_hooks_backward_compatibility.py::TestFastHooksConfiguration::test_all_fast_hooks_use_direct_mode SKIPPED [  2%]
tests/config/test_hooks_backward_compatibility.py::TestFastHooksConfiguration::test_fast_hooks_can_get_commands SKIPPED [  2%]
tests/config/test_hooks_backward_compatibility.py::TestFastHooksConfiguration::test_fast_hooks_have_expected_count SKIPPED [  2%]
tests/config/test_hooks_backward_compatibility.py::TestFastHooksConfiguration::test_fast_formatting_hooks_marked_correctly SKIPPED [  2%]
tests/config/test_hooks_backward_compatibility.py::TestComprehensiveHooksConfiguration::test_all_comprehensive_hooks_use_direct_mode SKIPPED [  2%]
tests/config/test_hooks_backward_compatibility.py::TestComprehensiveHooksConfiguration::test_comprehensive_hooks_can_get_commands SKIPPED [  2%]
tests/config/test_hooks_backward_compatibility.py::TestComprehensiveHooksConfiguration::test_comprehensive_hooks_have_expected_count SKIPPED [  2%]
tests/config/test_hooks_backward_compatibility.py::TestComprehensiveHooksConfiguration::test_all_comprehensive_hooks_are_manual_stage SKIPPED [  2%]
tests/config/test_hooks_backward_compatibility.py::TestComprehensiveHooksConfiguration::test_comprehensive_hooks_have_comprehensive_stage SKIPPED [  2%]
tests/config/test_hooks_backward_compatibility.py::TestMigrationPath::test_can_override_legacy_flag_for_testing SKIPPED [  2%]
tests/config/test_hooks_backward_compatibility.py::TestMigrationPath::test_both_modes_execute_same_tool SKIPPED [  2%]
tests/config/test_hooks_backward_compatibility.py::TestMigrationPath::test_security_levels_preserved_across_modes SKIPPED [  2%]
tests/config/test_hooks_backward_compatibility.py::TestBackwardCompatibilityEdgeCases::test_empty_command_list_with_direct_mode SKIPPED [  2%]
tests/config/test_hooks_backward_compatibility.py::TestBackwardCompatibilityEdgeCases::test_empty_command_list_with_legacy_mode SKIPPED [  3%]
tests/config/test_hooks_backward_compatibility.py::TestBackwardCompatibilityEdgeCases::test_direct_mode_command_is_copy SKIPPED [  3%]
tests/config/test_hooks_backward_compatibility.py::TestBackwardCompatibilityEdgeCases::test_legacy_mode_command_is_fresh SKIPPED [  3%]
tests/config/test_hooks_backward_compatibility.py::TestBackwardCompatibilityEdgeCases::test_all_18_tools_work_in_direct_mode SKIPPED [  3%]
tests/config/test_loader.py::test_load_settings_merges_and_filters PASSED [  3%]
tests/config/test_loader.py::test_load_settings_async_handles_invalid_yaml_and_continues PASSED [  3%]
tests/config/test_loader.py::test_load_settings_ignores_non_mapping_yaml PASSED [  3%]
tests/config/test_tool_commands.py::TestToolCommandsRegistry::test_registry_exists PASSED [  3%]
tests/config/test_tool_commands.py::TestToolCommandsRegistry::test_registry_has_expected_count PASSED [  3%]
tests/config/test_tool_commands.py::TestToolCommandsRegistry::test_all_commands_are_lists PASSED [  3%]
tests/config/test_tool_commands.py::TestToolCommandsRegistry::test_all_commands_use_uv PASSED [  3%]
tests/config/test_tool_commands.py::TestToolCommandsRegistry::test_custom_tools_present PASSED [  3%]
tests/config/test_tool_commands.py::TestToolCommandsRegistry::test_native_tools_present PASSED [  3%]
tests/config/test_tool_commands.py::TestToolCommandsRegistry::test_third_party_tools_present PASSED [  3%]
tests/config/test_tool_commands.py::TestGetToolCommand::test_get_known_tool_command PASSED [  3%]
tests/config/test_tool_commands.py::TestGetToolCommand::test_get_native_tool_command PASSED [  3%]
tests/config/test_tool_commands.py::TestGetToolCommand::test_get_unknown_tool_raises_error PASSED [  3%]
tests/config/test_tool_commands.py::TestGetToolCommand::test_returns_copy_not_reference PASSED [  3%]
tests/config/test_tool_commands.py::TestGetToolCommand::test_all_registered_tools_retrievable PASSED [  3%]
tests/config/test_tool_commands.py::TestGetToolCommand::test_retrieved_commands_match_registry PASSED [  3%]
tests/config/test_tool_commands.py::TestListAvailableTools::test_returns_list PASSED [  3%]
tests/config/test_tool_commands.py::TestListAvailableTools::test_returns_all_tools PASSED [  3%]
tests/config/test_tool_commands.py::TestListAvailableTools::test_returns_sorted_list PASSED [  3%]
tests/config/test_tool_commands.py::TestListAvailableTools::test_no_duplicates PASSED [  3%]
tests/config/test_tool_commands.py::TestListAvailableTools::test_all_strings PASSED [  3%]
tests/config/test_tool_commands.py::TestIsNativeTool::test_native_tools_identified PASSED [  3%]
tests/config/test_tool_commands.py::TestIsNativeTool::test_third_party_tools_not_native PASSED [  3%]
tests/config/test_tool_commands.py::TestIsNativeTool::test_custom_tools_not_native PASSED [  3%]
tests/config/test_tool_commands.py::TestIsNativeTool::test_validate_regex_patterns_is_native PASSED [  3%]
tests/config/test_tool_commands.py::TestIsNativeTool::test_unknown_tool_returns_false PASSED [  3%]
tests/config/test_tool_commands.py::TestIsNativeTool::test_all_tools_have_consistent_classification PASSED [  3%]
tests/config/test_tool_commands.py::TestCommandStructureValidation::test_uv_run_pattern_for_python_tools PASSED [  3%]
tests/config/test_tool_commands.py::TestCommandStructureValidation::test_uv_run_pattern_for_rust_tools PASSED [  3%]
tests/config/test_tool_commands.py::TestCommandStructureValidation::test_config_paths_for_tools_with_configs PASSED [  3%]
tests/config/test_tool_commands.py::TestCommandStructureValidation::test_target_directories_specified PASSED [  3%]
tests/config/test_tool_commands.py::TestCommandStructureValidation::test_special_flags_for_specific_tools PASSED [  3%]
tests/config/test_tool_commands.py::TestIntegrationWithHooks::test_all_fast_hooks_have_commands PASSED [  3%]
tests/config/test_tool_commands.py::TestIntegrationWithHooks::test_all_comprehensive_hooks_have_commands PASSED [  4%]
tests/config/test_tool_commands.py::TestIntegrationWithHooks::test_no_shell_metacharacters_in_commands PASSED [  4%]
tests/config/test_tool_commands.py::TestIntegrationWithHooks::test_commands_are_executable_format PASSED [  4%]
tests/config/test_tool_commands.py::TestRegistryConsistency::test_no_duplicate_commands PASSED [  4%]
tests/config/test_tool_commands.py::TestRegistryConsistency::test_hook_names_are_kebab_case PASSED [  4%]
tests/config/test_tool_commands.py::TestRegistryConsistency::test_module_names_match_hook_names PASSED [  4%]
tests/config/test_tool_commands.py::TestRegistryConsistency::test_all_tools_documented_in_phase_8 PASSED [  4%]
tests/core/test_session_controller.py::test_session_controller_initializes_pipeline_components PASSED [  4%]
tests/exceptions/test_tool_execution_error.py::TestToolExecutionErrorInit::test_init_minimal PASSED [  4%]
tests/exceptions/test_tool_execution_error.py::TestToolExecutionErrorInit::test_init_full PASSED [  4%]
tests/exceptions/test_tool_execution_error.py::TestToolExecutionErrorInit::test_init_strips_whitespace PASSED [  4%]
tests/exceptions/test_tool_execution_error.py::TestToolExecutionErrorInit::test_exception_message_without_duration PASSED [  4%]
tests/exceptions/test_tool_execution_error.py::TestToolExecutionErrorInit::test_exception_message_with_duration PASSED [  4%]
tests/exceptions/test_tool_execution_error.py::TestRichFormatting::test_format_rich_basic PASSED [  4%]
tests/exceptions/test_tool_execution_error.py::TestRichFormatting::test_format_rich_with_all_fields PASSED [  4%]
tests/exceptions/test_tool_execution_error.py::TestRichFormatting::test_format_rich_truncates_long_output PASSED [  4%]
tests/exceptions/test_tool_execution_error.py::TestRichFormatting::test_format_rich_truncates_long_command PASSED [  4%]
tests/exceptions/test_tool_execution_error.py::TestRichFormatting::test_format_rich_shows_stdout_when_stderr_empty PASSED [  4%]
tests/exceptions/test_tool_execution_error.py::TestRichFormatting::test_format_rich_shows_message_when_no_output PASSED [  4%]
tests/exceptions/test_tool_execution_error.py::TestActionableMessages::test_actionable_message_permission_denied PASSED [  4%]
tests/exceptions/test_tool_execution_error.py::TestActionableMessages::test_actionable_message_command_not_found PASSED [  4%]
tests/exceptions/test_tool_execution_error.py::TestActionableMessages::test_actionable_message_timeout PASSED [  4%]
tests/exceptions/test_tool_execution_error.py::TestActionableMessages::test_actionable_message_syntax_error PASSED [  4%]
tests/exceptions/test_tool_execution_error.py::TestActionableMessages::test_actionable_message_import_error PASSED [  4%]
tests/exceptions/test_tool_execution_error.py::TestActionableMessages::test_actionable_message_type_error PASSED [  4%]
tests/exceptions/test_tool_execution_error.py::TestActionableMessages::test_actionable_message_generic PASSED [  4%]
tests/exceptions/test_tool_execution_error.py::TestOutputFormatting::test_format_output_empty_lines PASSED [  4%]
tests/exceptions/test_tool_execution_error.py::TestOutputFormatting::test_format_output_strips_ansi_codes PASSED [  4%]
tests/exceptions/test_tool_execution_error.py::TestOutputFormatting::test_format_output_indents_lines PASSED [  4%]
tests/exceptions/test_tool_execution_error.py::TestStringRepresentations::test_str_representation PASSED [  4%]
tests/exceptions/test_tool_execution_error.py::TestStringRepresentations::test_repr_representation PASSED [  4%]
tests/exceptions/test_tool_execution_error.py::TestStringRepresentations::test_str_with_long_stderr PASSED [  4%]
tests/exceptions/test_tool_execution_error.py::TestExceptionInheritance::test_is_exception PASSED [  4%]
tests/exceptions/test_tool_execution_error.py::TestExceptionInheritance::test_can_be_raised_and_caught PASSED [  4%]
tests/exceptions/test_tool_execution_error.py::TestExceptionInheritance::test_can_be_caught_as_exception PASSED [  4%]
tests/executors/test_progress_hook_executor.py::TestProgressHookExecutorInit::test_init_with_progress_enabled PASSED [  4%]
tests/executors/test_progress_hook_executor.py::TestProgressHookExecutorInit::test_init_with_progress_disabled PASSED [  4%]
tests/executors/test_progress_hook_executor.py::TestProgressHookExecutorInit::test_init_quiet_mode_disables_progress PASSED [  5%]
tests/executors/test_progress_hook_executor.py::TestProgressHookExecutorInit::test_init_with_verbose PASSED [  5%]
tests/executors/test_progress_hook_executor.py::TestProgressBarCreation::test_create_progress_bar PASSED [  5%]
tests/executors/test_progress_hook_executor.py::TestProgressBarCreation::test_progress_bar_configuration PASSED [  5%]
tests/executors/test_progress_hook_executor.py::TestSequentialExecutionWithProgress::test_execute_sequential_with_progress PASSED [  5%]
tests/executors/test_progress_hook_executor.py::TestSequentialExecutionWithProgress::test_sequential_execution_shows_current_hook PASSED [  5%]
tests/executors/test_progress_hook_executor.py::TestParallelExecutionWithProgress::test_execute_parallel_with_progress PASSED [  5%]
tests/executors/test_progress_hook_executor.py::TestParallelExecutionWithProgress::test_parallel_formatting_hooks_run_first PASSED [  5%]
tests/executors/test_progress_hook_executor.py::TestProgressFallback::test_fallback_when_progress_disabled PASSED [  5%]
tests/executors/test_progress_hook_executor.py::TestProgressFallback::test_fallback_in_quiet_mode PASSED [  5%]
tests/executors/test_progress_hook_executor.py::TestRetryWithProgress::test_retry_shows_message PASSED [  5%]
tests/executors/test_progress_hook_executor.py::TestErrorHandlingWithProgress::test_parallel_execution_handles_errors PASSED [  5%]
tests/executors/test_progress_hook_executor.py::TestDisplayHookResultOverride::test_display_hook_result_suppressed_with_progress PASSED [  5%]
tests/executors/test_progress_hook_executor.py::TestDisplayHookResultOverride::test_display_hook_result_shown_without_progress PASSED [  5%]
tests/integration/test_phase8_direct_invocation.py::TestDirectInvocationExecution::test_native_tool_executes_successfully PASSED [  5%]
tests/integration/test_phase8_direct_invocation.py::TestDirectInvocationExecution::test_rust_tool_executes_successfully PASSED [  5%]
tests/integration/test_phase8_direct_invocation.py::TestDirectInvocationExecution::test_third_party_tool_executes_successfully PASSED [  5%]
tests/integration/test_phase8_direct_invocation.py::TestDirectInvocationExecution::test_command_uses_uv_isolation PASSED [  5%]
tests/integration/test_phase8_direct_invocation.py::TestFastHooksIntegration::test_fast_hook_can_execute[validate-regex-patterns] PASSED [  5%]
tests/integration/test_phase8_direct_invocation.py::TestFastHooksIntegration::test_fast_hook_can_execute[trailing-whitespace] PASSED [  5%]
tests/integration/test_phase8_direct_invocation.py::TestFastHooksIntegration::test_fast_hook_can_execute[end-of-file-fixer] PASSED [  5%]
tests/integration/test_phase8_direct_invocation.py::TestFastHooksIntegration::test_fast_hook_can_execute[check-yaml] PASSED [  5%]
tests/integration/test_phase8_direct_invocation.py::TestFastHooksIntegration::test_fast_hook_can_execute[check-toml] PASSED [  5%]
tests/integration/test_phase8_direct_invocation.py::TestFastHooksIntegration::test_fast_hook_can_execute[check-added-large-files] PASSED [  5%]
tests/integration/test_phase8_direct_invocation.py::TestFastHooksIntegration::test_fast_hook_can_execute[uv-lock] PASSED [  5%]
tests/integration/test_phase8_direct_invocation.py::TestFastHooksIntegration::test_fast_hook_can_execute[codespell] PASSED [  5%]
tests/integration/test_phase8_direct_invocation.py::TestFastHooksIntegration::test_fast_hook_can_execute[ruff-check] PASSED [  5%]
tests/integration/test_phase8_direct_invocation.py::TestFastHooksIntegration::test_fast_hook_can_execute[ruff-format] PASSED [  5%]
tests/integration/test_phase8_direct_invocation.py::TestFastHooksIntegration::test_all_fast_hooks_have_direct_mode PASSED [  5%]
tests/integration/test_phase8_direct_invocation.py::TestFastHooksIntegration::test_fast_hooks_count PASSED [  5%]
tests/integration/test_phase8_direct_invocation.py::TestComprehensiveHooksIntegration::test_comprehensive_hook_can_execute[zuban] PASSED [  5%]
tests/integration/test_phase8_direct_invocation.py::TestComprehensiveHooksIntegration::test_comprehensive_hook_can_execute[gitleaks] PASSED [  5%]
tests/integration/test_phase8_direct_invocation.py::TestComprehensiveHooksIntegration::test_comprehensive_hook_can_execute[skylos] PASSED [  5%]
tests/integration/test_phase8_direct_invocation.py::TestComprehensiveHooksIntegration::test_comprehensive_hook_can_execute[refurb] PASSED [  5%]
tests/integration/test_phase8_direct_invocation.py::TestComprehensiveHooksIntegration::test_comprehensive_hook_can_execute[creosote] PASSED [  5%]
tests/integration/test_phase8_direct_invocation.py::TestComprehensiveHooksIntegration::test_comprehensive_hook_can_execute[complexipy] PASSED [  5%]
tests/integration/test_phase8_direct_invocation.py::TestComprehensiveHooksIntegration::test_all_comprehensive_hooks_have_direct_mode PASSED [  5%]
tests/integration/test_phase8_direct_invocation.py::TestComprehensiveHooksIntegration::test_comprehensive_hooks_count PASSED [  5%]
tests/integration/test_phase8_direct_invocation.py::TestHookExecutionPerformance::test_command_generation_is_fast PASSED [  6%]
tests/integration/test_phase8_direct_invocation.py::TestHookExecutionPerformance::test_direct_invocation_has_minimal_overhead PASSED [  6%]
tests/integration/test_phase8_direct_invocation.py::TestHookFailureHandling::test_hook_failure_returns_nonzero_exit_code PASSED [  6%]
tests/integration/test_phase8_direct_invocation.py::TestHookFailureHandling::test_hook_timeout_can_be_enforced PASSED [  6%]
tests/integration/test_phase8_direct_invocation.py::TestHookFailureHandling::test_invalid_tool_gracefully_falls_back PASSED [  6%]
tests/integration/test_phase8_direct_invocation.py::TestEndToEndWorkflow::test_can_execute_formatting_hook_chain PASSED [  6%]
tests/integration/test_phase8_direct_invocation.py::TestEndToEndWorkflow::test_native_tools_dont_require_pre_commit PASSED [  6%]
tests/integration/test_phase8_direct_invocation.py::TestToolRegistryIntegration::test_all_registered_tools_have_valid_commands PASSED [  6%]
tests/integration/test_phase8_direct_invocation.py::TestToolRegistryIntegration::test_registry_commands_match_hook_commands PASSED [  6%]
tests/integration/test_phase8_direct_invocation.py::TestDirectInvocationBenefits::test_direct_mode_reduces_subprocess_overhead PASSED [  6%]
tests/integration/test_phase8_direct_invocation.py::TestDirectInvocationBenefits::test_direct_mode_uses_uv_dependency_isolation PASSED [  6%]
tests/integration/test_phase8_direct_invocation.py::TestDirectInvocationBenefits::test_native_tools_have_no_external_dependencies PASSED [  6%]
tests/managers/test_test_executor_regex.py::TestCollectionRegexPatterns::test_collection_completion_pattern_basic PASSED [  6%]
tests/managers/test_test_executor_regex.py::TestCollectionRegexPatterns::test_collection_completion_pattern_with_timing PASSED [  6%]
tests/managers/test_test_executor_regex.py::TestCollectionRegexPatterns::test_collection_completion_pattern_alternative_formats PASSED [  6%]
tests/managers/test_test_executor_regex.py::TestCollectionRegexPatterns::test_collection_completion_pattern_plural_singular PASSED [  6%]
tests/managers/test_test_executor_regex.py::TestCollectionRegexPatterns::test_collection_completion_pattern_no_false_positives PASSED [  6%]
tests/managers/test_test_executor_regex.py::TestCollectionRegexPatterns::test_collection_completion_pattern_edge_cases PASSED [  6%]
tests/managers/test_test_executor_regex.py::TestCollectionRegexPatterns::test_broken_pattern_does_not_match PASSED [  6%]
tests/managers/test_test_executor_regex.py::TestCollectionIntegration::test_parse_real_pytest_collection_output PASSED [  6%]
tests/managers/test_test_executor_regex.py::TestCollectionIntegration::test_collection_progress_updates PASSED [  6%]
tests/managers/test_test_executor_regex.py::TestRegexSafety::test_pattern_does_not_cause_catastrophic_backtracking PASSED [  6%]
tests/managers/test_test_executor_regex.py::TestRegexSafety::test_pattern_handles_malformed_input_safely PASSED [  6%]
tests/managers/test_test_executor_regex.py::test_collection_pattern_parametrized[collected 1 item-1] PASSED [  6%]
tests/managers/test_test_executor_regex.py::test_collection_pattern_parametrized[collected 10 items-10] PASSED [  6%]
tests/managers/test_test_executor_regex.py::test_collection_pattern_parametrized[collected 100 tests-100] PASSED [  6%]
tests/managers/test_test_executor_regex.py::test_collection_pattern_parametrized[collected 1000 items in 5s-1000] PASSED [  6%]
tests/managers/test_test_executor_regex.py::test_collection_pattern_parametrized[=== 5000 tests collected ===-5000] PASSED [  6%]
tests/services/test_config_integrity.py::TestConfigIntegrityService::test_check_config_integrity_no_drift PASSED [  6%]
tests/services/test_config_integrity.py::TestConfigIntegrityService::test_check_config_integrity_drift_detected PASSED [  6%]
tests/services/test_config_integrity.py::TestConfigIntegrityService::test_check_config_integrity_missing_sections PASSED [  6%]
tests/services/test_config_integrity.py::TestConfigIntegrityService::test_check_file_drift_no_drift PASSED [  6%]
tests/services/test_config_integrity.py::TestConfigIntegrityService::test_check_file_drift_with_drift PASSED [  6%]
tests/services/test_config_integrity.py::TestConfigIntegrityService::test_check_file_drift_os_error PASSED [  6%]
tests/services/test_config_integrity.py::TestConfigIntegrityService::test_has_required_config_sections_success PASSED [  6%]
tests/services/test_config_integrity.py::TestConfigIntegrityService::test_has_required_config_sections_missing_file PASSED [  6%]
tests/services/test_config_integrity.py::TestConfigIntegrityService::test_has_required_config_sections_missing_section PASSED [  6%]
tests/services/test_config_integrity.py::TestConfigIntegrityService::test_has_required_config_sections_parsing_error PASSED [  7%]
tests/services/test_file_filter.py::TestSmartFileFilterInit::test_init_with_explicit_root PASSED [  7%]
tests/services/test_file_filter.py::TestSmartFileFilterInit::test_init_defaults_to_cwd PASSED [  7%]
tests/services/test_file_filter.py::TestGetChangedFiles::test_get_changed_files_since_head PASSED [  7%]
tests/services/test_file_filter.py::TestGetChangedFiles::test_get_changed_files_handles_git_error PASSED [  7%]
tests/services/test_file_filter.py::TestGetStagedFiles::test_get_staged_files PASSED [  7%]
tests/services/test_file_filter.py::TestGetUnstagedFiles::test_get_unstaged_files PASSED [  7%]
tests/services/test_file_filter.py::TestFilterByPattern::test_filter_by_pattern_simple PASSED [  7%]
tests/services/test_file_filter.py::TestFilterByPattern::test_filter_by_pattern_wildcard PASSED [  7%]
tests/services/test_file_filter.py::TestFilterByPattern::test_filter_by_pattern_complex PASSED [  7%]
tests/services/test_file_filter.py::TestFilterByTool::test_filter_by_tool_python PASSED [  7%]
tests/services/test_file_filter.py::TestFilterByTool::test_filter_by_tool_markdown PASSED [  7%]
tests/services/test_file_filter.py::TestFilterByTool::test_filter_by_tool_yaml PASSED [  7%]
tests/services/test_file_filter.py::TestFilterByTool::test_filter_by_tool_all_files PASSED [  7%]
tests/services/test_file_filter.py::TestFilterByTool::test_filter_by_tool_unknown_tool PASSED [  7%]
tests/services/test_file_filter.py::TestFilterByTool::test_filter_by_tool_removes_duplicates PASSED [  7%]
tests/services/test_file_filter.py::TestGetAllModifiedFiles::test_get_all_modified_combines_staged_and_unstaged PASSED [  7%]
tests/services/test_file_filter.py::TestGetAllModifiedFiles::test_get_all_modified_removes_duplicates PASSED [  7%]
tests/services/test_file_filter.py::TestFilterByExtensions::test_filter_by_extensions_with_dot PASSED [  7%]
tests/services/test_file_filter.py::TestFilterByExtensions::test_filter_by_extensions_without_dot PASSED [  7%]
tests/services/test_file_filter.py::TestConvenienceMethods::test_get_python_files PASSED [  7%]
tests/services/test_file_filter.py::TestConvenienceMethods::test_get_markdown_files PASSED [  7%]
tests/services/test_regex_patterns.py::TestCompiledPatternCache::test_get_compiled_pattern PASSED [  7%]
tests/services/test_regex_patterns.py::TestCompiledPatternCache::test_get_compiled_pattern_with_flags PASSED [  7%]
tests/services/test_regex_patterns.py::TestCompiledPatternCache::test_get_compiled_pattern_invalid_pattern PASSED [  7%]
tests/services/test_regex_patterns.py::TestCompiledPatternCache::test_clear_cache PASSED [  7%]
tests/services/test_regex_patterns.py::TestCompiledPatternCache::test_get_cache_stats PASSED [  7%]
tests/services/test_regex_patterns.py::TestValidatedPattern::test_basic_pattern_application PASSED [  7%]
tests/services/test_regex_patterns.py::TestValidatedPattern::test_pattern_with_global_replace PASSED [  7%]
tests/services/test_regex_patterns.py::TestValidatedPattern::test_pattern_with_flags PASSED [  7%]
tests/services/test_regex_patterns.py::TestValidatedPattern::test_apply_iteratively PASSED [  7%]
tests/services/test_regex_patterns.py::TestValidatedPattern::test_apply_iteratively_max_iterations PASSED [  7%]
tests/services/test_regex_patterns.py::TestValidatedPattern::test_search_method PASSED [  7%]
tests/services/test_regex_patterns.py::TestValidatedPattern::test_findall_method PASSED [  7%]
tests/services/test_regex_patterns.py::TestValidatedPattern::test_test_method PASSED [  7%]
tests/services/test_regex_patterns.py::TestValidatedPattern::test_large_input_size PASSED [  7%]
tests/services/test_regex_patterns.py::TestValidatedPattern::test_invalid_regex_in_constructor PASSED [  7%]
tests/services/test_regex_patterns.py::TestValidatedPattern::test_bad_replacement_syntax PASSED [  8%]
tests/services/test_regex_patterns.py::TestSafePatterns::test_all_patterns_valid PASSED [  8%]
tests/services/test_regex_patterns.py::TestSafePatterns::test_find_pattern_for_text PASSED [  8%]
tests/services/test_regex_patterns.py::TestSafePatterns::test_apply_safe_replacement PASSED [  8%]
tests/services/test_regex_patterns.py::TestSafePatterns::test_apply_safe_replacement_unknown_pattern PASSED [  8%]
tests/services/test_regex_patterns.py::TestSafePatterns::test_get_pattern_description PASSED [  8%]
tests/services/test_regex_patterns.py::TestSafePatterns::test_fix_multi_word_hyphenation PASSED [  8%]
tests/services/test_regex_patterns.py::TestSafePatterns::test_update_pyproject_version PASSED [  8%]
tests/services/test_regex_patterns.py::TestSafePatterns::test_apply_formatting_fixes PASSED [  8%]
tests/services/test_regex_patterns.py::TestSafePatterns::test_apply_security_fixes PASSED [  8%]
tests/services/test_regex_patterns.py::TestSafePatterns::test_apply_test_fixes PASSED [  8%]
tests/services/test_regex_patterns.py::TestSafePatterns::test_is_valid_job_id PASSED [  8%]
tests/services/test_regex_patterns.py::TestSafePatterns::test_remove_coverage_fail_under PASSED [  8%]
tests/services/test_regex_patterns.py::TestSafePatterns::test_update_coverage_requirement PASSED [  8%]
tests/services/test_regex_patterns.py::TestSafePatterns::test_sanitize_internal_urls PASSED [  8%]
tests/services/test_regex_patterns.py::TestSafePatterns::test_apply_pattern_iteratively PASSED [  8%]
tests/services/test_regex_patterns.py::TestSafePatterns::test_apply_pattern_iteratively_unknown_pattern PASSED [  8%]
tests/services/test_regex_patterns.py::TestSafePatterns::test_get_all_pattern_stats PASSED [  8%]
tests/services/test_regex_patterns.py::TestSafePatterns::test_clear_all_caches PASSED [  8%]
tests/services/test_regex_patterns.py::TestSafePatterns::test_get_cache_info PASSED [  8%]
tests/services/test_regex_patterns.py::TestSafePatterns::test_validate_path_security PASSED [  8%]
tests/test___main__.py::test_main_basic PASSED                           [  8%]
tests/test___main__.py::test_cli_basic SKIPPED (Function requires sp...) [  8%]
tests/test___main__.py::test_read_file_basic SKIPPED (Function requi...) [  8%]
tests/test___main__.py::test_write_file_basic SKIPPED (Function requ...) [  8%]
tests/test___main__.py::test_exists_basic SKIPPED (Function requires...) [  8%]
tests/test___main__.py::test_mkdir_basic SKIPPED (Function requires ...) [  8%]
tests/test___main__.py::test_ensure_directory_basic SKIPPED (Functio...) [  8%]
tests/test___main__.py::test_get_basic SKIPPED (Function requires sp...) [  8%]
tests/test___main__.py::test_set_basic SKIPPED (Function requires sp...) [  8%]
tests/test___main__.py::test_save_basic SKIPPED (Function requires s...) [  8%]
tests/test___main__.py::test_load_basic SKIPPED (Function requires s...) [  8%]
tests/test___main__.py::test_debug_basic PASSED                          [  8%]
tests/test___main__.py::test_info_basic SKIPPED (Symbol not exported...) [  8%]
tests/test___main__.py::test_warning_basic SKIPPED (Symbol not expor...) [  8%]
tests/test___main__.py::test_error_basic SKIPPED (Symbol not exporte...) [  8%]
tests/test_actual_semgrep.py::test_actual_semgrep_output PASSED          [  8%]
tests/test_actual_semgrep.py::test_semgrep_with_issues PASSED            [  8%]
tests/test_ai_optimized_documentation.py::TestAIOptimizedDocumentation::test_dual_output_generation PASSED [  9%]
tests/test_ai_optimized_documentation.py::TestAIOptimizedDocumentation::test_agent_capabilities_json_generation PASSED [  9%]
tests/test_ai_optimized_documentation.py::TestAIOptimizedDocumentation::test_error_patterns_yaml_generation PASSED [  9%]
tests/test_ai_optimized_documentation.py::TestAIOptimizedDocumentation::test_mkdocs_integration PASSED [  9%]
tests/test_ai_optimized_documentation.py::TestAIOptimizedDocumentation::test_documentation_validation_system PASSED [  9%]
tests/test_ai_optimized_documentation.py::TestAIOptimizedDocumentation::test_automated_reference_generation PASSED [  9%]
tests/test_ai_optimized_documentation.py::TestAIOptimizedDocumentation::test_documentation_deployment PASSED [  9%]
tests/test_ai_templates.py::test_get_variable_basic SKIPPED (Symbol ...) [  9%]
tests/test_ai_templates.py::test_set_variable_basic SKIPPED (Symbol ...) [  9%]
tests/test_ai_templates.py::test_get_section_basic SKIPPED (Symbol n...) [  9%]
tests/test_ai_templates.py::test_set_section_basic SKIPPED (Symbol n...) [  9%]
tests/test_ai_templates.py::test_extract_placeholders_basic SKIPPED      [  9%]
tests/test_ai_templates.py::test_render_template_basic SKIPPED (Symb...) [  9%]
tests/test_ai_templates.py::test_register_template_basic SKIPPED (Sy...) [  9%]
tests/test_ai_templates.py::test_create_ai_reference_template_basic SKIPPED [  9%]
tests/test_ai_templates.py::test_create_user_guide_template_basic SKIPPED [  9%]
tests/test_ai_templates.py::test_replace_section_basic SKIPPED (Symb...) [  9%]
tests/test_ai_templates.py::test_enhance_command_block_basic SKIPPED     [  9%]
tests/test_ai_templates.py::test_enhance_step_basic SKIPPED (Symbol ...) [  9%]
tests/test_anomaly_detector_service.py::TestAnomalyDetector::test_init PASSED [  9%]
tests/test_anomaly_detector_service.py::TestAnomalyDetector::test_init_custom_parameters PASSED [  9%]
tests/test_anomaly_detector_service.py::TestAnomalyDetector::test_add_metric_creates_history PASSED [  9%]
tests/test_anomaly_detector_service.py::TestAnomalyDetector::test_add_metric_with_timestamp PASSED [  9%]
tests/test_anomaly_detector_service.py::TestAnomalyDetector::test_add_metric_with_metadata PASSED [  9%]
tests/test_anomaly_detector_service.py::TestAnomalyDetector::test_update_baseline_creates_model PASSED [  9%]
tests/test_anomaly_detector_service.py::TestAnomalyDetector::test_detect_normal_values_no_anomalies PASSED [  9%]
tests/test_anomaly_detector_service.py::TestAnomalyDetector::test_detect_anomaly_creates_detection PASSED [  9%]
tests/test_anomaly_detector_service.py::TestAnomalyDetector::test_get_anomalies_returns_filtered_results PASSED [  9%]
tests/test_anomaly_detector_service.py::TestAnomalyDetector::test_get_baseline_summary_returns_summary PASSED [  9%]
tests/test_anomaly_detector_service.py::TestAnomalyDetector::test_export_model_creates_file PASSED [  9%]
tests/test_anomaly_detector_service.py::TestAnomalyDetector::test_detect_seasonal_patterns_identifies_patterns PASSED [  9%]
tests/test_anomaly_detector_service.py::TestAnomalyDetector::test_calculate_severity_handles_edge_cases PASSED [  9%]
tests/test_anomaly_detector_service.py::TestAnomalyDetector::test_threshold_breach_detection_works PASSED [  9%]
tests/test_anomaly_detector_service.py::TestAnomalyDetector::test_anomaly_description_generation PASSED [  9%]
tests/test_anomaly_detector_service.py::TestAnomalyDetector::test_get_anomalies_sorts_by_timestamp PASSED [  9%]
tests/test_anomaly_detector_service.py::TestAnomalyDetector::test_get_anomalies_respects_limit PASSED [  9%]
tests/test_api.py::test_run_quality_checks_basic SKIPPED (run_qualit...) [  9%]
tests/test_api.py::test_clean_code_basic SKIPPED (clean_code require...) [ 10%]
tests/test_api.py::test_run_tests_basic SKIPPED (run_tests requires ...) [ 10%]
tests/test_api.py::test_publish_package_basic SKIPPED (publish_packa...) [ 10%]
tests/test_api.py::test_code_cleaner_basic SKIPPED (code_cleaner req...) [ 10%]
tests/test_api.py::test_interactive_cli_basic SKIPPED (interactive_c...) [ 10%]
tests/test_api.py::test_run_interactive_workflow_basic SKIPPED (run_...) [ 10%]
tests/test_api.py::test_create_workflow_options_basic SKIPPED (creat...) [ 10%]
tests/test_api.py::test_get_project_info_basic SKIPPED (get_project_...) [ 10%]
tests/test_api_comprehensive.py::TestCrackerjackAPI::test_init SKIPPED   [ 10%]
tests/test_api_comprehensive.py::TestCrackerjackAPI::test_code_cleaner_property SKIPPED [ 10%]
tests/test_api_comprehensive.py::TestCrackerjackAPI::test_interactive_cli_property SKIPPED [ 10%]
tests/test_api_comprehensive.py::TestCrackerjackAPI::test_run_quality_checks_success SKIPPED [ 10%]
tests/test_api_comprehensive.py::TestCrackerjackAPI::test_run_quality_checks_failure SKIPPED [ 10%]
tests/test_api_comprehensive.py::TestCrackerjackAPI::test_run_quality_checks_exception SKIPPED [ 10%]
tests/test_api_comprehensive.py::TestCrackerjackAPI::test_clean_code_safe_mode SKIPPED [ 10%]
tests/test_api_comprehensive.py::TestCrackerjackAPI::test_clean_code_legacy_mode SKIPPED [ 10%]
tests/test_api_comprehensive.py::TestCrackerjackAPI::test_clean_code_with_target_dir SKIPPED [ 10%]
tests/test_api_comprehensive.py::TestCrackerjackAPI::test_get_project_info_with_pyproject SKIPPED [ 10%]
tests/test_api_comprehensive.py::TestCrackerjackAPI::test_get_project_info_without_project_files SKIPPED [ 10%]
tests/test_api_comprehensive.py::TestCrackerjackAPI::test_run_tests_success SKIPPED [ 10%]
tests/test_api_comprehensive.py::TestCrackerjackAPI::test_run_tests_failure SKIPPED [ 10%]
tests/test_api_comprehensive.py::TestCrackerjackAPI::test_publish_package_success SKIPPED [ 10%]
tests/test_api_comprehensive.py::TestCrackerjackAPI::test_publish_package_dry_run SKIPPED [ 10%]
tests/test_api_comprehensive.py::TestCrackerjackAPI::test_create_workflow_options SKIPPED [ 10%]
tests/test_api_comprehensive.py::TestCrackerjackAPI::test_extract_current_version_from_pyproject SKIPPED [ 10%]
tests/test_api_comprehensive.py::TestCrackerjackAPI::test_extract_current_version_from_importlib SKIPPED [ 10%]
tests/test_api_comprehensive.py::TestCrackerjackAPI::test_extract_current_version_unknown SKIPPED [ 10%]
tests/test_api_comprehensive.py::TestStandaloneAPIFunctions::test_run_quality_checks_function PASSED [ 10%]
tests/test_api_comprehensive.py::TestStandaloneAPIFunctions::test_clean_code_function PASSED [ 10%]
tests/test_api_comprehensive.py::TestStandaloneAPIFunctions::test_run_tests_function PASSED [ 10%]
tests/test_api_comprehensive.py::TestStandaloneAPIFunctions::test_publish_package_function PASSED [ 10%]
tests/test_async_hook_executor.py::TestAsyncHookExecutor::test_execute_strategy_success SKIPPED [ 10%]
tests/test_async_hook_executor.py::TestAsyncHookExecutor::test_execute_strategy_failure SKIPPED [ 10%]
tests/test_async_hook_executor.py::TestAsyncHookExecutor::test_execute_sequential_strategy SKIPPED [ 10%]
tests/test_async_hook_executor.py::TestAsyncHookExecutor::test_execute_single_hook_success SKIPPED [ 10%]
tests/test_async_hook_executor.py::TestAsyncHookExecutor::test_execute_single_hook_timeout SKIPPED [ 10%]
tests/test_async_hook_executor.py::TestAsyncHookExecutor::test_execute_single_hook_exception SKIPPED [ 10%]
tests/test_async_hook_executor.py::TestAsyncHookExecutor::test_parallel_execution_with_formatting_hooks SKIPPED [ 11%]
tests/test_async_hook_executor.py::TestAsyncHookExecutor::test_retry_formatting_hooks SKIPPED [ 11%]
tests/test_async_hook_executor.py::TestAsyncHookExecutor::test_performance_metrics SKIPPED [ 11%]
tests/test_async_hook_executor.py::TestAsyncHookExecutionResult::test_result_properties PASSED [ 11%]
tests/test_async_hook_executor.py::test_semaphore_concurrency_limiting SKIPPED [ 11%]
tests/test_async_hook_executor_comprehensive.py::TestAsyncHookExecutor::test_init SKIPPED [ 11%]
tests/test_async_hook_executor_comprehensive.py::TestAsyncHookExecutor::test_execute_strategy_sequential SKIPPED [ 11%]
tests/test_async_hook_executor_comprehensive.py::TestAsyncHookExecutor::test_execute_strategy_parallel SKIPPED [ 11%]
tests/test_async_hook_executor_comprehensive.py::TestAsyncHookExecutor::test_get_lock_statistics SKIPPED [ 11%]
tests/test_async_hook_executor_comprehensive.py::TestAsyncHookExecutor::test_get_comprehensive_status SKIPPED [ 11%]
tests/test_async_hook_executor_comprehensive.py::TestAsyncHookExecutor::test_execute_sequential SKIPPED [ 11%]
tests/test_async_hook_executor_comprehensive.py::TestAsyncHookExecutor::test_execute_parallel SKIPPED [ 11%]
tests/test_async_hook_executor_comprehensive.py::TestAsyncHookExecutor::test_execute_single_hook_success SKIPPED [ 11%]
tests/test_async_hook_executor_comprehensive.py::TestAsyncHookExecutor::test_execute_single_hook_with_retry SKIPPED [ 11%]
tests/test_async_hook_executor_comprehensive.py::TestAsyncHookExecutor::test_run_hook_subprocess_success SKIPPED [ 11%]
tests/test_async_hook_executor_comprehensive.py::TestAsyncHookExecutor::test_run_hook_subprocess_failure SKIPPED [ 11%]
tests/test_async_hook_executor_comprehensive.py::TestAsyncHookExecutor::test_parse_hook_output SKIPPED [ 11%]
tests/test_async_hook_executor_comprehensive.py::TestAsyncHookExecutor::test_display_hook_result_success SKIPPED [ 11%]
tests/test_async_hook_executor_comprehensive.py::TestAsyncHookExecutor::test_display_hook_result_failure SKIPPED [ 11%]
tests/test_async_hook_executor_parsing.py::test_parse_hook_output_check_added_large_files_with_large_files PASSED [ 11%]
tests/test_async_hook_executor_parsing.py::test_parse_hook_output_check_added_large_files_no_large_files PASSED [ 11%]
tests/test_async_hook_executor_parsing.py::test_parse_hook_output_check_added_large_files_with_nonzero_exit PASSED [ 11%]
tests/test_async_hook_executor_parsing.py::test_parse_hook_output_check_added_large_files_different_patterns PASSED [ 11%]
tests/test_async_hook_executor_parsing.py::test_parse_hook_output_other_hooks_unchanged PASSED [ 11%]
tests/test_async_hook_executor_parsing.py::test_parse_hook_output_check_added_large_files_exact_output PASSED [ 11%]
tests/test_async_hook_executor_process_tracking.py::test_async_hook_executor_initialization PASSED [ 11%]
tests/test_async_hook_executor_process_tracking.py::test_async_hook_executor_process_tracking PASSED [ 11%]
tests/test_async_hook_executor_process_tracking.py::test_async_hook_executor_cleanup PASSED [ 11%]
tests/test_async_semgrep.py::test_async_semgrep_parsing PASSED           [ 11%]
tests/test_async_workflow_orchestrator.py::test_run_complete_workflow_async_basic SKIPPED [ 11%]
tests/test_async_workflow_orchestrator.py::test_run_cleaning_phase_basic SKIPPED [ 11%]
tests/test_async_workflow_orchestrator.py::test_run_fast_hooks_only_basic SKIPPED [ 11%]
tests/test_async_workflow_orchestrator.py::test_run_comprehensive_hooks_only_basic SKIPPED [ 11%]
tests/test_async_workflow_orchestrator.py::test_run_hooks_phase_basic SKIPPED [ 11%]
tests/test_async_workflow_orchestrator.py::test_run_testing_phase_basic SKIPPED [ 11%]
tests/test_async_workflow_orchestrator.py::test_run_publishing_phase_basic SKIPPED [ 11%]
tests/test_async_workflow_orchestrator.py::test_run_commit_phase_basic SKIPPED [ 11%]
tests/test_async_workflow_orchestrator.py::test_run_configuration_phase_basic SKIPPED [ 11%]
tests/test_changelog_generation.py::TestChangelogGeneration::test_conventional_commit_parsing PASSED [ 12%]
tests/test_changelog_generation.py::TestChangelogGeneration::test_changelog_entry_generation PASSED [ 12%]
tests/test_changelog_generation.py::TestChangelogGeneration::test_changelog_file_integration PASSED [ 12%]
tests/test_changelog_generation.py::TestChangelogGeneration::test_empty_commit_handling PASSED [ 12%]
tests/test_changelog_generation.py::TestChangelogGeneration::test_changelog_formatting_consistency PASSED [ 12%]
tests/test_changelog_generation.py::TestChangelogPublishIntegration::test_publish_manager_changelog_integration PASSED [ 12%]
tests/test_changelog_generation.py::TestChangelogPublishIntegration::test_changelog_failure_handling PASSED [ 12%]
tests/test_changelog_generation.py::TestChangelogPublishIntegration::test_dry_run_changelog_preview PASSED [ 12%]
tests/test_check_ast.py::test_validate_ast_file_valid_syntax PASSED      [ 12%]
tests/test_check_ast.py::test_validate_ast_file_invalid_syntax PASSED    [ 12%]
tests/test_check_ast.py::test_main_with_valid_file PASSED                [ 12%]
tests/test_check_ast.py::test_main_with_invalid_file PASSED              [ 12%]
tests/test_check_ast.py::test_main_with_multiple_files PASSED            [ 12%]
tests/test_check_ast.py::test_main_with_nonexistent_file PASSED          [ 12%]
tests/test_cli/test_global_lock_options.py::TestGlobalLockCLIOptions::test_global_lock_cli_options_exist PASSED [ 12%]
tests/test_cli/test_global_lock_options.py::TestGlobalLockCLIOptions::test_disable_global_locks_option_definition PASSED [ 12%]
tests/test_cli/test_global_lock_options.py::TestGlobalLockCLIOptions::test_global_lock_timeout_option_definition PASSED [ 12%]
tests/test_cli/test_global_lock_options.py::TestGlobalLockCLIOptions::test_global_lock_cleanup_option_definition PASSED [ 12%]
tests/test_cli/test_global_lock_options.py::TestGlobalLockCLIOptions::test_global_lock_dir_option_definition PASSED [ 12%]
tests/test_cli/test_global_lock_options.py::TestOptionsObjectCreation::test_options_default_values PASSED [ 12%]
tests/test_cli/test_global_lock_options.py::TestOptionsObjectCreation::test_options_with_custom_values PASSED [ 12%]
tests/test_cli/test_global_lock_options.py::TestOptionsObjectCreation::test_create_options_function_with_global_locks PASSED [ 12%]
tests/test_cli/test_global_lock_options.py::TestOptionsObjectCreation::test_create_options_function_with_defaults PASSED [ 12%]
tests/test_cli/test_global_lock_options.py::TestConfigurationFlow::test_cli_to_global_lock_config_flow PASSED [ 12%]
tests/test_cli/test_global_lock_options.py::TestConfigurationFlow::test_cli_to_lock_manager_configuration_flow PASSED [ 12%]
tests/test_cli/test_global_lock_options.py::TestConfigurationFlow::test_disabled_global_locks_configuration_flow PASSED [ 12%]
tests/test_cli/test_global_lock_options.py::TestConfigurationFlow::test_custom_timeout_configuration_flow PASSED [ 12%]
tests/test_cli/test_global_lock_options.py::TestConfigurationFlow::test_custom_directory_configuration_flow PASSED [ 12%]
tests/test_cli/test_global_lock_options.py::TestCLIArgumentValidation::test_global_lock_timeout_validation PASSED [ 12%]
tests/test_cli/test_global_lock_options.py::TestCLIArgumentValidation::test_global_lock_timeout_edge_cases PASSED [ 12%]
tests/test_cli/test_global_lock_options.py::TestCLIArgumentValidation::test_global_lock_directory_validation PASSED [ 12%]
tests/test_cli/test_global_lock_options.py::TestCLIArgumentValidation::test_boolean_option_validation PASSED [ 12%]
tests/test_cli/test_global_lock_options.py::TestCLIArgumentValidation::test_none_values_handling PASSED [ 12%]
tests/test_cli/test_global_lock_options.py::TestCLIIntegrationScenarios::test_default_cli_scenario PASSED [ 12%]
tests/test_cli/test_global_lock_options.py::TestCLIIntegrationScenarios::test_performance_focused_cli_scenario PASSED [ 12%]
tests/test_cli/test_global_lock_options.py::TestCLIIntegrationScenarios::test_safety_focused_cli_scenario PASSED [ 12%]
tests/test_cli/test_global_lock_options.py::TestCLIIntegrationScenarios::test_development_cli_scenario PASSED [ 12%]
tests/test_cli/test_global_lock_options.py::TestCLIIntegrationScenarios::test_ci_cd_cli_scenario PASSED [ 13%]
tests/test_cli/test_global_lock_options.py::TestCLIOptionCompletion::test_options_model_has_all_cli_fields PASSED [ 13%]
tests/test_cli/test_global_lock_options.py::TestCLIOptionCompletion::test_cli_options_dict_completeness PASSED [ 13%]
tests/test_cli/test_global_lock_options.py::TestCLIOptionCompletion::test_create_options_function_signature PASSED [ 13%]
tests/test_cli/test_global_lock_options.py::TestCLIOptionCompletion::test_options_model_protocol_compliance PASSED [ 13%]
tests/test_cli/test_global_lock_options.py::TestCLIErrorHandling::test_invalid_timeout_handling PASSED [ 13%]
tests/test_cli/test_global_lock_options.py::TestCLIErrorHandling::test_invalid_directory_path_handling PASSED [ 13%]
tests/test_cli/test_global_lock_options.py::TestCLIErrorHandling::test_none_and_empty_value_handling PASSED [ 13%]
tests/test_cli/test_global_lock_options.py::TestCLIErrorHandling::test_type_consistency PASSED [ 13%]
tests/test_cli/test_global_lock_options.py::TestCLIMockingSupport::test_options_object_mocking PASSED [ 13%]
tests/test_cli/test_global_lock_options.py::TestCLIMockingSupport::test_partial_options_mocking PASSED [ 13%]
tests/test_cli/test_global_lock_options.py::TestCLIMockingSupport::test_cli_options_testability PASSED [ 13%]
tests/test_cli_semantic_naming.py::TestCLISemanticNaming::test_semantic_field_mapping PASSED [ 13%]
tests/test_cli_semantic_naming.py::TestCLISemanticNaming::test_semantic_field_defaults PASSED [ 13%]
tests/test_cli_semantic_naming.py::TestCLISemanticNaming::test_legacy_flag_deprecation_warnings PASSED [ 13%]
tests/test_cli_semantic_naming.py::TestCLISemanticNaming::test_semantic_command_parsing[semantic_command0-expected_options0] PASSED [ 13%]
tests/test_cli_semantic_naming.py::TestCLISemanticNaming::test_semantic_command_parsing[semantic_command1-expected_options1] PASSED [ 13%]
tests/test_cli_semantic_naming.py::TestCLISemanticNaming::test_semantic_command_parsing[semantic_command2-expected_options2] PASSED [ 13%]
tests/test_cli_semantic_naming.py::TestCLISemanticNaming::test_semantic_command_parsing[semantic_command3-expected_options3] PASSED [ 13%]
tests/test_cli_semantic_naming.py::TestCLISemanticNaming::test_help_text_semantic_clarity PASSED [ 13%]
tests/test_cli_semantic_naming.py::TestSemanticCLIWorkflowIntegration::test_semantic_options_workflow_compatibility PASSED [ 13%]
tests/test_cli_semantic_naming.py::TestSemanticCLIWorkflowIntegration::test_ai_fix_semantic_integration PASSED [ 13%]
tests/test_cli_semantic_naming.py::TestSemanticCLIWorkflowIntegration::test_command_construction_with_semantic_options PASSED [ 13%]
tests/test_code_cleaner_comprehensive.py::TestSafePatternApplicator::test_apply_docstring_patterns PASSED [ 13%]
tests/test_code_cleaner_comprehensive.py::TestSafePatternApplicator::test_apply_formatting_patterns PASSED [ 13%]
tests/test_code_cleaner_comprehensive.py::TestSafePatternApplicator::test_has_preserved_comment PASSED [ 13%]
tests/test_code_cleaner_comprehensive.py::TestSafePatternApplicator::test_inline_nosec_preservation PASSED [ 13%]
tests/test_code_cleaner_comprehensive.py::TestCodeCleaner::test_init PASSED [ 13%]
tests/test_code_cleaner_comprehensive.py::TestCodeCleaner::test_prepare_package_directory_with_valid_path PASSED [ 13%]
tests/test_code_cleaner_comprehensive.py::TestCodeCleaner::test_prepare_package_directory_with_none PASSED [ 13%]
tests/test_command_execution_service.py::TestCommandExecutionService::test_run_command_success PASSED [ 13%]
tests/test_command_execution_service.py::TestCommandExecutionService::test_run_command_with_string PASSED [ 13%]
tests/test_command_execution_service.py::TestCommandExecutionService::test_run_command_failure PASSED [ 13%]
tests/test_command_execution_service.py::TestCommandExecutionService::test_run_command_timeout PASSED [ 13%]
tests/test_command_execution_service.py::TestCommandExecutionService::test_run_command_sync_success PASSED [ 13%]
tests/test_command_execution_service.py::TestCommandExecutionService::test_run_command_sync_failure PASSED [ 13%]
tests/test_command_execution_service.py::TestCommandExecutionService::test_run_command_sync_timeout PASSED [ 13%]
tests/test_command_execution_service.py::TestCommandExecutionService::test_run_multiple_commands_sequential PASSED [ 14%]
tests/test_command_execution_service.py::TestCommandExecutionService::test_run_multiple_commands_parallel PASSED [ 14%]
tests/test_command_execution_service.py::TestCommandExecutionService::test_command_exists_true PASSED [ 14%]
tests/test_command_execution_service.py::TestCommandExecutionService::test_command_exists_false PASSED [ 14%]
tests/test_command_execution_service.py::TestCommandExecutionService::test_run_command_with_retries_success PASSED [ 14%]
tests/test_command_execution_service.py::TestCommandExecutionService::test_run_command_with_retries_failure PASSED [ 14%]
tests/test_command_execution_service.py::TestCommandExecutionService::test_run_command_in_directory PASSED [ 14%]
tests/test_command_execution_service.py::TestCommandExecutionService::test_run_command_with_environment PASSED [ 14%]
tests/test_config_service.py::TestConfigService::test_load_json_config PASSED [ 14%]
tests/test_config_service.py::TestConfigService::test_load_yaml_config PASSED [ 14%]
tests/test_config_service.py::TestConfigService::test_load_toml_config PASSED [ 14%]
tests/test_config_service.py::TestConfigService::test_validate_config_success PASSED [ 14%]
tests/test_config_service.py::TestConfigService::test_validate_config_failure PASSED [ 14%]
tests/test_config_service.py::TestConfigService::test_save_json_config PASSED [ 14%]
tests/test_config_service.py::TestConfigService::test_save_yaml_config PASSED [ 14%]
tests/test_config_service.py::TestConfigService::test_save_toml_config PASSED [ 14%]
tests/test_config_service.py::TestConfigService::test_save_config_with_format_override PASSED [ 14%]
tests/test_config_service.py::TestConfigService::test_merge_configs_simple PASSED [ 14%]
tests/test_config_service.py::TestConfigService::test_merge_configs_nested PASSED [ 14%]
tests/test_config_service.py::TestConfigService::test_unsupported_format PASSED [ 14%]
tests/test_config_service.py::TestConfigService::test_load_config_async PASSED [ 14%]
tests/test_container.py::test_create_container_basic PASSED              [ 14%]
tests/test_container.py::test_register_singleton_basic PASSED            [ 14%]
tests/test_container.py::test_register_transient_basic PASSED            [ 14%]
tests/test_container.py::test_get_raises_for_missing_service PASSED      [ 14%]
tests/test_container.py::test_create_default_container_basic PASSED      [ 14%]
tests/test_core_autofix_coordinator.py::TestAutofixCoordinator::test_coordinator_initialization PASSED [ 14%]
tests/test_core_autofix_coordinator.py::TestAutofixCoordinator::test_apply_autofix_for_hooks_fast_mode PASSED [ 14%]
tests/test_core_autofix_coordinator.py::TestAutofixCoordinator::test_apply_autofix_for_hooks_comprehensive_mode PASSED [ 14%]
tests/test_core_autofix_coordinator.py::TestAutofixCoordinator::test_apply_autofix_for_hooks_skip_when_should_skip PASSED [ 14%]
tests/test_core_autofix_coordinator.py::TestAutofixCoordinator::test_apply_autofix_for_hooks_unknown_mode PASSED [ 14%]
tests/test_core_autofix_coordinator.py::TestAutofixCoordinator::test_apply_autofix_for_hooks_exception_handling FAILED [ 14%]
tests/test_core_autofix_coordinator.py::TestAutofixCoordinator::test_public_interface_methods PASSED [ 14%]
tests/test_core_autofix_coordinator.py::TestAutofixCoordinator::test_execute_fast_fixes PASSED [ 14%]
tests/test_core_autofix_coordinator.py::TestAutofixCoordinator::test_execute_fast_fixes_no_fixes_applied PASSED [ 14%]
tests/test_core_autofix_coordinator.py::TestAutofixCoordinator::test_apply_comprehensive_stage_fixes PASSED [ 14%]
tests/test_core_autofix_coordinator.py::TestAutofixCoordinator::test_extract_failed_hooks PASSED [ 14%]
tests/test_core_autofix_coordinator.py::TestAutofixCoordinator::test_extract_failed_hooks_invalid_results PASSED [ 14%]
tests/test_core_autofix_coordinator.py::TestAutofixCoordinator::test_get_hook_specific_fixes PASSED [ 15%]
tests/test_core_autofix_coordinator.py::TestAutofixCoordinator::test_get_hook_specific_fixes_no_matches PASSED [ 15%]
tests/test_core_autofix_coordinator.py::TestAutofixCoordinator::test_run_fix_command_success PASSED [ 15%]
tests/test_core_autofix_coordinator.py::TestAutofixCoordinator::test_run_fix_command_invalid PASSED [ 15%]
tests/test_core_autofix_coordinator.py::TestAutofixCoordinator::test_run_fix_command_exception FAILED [ 15%]
tests/test_core_autofix_coordinator.py::TestAutofixCoordinator::test_handle_command_result_success PASSED [ 15%]
tests/test_core_autofix_coordinator.py::TestAutofixCoordinator::test_handle_command_result_successful_fix PASSED [ 15%]
tests/test_core_autofix_coordinator.py::TestAutofixCoordinator::test_handle_command_result_failure FAILED [ 15%]
tests/test_core_autofix_coordinator.py::TestAutofixCoordinator::test_is_successful_fix PASSED [ 15%]
tests/test_core_autofix_coordinator.py::TestAutofixCoordinator::test_check_tool_success_patterns PASSED [ 15%]
tests/test_core_autofix_coordinator.py::TestAutofixCoordinator::test_validate_fix_command PASSED [ 15%]
tests/test_core_autofix_coordinator.py::TestAutofixCoordinator::test_validate_hook_result PASSED [ 15%]
tests/test_core_autofix_coordinator.py::TestAutofixCoordinator::test_should_skip_autofix PASSED [ 15%]
tests/test_core_autofix_coordinator.py::TestAutofixCoordinatorIntegration::test_full_fast_workflow PASSED [ 15%]
tests/test_core_autofix_coordinator.py::TestAutofixCoordinatorIntegration::test_full_comprehensive_workflow PASSED [ 15%]
tests/test_core_autofix_coordinator.py::TestAutofixCoordinatorIntegration::test_error_recovery FAILED [ 15%]
tests/test_core_performance.py::TestFileCache::test_init PASSED          [ 15%]
tests/test_core_performance.py::TestFileCache::test_init_with_custom_ttl PASSED [ 15%]
tests/test_core_performance.py::TestFileCache::test_set_and_get PASSED   [ 15%]
tests/test_core_performance.py::TestFileCache::test_get_nonexistent_key PASSED [ 15%]
tests/test_core_performance.py::TestFileCache::test_ttl_expiration PASSED [ 15%]
tests/test_core_performance.py::TestFileCache::test_clear PASSED         [ 15%]
tests/test_core_performance.py::TestFileCache::test_overwrite_key PASSED [ 15%]
tests/test_core_performance.py::TestPerformanceMonitor::test_init PASSED [ 15%]
tests/test_core_performance.py::TestPerformanceMonitor::test_init_with_console PASSED [ 15%]
tests/test_core_performance.py::TestPerformanceMonitor::test_time_operation_decorator PASSED [ 15%]
tests/test_core_performance.py::TestPerformanceMonitor::test_time_operation_multiple_calls PASSED [ 15%]
tests/test_core_performance.py::TestPerformanceMonitor::test_time_operation_preserves_function_attributes PASSED [ 15%]
tests/test_core_performance.py::TestPerformanceMonitor::test_time_operation_with_exception PASSED [ 15%]
tests/test_core_performance.py::TestPerformanceMonitor::test_record_metric PASSED [ 15%]
tests/test_core_performance.py::TestPerformanceMonitor::test_get_stats_with_data PASSED [ 15%]
tests/test_core_performance.py::TestPerformanceMonitor::test_get_stats_empty PASSED [ 15%]
tests/test_core_performance.py::TestPerformanceMonitor::test_print_stats_without_console PASSED [ 15%]
tests/test_core_performance.py::TestPerformanceMonitor::test_print_stats_with_console PASSED [ 15%]
tests/test_core_performance.py::TestMemoizeWithTTL::test_memoize_basic_functionality PASSED [ 15%]
tests/test_core_performance.py::TestMemoizeWithTTL::test_memoize_ttl_expiration PASSED [ 15%]
tests/test_core_performance.py::TestMemoizeWithTTL::test_memoize_cache_clear PASSED [ 15%]
tests/test_core_performance.py::TestMemoizeWithTTL::test_memoize_cache_info PASSED [ 16%]
tests/test_core_performance.py::TestMemoizeWithTTL::test_memoize_with_kwargs PASSED [ 16%]
tests/test_core_performance.py::TestBatchFileOperations::test_batch_operations_basic PASSED [ 16%]
tests/test_core_performance.py::TestBatchFileOperations::test_batch_operations_with_exceptions PASSED [ 16%]
tests/test_core_performance.py::TestBatchFileOperations::test_batch_operations_empty_list PASSED [ 16%]
tests/test_core_performance.py::TestBatchFileOperations::test_batch_operations_large_batch_size PASSED [ 16%]
tests/test_core_performance.py::TestBatchFileOperations::test_batch_operations_single_item_batches PASSED [ 16%]
tests/test_decorators.py::TestRetryDecorator::test_retry_success_on_first_attempt PASSED [ 16%]
tests/test_decorators.py::TestRetryDecorator::test_retry_with_eventual_success PASSED [ 16%]
tests/test_decorators.py::TestRetryDecorator::test_retry_exhausts_attempts PASSED [ 16%]
tests/test_decorators.py::TestRetryDecorator::test_retry_specific_exceptions PASSED [ 16%]
tests/test_decorators.py::TestRetryDecorator::test_async_retry PASSED    [ 16%]
tests/test_decorators.py::TestTimeoutDecorator::test_async_timeout_success PASSED [ 16%]
tests/test_decorators.py::TestTimeoutDecorator::test_async_timeout_exceeded PASSED [ 16%]
tests/test_decorators.py::TestTimeoutDecorator::test_timeout_custom_message PASSED [ 16%]
tests/test_decorators.py::TestHandleErrors::test_handle_errors_with_fallback_value PASSED [ 16%]
tests/test_decorators.py::TestHandleErrors::test_handle_errors_with_fallback_callable PASSED [ 16%]
tests/test_decorators.py::TestHandleErrors::test_handle_errors_suppress PASSED [ 16%]
tests/test_decorators.py::TestHandleErrors::test_handle_errors_transform PASSED [ 16%]
tests/test_decorators.py::TestHandleErrors::test_async_handle_errors PASSED [ 16%]
tests/test_decorators.py::TestGracefulDegradation::test_graceful_degradation_with_error PASSED [ 16%]
tests/test_decorators.py::TestGracefulDegradation::test_graceful_degradation_success PASSED [ 16%]
tests/test_decorators.py::TestGracefulDegradation::test_async_graceful_degradation PASSED [ 16%]
tests/test_decorators.py::TestLogErrors::test_log_errors_reraises PASSED [ 16%]
tests/test_decorators.py::TestLogErrors::test_async_log_errors PASSED    [ 16%]
tests/test_decorators.py::TestValidateArgs::test_validate_args_success PASSED [ 16%]
tests/test_decorators.py::TestValidateArgs::test_validate_args_failure PASSED [ 16%]
tests/test_decorators.py::TestValidateArgs::test_validate_args_multiple_validators PASSED [ 16%]
tests/test_decorators.py::TestValidateArgs::test_validate_args_type_checking PASSED [ 16%]
tests/test_decorators.py::TestValidateArgs::test_async_validate_args PASSED [ 16%]
tests/test_decorators.py::TestDecoratorComposition::test_retry_with_timeout PASSED [ 16%]
tests/test_decorators.py::TestDecoratorComposition::test_validate_with_handle_errors PASSED [ 16%]
tests/test_decorators.py::TestDecoratorComposition::test_full_stack PASSED [ 16%]
tests/test_documentation_agent_simple.py::TestDocumentationAgentSimple::test_get_supported_types PASSED [ 16%]
tests/test_documentation_agent_simple.py::TestDocumentationAgentSimple::test_can_handle_documentation_issue PASSED [ 16%]
tests/test_documentation_agent_simple.py::TestDocumentationAgentSimple::test_cannot_handle_other_issue_types PASSED [ 16%]
tests/test_documentation_agent_simple.py::TestDocumentationAgentSimple::test_analyze_and_fix_with_nonexistent_file PASSED [ 16%]
tests/test_documentation_agent_simple.py::TestDocumentationAgentSimple::test_analyze_and_fix_general_update PASSED [ 17%]
tests/test_dual_output_generator.py::test_to_dict_basic PASSED           [ 17%]
tests/test_dual_output_generator.py::test_generate_documentation_short_circuit PASSED [ 17%]
tests/test_dynamic_config.py::TestDynamicConfigGenerator::test_should_include_hook_experimental_disabled PASSED [ 17%]
tests/test_dynamic_config.py::TestDynamicConfigGenerator::test_should_include_hook_experimental_selective PASSED [ 17%]
tests/test_dynamic_config.py::TestDynamicConfigGenerator::test_should_include_hook_time_limit_exceeded PASSED [ 17%]
tests/test_dynamic_config.py::TestDynamicConfigGenerator::test_get_repo_comment_local_tools PASSED [ 17%]
tests/test_dynamic_config.py::TestDynamicConfigGenerator::test_get_repo_comment_unknown PASSED [ 17%]
tests/test_dynamic_config.py::test_get_available_modes PASSED            [ 17%]
tests/test_dynamic_config.py::test_add_experimental_hook PASSED          [ 17%]
tests/test_dynamic_config.py::test_remove_experimental_hook PASSED       [ 17%]
tests/test_dynamic_config.py::test_generate_config_for_mode_basic SKIPPED [ 17%]
tests/test_dynamic_config.py::test_filter_hooks_for_mode_basic PASSED    [ 17%]
tests/test_dynamic_config.py::test_group_hooks_by_repo_basic PASSED      [ 17%]
tests/test_dynamic_config.py::test_generate_config_basic SKIPPED (Me...) [ 17%]
tests/test_dynamic_config.py::test_create_temp_config_basic SKIPPED      [ 17%]
tests/test_dynamic_config_coverage.py::TestDynamicConfigGenerator::test_init PASSED [ 17%]
tests/test_dynamic_config_coverage.py::TestDynamicConfigGenerator::test_should_include_hook_tier_not_in_config PASSED [ 17%]
tests/test_dynamic_config_coverage.py::TestDynamicConfigGenerator::test_should_include_hook_experimental_disabled PASSED [ 17%]
tests/test_dynamic_config_coverage.py::TestDynamicConfigGenerator::test_should_include_hook_experimental_selective PASSED [ 17%]
tests/test_dynamic_config_coverage.py::TestDynamicConfigGenerator::test_should_include_hook_time_exceeded PASSED [ 17%]
tests/test_dynamic_config_coverage.py::TestDynamicConfigGenerator::test_filter_hooks_for_mode PASSED [ 17%]
tests/test_dynamic_config_coverage.py::TestDynamicConfigGenerator::test_filter_hooks_for_mode_with_experimental PASSED [ 17%]
tests/test_dynamic_config_coverage.py::TestDynamicConfigGenerator::test_group_hooks_by_repo PASSED [ 17%]
tests/test_dynamic_config_coverage.py::TestDynamicConfigGenerator::test_get_repo_comment_known_repos PASSED [ 17%]
tests/test_dynamic_config_coverage.py::TestDynamicConfigGenerator::test_get_repo_comment_security_keywords PASSED [ 17%]
tests/test_dynamic_config_coverage.py::TestDynamicConfigGenerator::test_get_repo_comment_formatting_keywords PASSED [ 17%]
tests/test_dynamic_config_coverage.py::TestDynamicConfigGenerator::test_get_repo_comment_unknown PASSED [ 17%]
tests/test_dynamic_config_coverage.py::TestDynamicConfigGenerator::test_merge_configs PASSED [ 17%]
tests/test_dynamic_config_coverage.py::TestDynamicConfigGenerator::test_generate_config PASSED [ 17%]
tests/test_dynamic_config_coverage.py::TestDynamicConfigGenerator::test_create_temp_config PASSED [ 17%]
tests/test_dynamic_config_coverage.py::TestModuleFunctions::test_generate_config_for_mode PASSED [ 17%]
tests/test_dynamic_config_coverage.py::TestModuleFunctions::test_get_available_modes PASSED [ 17%]
tests/test_dynamic_config_coverage.py::TestModuleFunctions::test_add_experimental_hook PASSED [ 17%]
tests/test_dynamic_config_coverage.py::TestModuleFunctions::test_remove_experimental_hook PASSED [ 17%]
tests/test_end_to_end_integration.py::TestEndToEndIntegration::test_complete_workflow_with_all_features PASSED [ 17%]
tests/test_end_to_end_integration.py::TestEndToEndIntegration::test_semantic_cli_end_to_end PASSED [ 17%]
tests/test_end_to_end_integration.py::TestEndToEndIntegration::test_intelligent_automation_integration PASSED [ 17%]
tests/test_end_to_end_integration.py::TestEndToEndIntegration::test_performance_optimization_integration PASSED [ 18%]
tests/test_end_to_end_integration.py::TestEndToEndIntegration::test_monitoring_dashboard_integration PASSED [ 18%]
tests/test_end_to_end_integration.py::TestEndToEndIntegration::test_documentation_generation_integration PASSED [ 18%]
tests/test_end_to_end_integration.py::TestEndToEndIntegration::test_regression_prevention PASSED [ 18%]
tests/test_end_to_end_integration.py::TestEndToEndIntegration::test_backward_compatibility PASSED [ 18%]
tests/test_enhanced_filesystem.py::TestFileCache::test_cache_initialization PASSED [ 18%]
tests/test_enhanced_filesystem.py::TestFileCache::test_cache_put_and_get PASSED [ 18%]
tests/test_enhanced_filesystem.py::TestFileCache::test_cache_miss PASSED [ 18%]
tests/test_enhanced_filesystem.py::TestFileCache::test_cache_ttl_expiration PASSED [ 18%]
tests/test_enhanced_filesystem.py::TestFileCache::test_cache_custom_ttl PASSED [ 18%]
tests/test_enhanced_filesystem.py::TestFileCache::test_cache_lru_eviction PASSED [ 18%]
tests/test_enhanced_filesystem.py::TestFileCache::test_cache_clear PASSED [ 18%]
tests/test_enhanced_filesystem.py::TestFileCache::test_cache_stats PASSED [ 18%]
tests/test_enhanced_filesystem.py::TestEnhancedFileSystemService::test_service_initialization PASSED [ 18%]
tests/test_enhanced_filesystem.py::TestEnhancedFileSystemService::test_read_file_with_caching PASSED [ 18%]
tests/test_enhanced_filesystem.py::TestEnhancedFileSystemService::test_write_file_invalidates_cache PASSED [ 18%]
tests/test_enhanced_filesystem.py::TestEnhancedFileSystemService::test_cache_invalidation_on_file_modification PASSED [ 18%]
tests/test_enhanced_filesystem.py::TestEnhancedFileSystemService::test_file_operations_sync_fallback PASSED [ 18%]
tests/test_enhanced_filesystem.py::TestEnhancedFileSystemService::test_error_handling_nonexistent_file PASSED [ 18%]
tests/test_enhanced_filesystem.py::TestEnhancedFileSystemService::test_error_handling_invalid_content_type PASSED [ 18%]
tests/test_enhanced_filesystem.py::TestEnhancedFileSystemService::test_file_exists PASSED [ 18%]
tests/test_enhanced_filesystem.py::TestEnhancedFileSystemService::test_create_directory PASSED [ 18%]
tests/test_enhanced_filesystem.py::TestEnhancedFileSystemService::test_delete_file PASSED [ 18%]
tests/test_enhanced_filesystem.py::TestEnhancedFileSystemService::test_list_files PASSED [ 18%]
tests/test_enhanced_filesystem.py::TestEnhancedFileSystemService::test_get_cache_stats PASSED [ 18%]
tests/test_enhanced_filesystem.py::TestEnhancedFileSystemService::test_clear_cache PASSED [ 18%]
tests/test_enhanced_filesystem.py::TestPerformanceAndIntegration::test_cache_memory_efficiency PASSED [ 18%]
tests/test_enhanced_filesystem_comprehensive.py::TestFileCache::test_cache_initialization PASSED [ 18%]
tests/test_enhanced_filesystem_comprehensive.py::TestFileCache::test_cache_put_and_get PASSED [ 18%]
tests/test_enhanced_filesystem_comprehensive.py::TestFileCache::test_cache_miss PASSED [ 18%]
tests/test_enhanced_filesystem_comprehensive.py::TestFileCache::test_cache_ttl_expiration PASSED [ 18%]
tests/test_enhanced_filesystem_comprehensive.py::TestFileCache::test_cache_lru_eviction PASSED [ 18%]
tests/test_enhanced_filesystem_comprehensive.py::TestFileCache::test_cache_clear PASSED [ 18%]
tests/test_enhanced_filesystem_comprehensive.py::TestFileCache::test_cache_evict_method PASSED [ 18%]
tests/test_enhanced_filesystem_comprehensive.py::TestFileCache::test_cache_size_tracking PASSED [ 18%]
tests/test_enhanced_filesystem_comprehensive.py::TestBatchFileOperations::test_batch_ops_initialization PASSED [ 18%]
tests/test_enhanced_filesystem_comprehensive.py::TestBatchFileOperations::test_batch_read_queue_structure PASSED [ 18%]
tests/test_enhanced_filesystem_comprehensive.py::TestBatchFileOperations::test_batch_write_queue_structure PASSED [ 19%]
tests/test_enhanced_filesystem_comprehensive.py::TestEnhancedFileSystemService::test_enhanced_fs_initialization PASSED [ 19%]
tests/test_enhanced_filesystem_comprehensive.py::TestEnhancedFileSystemService::test_read_file_with_cache PASSED [ 19%]
tests/test_enhanced_filesystem_comprehensive.py::TestEnhancedFileSystemService::test_write_file_operations PASSED [ 19%]
tests/test_enhanced_filesystem_comprehensive.py::TestEnhancedFileSystemService::test_file_exists_check PASSED [ 19%]
tests/test_enhanced_filesystem_comprehensive.py::TestEnhancedFileSystemService::test_error_handling_in_operations PASSED [ 19%]
tests/test_enhanced_filesystem_comprehensive.py::TestEnhancedFileSystemService::test_cache_integration PASSED [ 19%]
tests/test_enhanced_filesystem_comprehensive.py::TestEnhancedFileSystemService::test_batch_operations_integration PASSED [ 19%]
tests/test_enhanced_filesystem_comprehensive.py::TestIntegrationScenarios::test_full_workflow_integration PASSED [ 19%]
tests/test_enhanced_filesystem_comprehensive.py::TestIntegrationScenarios::test_error_propagation PASSED [ 19%]
tests/test_enhanced_filesystem_comprehensive.py::TestIntegrationScenarios::test_memory_efficiency PASSED [ 19%]
tests/test_enhanced_filesystem_comprehensive.py::TestIntegrationScenarios::test_concurrent_cache_operations PASSED [ 19%]
tests/test_enhanced_filesystem_comprehensive.py::TestIntegrationScenarios::test_batch_operations_performance PASSED [ 19%]
tests/test_enhanced_filesystem_comprehensive.py::TestIntegrationScenarios::test_filesystem_protocol_compliance PASSED [ 19%]
tests/test_enhanced_filesystem_coverage.py::TestFileCache::test_cache_initialization PASSED [ 19%]
tests/test_enhanced_filesystem_coverage.py::TestFileCache::test_cache_with_custom_params PASSED [ 19%]
tests/test_enhanced_filesystem_coverage.py::TestFileCache::test_cache_default_values PASSED [ 19%]
tests/test_enhanced_filesystem_coverage.py::TestFileCache::test_cache_put_basic PASSED [ 19%]
tests/test_enhanced_filesystem_coverage.py::TestFileCache::test_cache_get_basic PASSED [ 19%]
tests/test_enhanced_filesystem_coverage.py::TestFileCache::test_cache_get_nonexistent PASSED [ 19%]
tests/test_enhanced_filesystem_coverage.py::TestFileCache::test_cache_contains PASSED [ 19%]
tests/test_enhanced_filesystem_coverage.py::TestFileCache::test_cache_clear PASSED [ 19%]
tests/test_enhanced_filesystem_coverage.py::TestFileCache::test_cache_size PASSED [ 19%]
tests/test_enhanced_filesystem_coverage.py::TestEnhancedFileSystemService::test_filesystem_initialization PASSED [ 19%]
tests/test_enhanced_filesystem_coverage.py::TestEnhancedFileSystemService::test_filesystem_with_cache_size PASSED [ 19%]
tests/test_enhanced_filesystem_coverage.py::TestEnhancedFileSystemService::test_filesystem_default_cache PASSED [ 19%]
tests/test_enhanced_filesystem_coverage.py::TestEnhancedFileSystemService::test_filesystem_async_context PASSED [ 19%]
tests/test_enhanced_filesystem_coverage.py::TestEnhancedFileSystemService::test_filesystem_has_required_methods PASSED [ 19%]
tests/test_enhanced_filesystem_coverage.py::TestEnhancedFileSystemService::test_filesystem_async_operations_basic PASSED [ 19%]
tests/test_enhanced_filesystem_coverage.py::TestEnhancedFileSystemService::test_filesystem_cache_integration PASSED [ 19%]
tests/test_enhanced_filesystem_coverage.py::TestEnhancedFileSystemService::test_multiple_filesystem_instances PASSED [ 19%]
tests/test_enhanced_filesystem_coverage.py::TestEnhancedFileSystemServiceEdgeCases::test_filesystem_with_zero_cache_size PASSED [ 19%]
tests/test_enhanced_filesystem_coverage.py::TestEnhancedFileSystemServiceEdgeCases::test_filesystem_with_large_cache_size PASSED [ 19%]
tests/test_enhanced_filesystem_coverage.py::TestEnhancedFileSystemServiceEdgeCases::test_cache_with_special_characters PASSED [ 19%]
tests/test_enhanced_filesystem_coverage.py::TestEnhancedFileSystemServiceEdgeCases::test_cache_with_empty_value PASSED [ 19%]
tests/test_enhanced_filesystem_coverage.py::TestEnhancedFileSystemServiceEdgeCases::test_cache_overwrite_value PASSED [ 19%]
tests/test_enhanced_filesystem_coverage.py::TestEnhancedFileSystemServiceEdgeCases::test_concurrent_cache_operations PASSED [ 19%]
tests/test_enhanced_reporting.py::test_assertion_failure PASSED          [ 20%]
tests/test_enhanced_reporting.py::test_exception_failure PASSED          [ 20%]
tests/test_enhanced_reporting.py::test_import_error PASSED               [ 20%]
tests/test_error_handling.py::test_handle_subprocess_errors_returns_default PASSED [ 20%]
tests/test_error_handling.py::test_handle_file_errors_reraises_without_default PASSED [ 20%]
tests/test_error_handling.py::test_handle_validation_errors_returns_default PASSED [ 20%]
tests/test_error_handling_decorators.py::TestErrorHandlingDecorators::test_handle_file_errors_decorator PASSED [ 20%]
tests/test_error_handling_decorators.py::TestErrorHandlingDecorators::test_handle_file_errors_reraise PASSED [ 20%]
tests/test_error_handling_decorators.py::TestErrorHandlingDecorators::test_handle_json_errors_decorator PASSED [ 20%]
tests/test_error_handling_decorators.py::TestErrorHandlingDecorators::test_handle_subprocess_errors_decorator PASSED [ 20%]
tests/test_error_handling_decorators.py::TestErrorHandlingDecorators::test_handle_validation_errors_decorator PASSED [ 20%]
tests/test_error_handling_decorators.py::TestErrorHandlingDecorators::test_handle_network_errors_decorator PASSED [ 20%]
tests/test_error_handling_decorators.py::TestErrorHandlingDecorators::test_handle_all_errors_decorator PASSED [ 20%]
tests/test_error_handling_decorators.py::TestErrorHandlingDecorators::test_handle_all_errors_excludes_system_exceptions PASSED [ 20%]
tests/test_error_handling_decorators.py::TestErrorHandlingDecorators::test_success_case_no_error PASSED [ 20%]
tests/test_error_handling_decorators.py::TestErrorHandlingDecorators::test_retry_on_error_success PASSED [ 20%]
tests/test_error_handling_decorators.py::TestErrorHandlingDecorators::test_retry_on_error_fails_after_max_attempts PASSED [ 20%]
tests/test_error_handling_decorators.py::TestErrorHandlingDecorators::test_retry_on_error_different_exception_types PASSED [ 20%]
tests/test_errors.py::test_handle_error_no_exit PASSED                   [ 20%]
tests/test_errors.py::test_check_file_exists_raises PASSED               [ 20%]
tests/test_errors.py::test_check_command_result_raises PASSED            [ 20%]
tests/test_errors.py::test_format_error_report PASSED                    [ 20%]
tests/test_execution_speed_optimization.py::TestExecutionSpeedOptimization::test_parallel_agent_execution_performance PASSED [ 20%]
tests/test_execution_speed_optimization.py::TestExecutionSpeedOptimization::test_issue_caching_effectiveness PASSED [ 20%]
tests/test_execution_speed_optimization.py::TestExecutionSpeedOptimization::test_smart_agent_selection_performance PASSED [ 20%]
tests/test_execution_speed_optimization.py::TestExecutionSpeedOptimization::test_progressive_enhancement_early_exit PASSED [ 20%]
tests/test_execution_speed_optimization.py::TestExecutionSpeedOptimization::test_parallel_hook_execution PASSED [ 20%]
tests/test_execution_speed_optimization.py::TestCachingSystem::test_file_content_caching PASSED [ 20%]
tests/test_execution_speed_optimization.py::TestCachingSystem::test_cache_invalidation PASSED [ 20%]
tests/test_execution_speed_optimization.py::TestCachingSystem::test_cache_memory_management PASSED [ 20%]
tests/test_execution_speed_optimization.py::TestCachingSystem::test_cache_hit_rate_metrics PASSED [ 20%]
tests/test_executors/test_lock_integration.py::TestAsyncHookExecutorIntegration::test_async_executor_uses_lock_manager FAILED [ 20%]
tests/test_executors/test_lock_integration.py::TestAsyncHookExecutorIntegration::test_async_executor_with_global_locks_enabled FAILED [ 20%]
tests/test_executors/test_lock_integration.py::TestAsyncHookExecutorIntegration::test_async_executor_with_global_locks_disabled FAILED [ 20%]
tests/test_executors/test_lock_integration.py::TestAsyncHookExecutorIntegration::test_async_executor_concurrent_prevention FAILED [ 20%]
tests/test_executors/test_lock_integration.py::TestIndividualHookExecutorIntegration::test_individual_executor_uses_lock_manager PASSED [ 20%]
tests/test_executors/test_lock_integration.py::TestIndividualHookExecutorIntegration::test_individual_executor_with_global_locks PASSED [ 20%]
tests/test_executors/test_lock_integration.py::TestHookExecutorLockCoordination::test_cross_executor_lock_coordination FAILED [ 20%]
tests/test_executors/test_lock_integration.py::TestHookExecutorLockCoordination::test_executor_global_lock_statistics FAILED [ 21%]
tests/test_executors/test_lock_integration.py::TestExecutorConfigurationFlow::test_lock_manager_configuration_from_options PASSED [ 21%]
tests/test_executors/test_lock_integration.py::TestExecutorConfigurationFlow::test_disabled_global_locks_configuration FAILED [ 21%]
tests/test_executors/test_lock_integration.py::TestExecutorConfigurationFlow::test_custom_timeout_configuration FAILED [ 21%]
tests/test_executors/test_lock_integration.py::TestExecutorErrorHandling::test_executor_handles_lock_failures_gracefully FAILED [ 21%]
tests/test_executors/test_lock_integration.py::TestExecutorErrorHandling::test_executor_handles_lock_timeout_gracefully FAILED [ 21%]
tests/test_executors/test_lock_integration.py::TestExecutorDefaultLockManager::test_async_executor_default_lock_manager FAILED [ 21%]
tests/test_executors/test_lock_integration.py::TestExecutorDefaultLockManager::test_individual_executor_default_lock_manager PASSED [ 21%]
tests/test_executors/test_lock_integration.py::TestExecutorDefaultLockManager::test_executors_share_default_lock_manager FAILED [ 21%]
tests/test_executors/test_lock_integration.py::TestExecutorLockManagerMocking::test_mock_lock_manager_integration FAILED [ 21%]
tests/test_executors/test_lock_integration.py::TestExecutorLockManagerMocking::test_mock_lock_manager_configuration FAILED [ 21%]
tests/test_fast_hooks_behavior.py::test_fast_hooks_failure_stops_workflow PASSED [ 21%]
tests/test_fast_hooks_behavior.py::test_fast_hooks_success_continues_workflow PASSED [ 21%]
tests/test_fast_hooks_behavior.py::test_workflow_order PASSED            [ 21%]
tests/test_fast_iteration_mode.py::TestFastIterationFlag::test_fast_iteration_default_false PASSED [ 21%]
tests/test_fast_iteration_mode.py::TestFastIterationFlag::test_fast_iteration_can_be_enabled PASSED [ 21%]
tests/test_fast_iteration_mode.py::TestFastIterationFlag::test_fast_iteration_in_options_dataclass PASSED [ 21%]
tests/test_fast_iteration_mode.py::TestToolFlag::test_tool_default_none PASSED [ 21%]
tests/test_fast_iteration_mode.py::TestToolFlag::test_tool_can_be_set PASSED [ 21%]
tests/test_fast_iteration_mode.py::TestToolFlag::test_tool_in_options_dataclass PASSED [ 21%]
tests/test_fast_iteration_mode.py::TestChangedOnlyFlag::test_changed_only_default_false PASSED [ 21%]
tests/test_fast_iteration_mode.py::TestChangedOnlyFlag::test_changed_only_can_be_enabled PASSED [ 21%]
tests/test_fast_iteration_mode.py::TestChangedOnlyFlag::test_changed_only_in_options_dataclass PASSED [ 21%]
tests/test_fast_iteration_mode.py::TestFlagCombinations::test_fast_iteration_with_tool PASSED [ 21%]
tests/test_fast_iteration_mode.py::TestFlagCombinations::test_fast_iteration_with_changed_only PASSED [ 21%]
tests/test_fast_iteration_mode.py::TestFlagCombinations::test_all_three_flags_together PASSED [ 21%]
tests/test_fast_iteration_mode.py::TestOptionsProtocolIntegration::test_options_protocol_has_fast_iteration PASSED [ 21%]
tests/test_fast_iteration_mode.py::TestOptionsProtocolIntegration::test_options_protocol_has_tool PASSED [ 21%]
tests/test_fast_iteration_mode.py::TestOptionsProtocolIntegration::test_options_protocol_has_changed_only PASSED [ 21%]
tests/test_file_io_service.py::TestFileIOService::test_read_text_file_sync PASSED [ 21%]
tests/test_file_io_service.py::TestFileIOService::test_write_text_file_sync PASSED [ 21%]
tests/test_file_io_service.py::TestFileIOService::test_read_json_file_sync PASSED [ 21%]
tests/test_file_io_service.py::TestFileIOService::test_write_json_file_sync PASSED [ 21%]
tests/test_file_io_service.py::TestFileIOService::test_read_binary_file_sync PASSED [ 21%]
tests/test_file_io_service.py::TestFileIOService::test_write_binary_file_sync PASSED [ 21%]
tests/test_file_io_service.py::TestFileIOService::test_file_exists PASSED [ 21%]
tests/test_file_io_service.py::TestFileIOService::test_directory_exists PASSED [ 21%]
tests/test_file_io_service.py::TestFileIOService::test_read_text_file_async PASSED [ 22%]
tests/test_file_io_service.py::TestFileIOService::test_write_text_file_async PASSED [ 22%]
tests/test_file_io_service.py::TestFileIOService::test_read_json_file_async PASSED [ 22%]
tests/test_file_io_service.py::TestFileIOService::test_write_json_file_async PASSED [ 22%]
tests/test_file_io_service.py::TestFileIOService::test_read_binary_file_async PASSED [ 22%]
tests/test_file_io_service.py::TestFileIOService::test_write_binary_file_async PASSED [ 22%]
tests/test_file_io_service.py::TestFileIOService::test_write_text_file_sync_with_dir_creation PASSED [ 22%]
tests/test_file_io_service.py::TestFileIOService::test_write_json_file_sync_with_dir_creation PASSED [ 22%]
tests/test_file_io_service.py::TestFileIOService::test_write_text_file_async_with_dir_creation PASSED [ 22%]
tests/test_file_io_service.py::TestFileIOService::test_write_json_file_async_with_dir_creation PASSED [ 22%]
tests/test_file_lifecycle.py::test_atomic_file_write_basic PASSED        [ 22%]
tests/test_file_lifecycle.py::test_locked_file_access_basic PASSED       [ 22%]
tests/test_file_lifecycle.py::test_safe_directory_creation_basic PASSED  [ 22%]
tests/test_file_lifecycle.py::test_batch_file_operations_basic PASSED    [ 22%]
tests/test_file_lifecycle.py::test_write_basic PASSED                    [ 22%]
tests/test_file_lifecycle.py::test_writelines_basic PASSED               [ 22%]
tests/test_file_lifecycle.py::test_flush_basic PASSED                    [ 22%]
tests/test_file_lifecycle.py::test_commit_basic PASSED                   [ 22%]
tests/test_file_lifecycle.py::test_rollback_basic PASSED                 [ 22%]
tests/test_file_lifecycle.py::test_file_handle_basic PASSED              [ 22%]
tests/test_file_lifecycle.py::test_read_basic PASSED                     [ 22%]
tests/test_file_lifecycle.py::test_add_write_operation_basic PASSED      [ 22%]
tests/test_file_lifecycle.py::test_add_copy_operation_basic PASSED       [ 22%]
tests/test_file_lifecycle.py::test_add_move_operation_basic PASSED       [ 22%]
tests/test_file_lifecycle.py::test_add_delete_operation_basic PASSED     [ 22%]
tests/test_file_lifecycle.py::test_commit_all_basic PASSED               [ 22%]
tests/test_file_lifecycle.py::test_safe_read_text_basic PASSED           [ 22%]
tests/test_file_lifecycle.py::test_safe_write_text_basic PASSED          [ 22%]
tests/test_file_lifecycle.py::test_safe_copy_file_basic PASSED           [ 22%]
tests/test_file_lifecycle.py::test_safe_move_file_basic PASSED           [ 22%]
tests/test_file_lifecycle.py::test_write_op_basic PASSED                 [ 22%]
tests/test_file_lifecycle.py::test_rollback_op_basic PASSED              [ 22%]
tests/test_file_lifecycle.py::test_copy_op_basic PASSED                  [ 22%]
tests/test_file_lifecycle.py::test_move_op_basic PASSED                  [ 22%]
tests/test_file_lifecycle.py::test_delete_op_basic PASSED                [ 22%]
tests/test_filesystem_coverage.py::TestFileSystemServiceBasics::test_read_file_success PASSED [ 22%]
tests/test_filesystem_coverage.py::TestFileSystemServiceBasics::test_read_file_str_path PASSED [ 22%]
tests/test_filesystem_coverage.py::TestFileSystemServiceBasics::test_read_file_not_found PASSED [ 23%]
tests/test_filesystem_coverage.py::TestFileSystemServiceBasics::test_read_file_permission_error PASSED [ 23%]
tests/test_filesystem_coverage.py::TestFileSystemServiceBasics::test_read_file_unicode_error PASSED [ 23%]
tests/test_filesystem_coverage.py::TestFileSystemServiceBasics::test_read_file_os_error PASSED [ 23%]
tests/test_filesystem_coverage.py::TestFileSystemServiceBasics::test_write_file_success PASSED [ 23%]
tests/test_filesystem_coverage.py::TestFileSystemServiceBasics::test_write_file_str_path PASSED [ 23%]
tests/test_filesystem_coverage.py::TestFileSystemServiceBasics::test_write_file_create_parent_dirs PASSED [ 23%]
tests/test_filesystem_coverage.py::TestFileSystemServiceBasics::test_write_file_parent_dir_error PASSED [ 23%]
tests/test_filesystem_coverage.py::TestFileSystemServiceBasics::test_write_file_permission_error PASSED [ 23%]
tests/test_filesystem_coverage.py::TestFileSystemServiceBasics::test_write_file_no_space_error PASSED [ 23%]
tests/test_filesystem_coverage.py::TestFileSystemServiceBasics::test_write_file_os_error PASSED [ 23%]
tests/test_filesystem_coverage.py::TestFileSystemServiceBasics::test_exists_true PASSED [ 23%]
tests/test_filesystem_coverage.py::TestFileSystemServiceBasics::test_exists_false PASSED [ 23%]
tests/test_filesystem_coverage.py::TestFileSystemServiceBasics::test_exists_str_path PASSED [ 23%]
tests/test_filesystem_coverage.py::TestFileSystemServiceBasics::test_exists_os_error PASSED [ 23%]
tests/test_filesystem_coverage.py::TestFileSystemServiceDirectories::test_mkdir_success PASSED [ 23%]
tests/test_filesystem_coverage.py::TestFileSystemServiceDirectories::test_mkdir_with_parents PASSED [ 23%]
tests/test_filesystem_coverage.py::TestFileSystemServiceDirectories::test_mkdir_already_exists PASSED [ 23%]
tests/test_filesystem_coverage.py::TestFileSystemServiceDirectories::test_mkdir_permission_error PASSED [ 23%]
tests/test_filesystem_coverage.py::TestFileSystemServiceDirectories::test_mkdir_no_space_error PASSED [ 23%]
tests/test_filesystem_coverage.py::TestFileSystemServiceDirectories::test_mkdir_os_error PASSED [ 23%]
tests/test_filesystem_coverage.py::TestFileSystemServiceGlob::test_glob_success PASSED [ 23%]
tests/test_filesystem_coverage.py::TestFileSystemServiceGlob::test_glob_no_path PASSED [ 23%]
tests/test_filesystem_coverage.py::TestFileSystemServiceGlob::test_glob_base_path_not_exists PASSED [ 23%]
tests/test_filesystem_coverage.py::TestFileSystemServiceGlob::test_glob_permission_error PASSED [ 23%]
tests/test_filesystem_coverage.py::TestFileSystemServiceGlob::test_glob_os_error PASSED [ 23%]
tests/test_filesystem_coverage.py::TestFileSystemServiceGlob::test_rglob_success PASSED [ 23%]
tests/test_filesystem_coverage.py::TestFileSystemServiceGlob::test_rglob_no_path PASSED [ 23%]
tests/test_filesystem_coverage.py::TestFileSystemServiceGlob::test_rglob_base_path_not_exists PASSED [ 23%]
tests/test_filesystem_coverage.py::TestFileSystemServiceGlob::test_rglob_permission_error PASSED [ 23%]
tests/test_filesystem_coverage.py::TestFileSystemServiceGlob::test_rglob_os_error PASSED [ 23%]
tests/test_filesystem_coverage.py::TestFileSystemServiceFileOperations::test_copy_file_success PASSED [ 23%]
tests/test_filesystem_coverage.py::TestFileSystemServiceFileOperations::test_copy_file_str_paths PASSED [ 23%]
tests/test_filesystem_coverage.py::TestFileSystemServiceFileOperations::test_copy_file_create_parent_dirs PASSED [ 23%]
tests/test_filesystem_coverage.py::TestFileSystemServiceFileOperations::test_copy_file_source_not_exists PASSED [ 23%]
tests/test_filesystem_coverage.py::TestFileSystemServiceFileOperations::test_copy_file_source_not_file PASSED [ 23%]
tests/test_filesystem_coverage.py::TestFileSystemServiceFileOperations::test_copy_file_permission_error PASSED [ 23%]
tests/test_filesystem_coverage.py::TestFileSystemServiceFileOperations::test_copy_file_same_file_error PASSED [ 23%]
tests/test_filesystem_coverage.py::TestFileSystemServiceFileOperations::test_copy_file_no_space_error PASSED [ 24%]
tests/test_filesystem_coverage.py::TestFileSystemServiceFileOperations::test_remove_file_success PASSED [ 24%]
tests/test_filesystem_coverage.py::TestFileSystemServiceFileOperations::test_remove_file_not_exists PASSED [ 24%]
tests/test_filesystem_coverage.py::TestFileSystemServiceFileOperations::test_remove_file_not_file PASSED [ 24%]
tests/test_filesystem_coverage.py::TestFileSystemServiceFileOperations::test_remove_file_permission_error PASSED [ 24%]
tests/test_filesystem_coverage.py::TestFileSystemServiceFileInfo::test_get_file_size_success PASSED [ 24%]
tests/test_filesystem_coverage.py::TestFileSystemServiceFileInfo::test_get_file_size_not_exists PASSED [ 24%]
tests/test_filesystem_coverage.py::TestFileSystemServiceFileInfo::test_get_file_size_not_file PASSED [ 24%]
tests/test_filesystem_coverage.py::TestFileSystemServiceFileInfo::test_get_file_size_permission_error PASSED [ 24%]
tests/test_filesystem_coverage.py::TestFileSystemServiceFileInfo::test_get_file_mtime_success PASSED [ 24%]
tests/test_filesystem_coverage.py::TestFileSystemServiceFileInfo::test_get_file_mtime_not_exists PASSED [ 24%]
tests/test_filesystem_coverage.py::TestFileSystemServiceFileInfo::test_get_file_mtime_not_file PASSED [ 24%]
tests/test_filesystem_coverage.py::TestFileSystemServiceFileInfo::test_get_file_mtime_permission_error PASSED [ 24%]
tests/test_filesystem_coverage.py::TestFileSystemServiceStreaming::test_read_file_chunked_success PASSED [ 24%]
tests/test_filesystem_coverage.py::TestFileSystemServiceStreaming::test_read_file_chunked_not_exists PASSED [ 24%]
tests/test_filesystem_coverage.py::TestFileSystemServiceStreaming::test_read_file_chunked_permission_error PASSED [ 24%]
tests/test_filesystem_coverage.py::TestFileSystemServiceStreaming::test_read_file_chunked_unicode_error PASSED [ 24%]
tests/test_filesystem_coverage.py::TestFileSystemServiceStreaming::test_read_lines_streaming_success PASSED [ 24%]
tests/test_filesystem_coverage.py::TestFileSystemServiceStreaming::test_read_lines_streaming_strip_newlines PASSED [ 24%]
tests/test_filesystem_coverage.py::TestFileSystemServiceStreaming::test_read_lines_streaming_not_exists PASSED [ 24%]
tests/test_filesystem_coverage.py::TestFileSystemServiceStreaming::test_read_lines_streaming_permission_error PASSED [ 24%]
tests/test_filesystem_coverage.py::TestFileSystemServiceStreaming::test_read_lines_streaming_unicode_error PASSED [ 24%]
tests/test_filesystem_coverage.py::TestFileSystemServiceStreaming::test_read_lines_streaming_os_error PASSED [ 24%]
tests/test_final_validation.py::test_fast_hooks_failure_behavior PASSED  [ 24%]
tests/test_final_validation.py::test_implementation_directly PASSED      [ 24%]
tests/test_global_lock_config.py::TestGlobalLockConfig::test_default_initialization PASSED [ 24%]
tests/test_global_lock_config.py::TestGlobalLockConfig::test_lock_directory_creation PASSED [ 24%]
tests/test_global_lock_config.py::TestGlobalLockConfig::test_hostname_property PASSED [ 24%]
tests/test_global_lock_config.py::TestGlobalLockConfig::test_session_id_generation PASSED [ 24%]
tests/test_global_lock_config.py::TestGlobalLockConfig::test_lock_file_path_generation PASSED [ 24%]
tests/test_global_lock_config.py::TestGlobalLockConfig::test_configuration_validation_types PASSED [ 24%]
tests/test_global_lock_config.py::TestGlobalLockConfig::test_multiple_config_instances_independent PASSED [ 24%]
tests/test_global_lock_config.py::TestGlobalLockConfig::test_lock_path_special_characters PASSED [ 24%]
tests/test_global_lock_config.py::TestGlobalLockConfig::test_lock_path_sanitizes_slashes PASSED [ 24%]
tests/test_global_lock_config.py::TestGlobalLockConfig::test_nested_directories_creation PASSED [ 24%]
tests/test_global_lock_config.py::TestGlobalLockConfigEdgeCases::test_lock_directory_with_pathlib_path PASSED [ 24%]
tests/test_global_lock_config.py::TestGlobalLockConfigEdgeCases::test_zero_timeout_configuration PASSED [ 24%]
tests/test_global_lock_config.py::TestGlobalLockConfigEdgeCases::test_very_long_hook_names PASSED [ 25%]
tests/test_global_lock_config.py::TestGlobalLockConfigEdgeCases::test_negative_timeout_handling[-1] PASSED [ 25%]
tests/test_global_lock_config.py::TestGlobalLockConfigEdgeCases::test_negative_timeout_handling[-10.5] PASSED [ 25%]
tests/test_global_lock_config.py::TestGlobalLockConfigEdgeCases::test_file_permission_errors_handling PASSED [ 25%]
tests/test_global_lock_config.py::TestGlobalLockConfigIntegration::test_real_filesystem_integration PASSED [ 25%]
tests/test_global_lock_config.py::TestGlobalLockConfigIntegration::test_multiple_sequential_config_creation PASSED [ 25%]
tests/test_hook_executor_comprehensive.py::TestHookExecutor::test_init SKIPPED [ 25%]
tests/test_hook_executor_comprehensive.py::TestHookExecutor::test_execute_hook_success SKIPPED [ 25%]
tests/test_hook_executor_comprehensive.py::TestHookExecutor::test_execute_hook_failure SKIPPED [ 25%]
tests/test_hook_executor_comprehensive.py::TestHookExecutor::test_execute_hook_exception SKIPPED [ 25%]
tests/test_hook_executor_comprehensive.py::TestHookExecutor::test_execute_hook_with_additional_args SKIPPED [ 25%]
tests/test_hook_executor_comprehensive.py::TestHookExecutor::test_build_hook_command SKIPPED [ 25%]
tests/test_hook_executor_comprehensive.py::TestHookExecutor::test_execute_hook_with_environment SKIPPED [ 25%]
tests/test_hook_lock_manager.py::TestHookLockManagerBasics::test_singleton_behavior PASSED [ 25%]
tests/test_hook_lock_manager.py::TestHookLockManagerBasics::test_initial_configuration PASSED [ 25%]
tests/test_hook_lock_manager.py::TestHookLockManagerBasics::test_hook_lock_list_management PASSED [ 25%]
tests/test_hook_lock_manager.py::TestHookLockManagerBasics::test_global_lock_enable_disable PASSED [ 25%]
tests/test_hook_lock_manager.py::TestHookLockManagerBasics::test_hook_timeout_management PASSED [ 25%]
tests/test_hook_lock_manager.py::TestHookLockManagerBasics::test_lock_stats_structure PASSED [ 25%]
tests/test_hook_lock_manager.py::TestHookLockManagerBasics::test_global_lock_path_generation PASSED [ 25%]
tests/test_hook_lock_manager.py::TestHookLockManagerAsyncLocking::test_hook_not_requiring_lock_immediate_return PASSED [ 25%]
tests/test_hook_lock_manager.py::TestHookLockManagerAsyncLocking::test_hook_specific_lock_acquisition PASSED [ 25%]
tests/test_hook_lock_manager.py::TestHookLockManagerAsyncLocking::test_concurrent_hook_lock_prevention PASSED [ 25%]
tests/test_hook_lock_manager.py::TestHookLockManagerAsyncLocking::test_lock_timeout_handling PASSED [ 25%]
tests/test_hook_lock_manager.py::TestGlobalLockFileOperations::test_global_lock_file_creation PASSED [ 25%]
tests/test_hook_lock_manager.py::TestGlobalLockFileOperations::test_lock_file_permissions PASSED [ 25%]
tests/test_hook_lock_manager.py::TestGlobalLockFileOperations::test_cross_session_coordination_simulation PASSED [ 25%]
tests/test_hook_lock_manager.py::TestGlobalLockFileOperations::test_corrupted_lock_file_handling PASSED [ 25%]
tests/test_hook_lock_manager.py::TestHeartbeatMechanism::test_heartbeat_updates_lock_file PASSED [ 25%]
tests/test_hook_lock_manager.py::TestHeartbeatMechanism::test_heartbeat_task_cleanup_on_release PASSED [ 25%]
tests/test_hook_lock_manager.py::TestStaleLockCleanup::test_cleanup_stale_locks_by_age PASSED [ 25%]
tests/test_hook_lock_manager.py::TestStaleLockCleanup::test_cleanup_corrupted_lock_files PASSED [ 25%]
tests/test_hook_lock_manager.py::TestStaleLockCleanup::test_no_cleanup_if_directory_missing PASSED [ 25%]
tests/test_hook_lock_manager.py::TestStaleLockCleanup::test_stale_lock_cleanup_during_acquisition PASSED [ 25%]
tests/test_hook_lock_manager.py::TestStatisticsTracking::test_global_lock_stats_tracking PASSED [ 25%]
tests/test_hook_lock_manager.py::TestStatisticsTracking::test_global_lock_failure_stats PASSED [ 25%]
tests/test_hook_lock_manager.py::TestStatisticsTracking::test_comprehensive_status_includes_global_stats PASSED [ 25%]
tests/test_hook_lock_manager.py::TestStatisticsTracking::test_stats_reset_functionality PASSED [ 26%]
tests/test_hook_lock_manager.py::TestConfigurationIntegration::test_configure_from_options PASSED [ 26%]
tests/test_hook_lock_manager.py::TestConfigurationIntegration::test_configure_with_disabled_global_locks PASSED [ 26%]
tests/test_hook_lock_manager.py::TestErrorHandling::test_file_permission_error_handling SKIPPED [ 26%]
tests/test_hook_lock_manager.py::TestErrorHandling::test_disk_full_simulation PASSED [ 26%]
tests/test_hook_lock_manager.py::TestErrorHandling::test_heartbeat_failure_handling PASSED [ 26%]
tests/test_hook_lock_manager.py::TestProtocolCompliance::test_protocol_method_signatures PASSED [ 26%]
tests/test_hook_lock_manager.py::TestProtocolCompliance::test_protocol_return_types PASSED [ 26%]
tests/test_hook_manager_comprehensive.py::TestHookManagerImpl::test_init SKIPPED [ 26%]
tests/test_hook_manager_comprehensive.py::TestHookManagerImpl::test_set_config_path SKIPPED [ 26%]
tests/test_hook_manager_comprehensive.py::TestHookManagerImpl::test_run_fast_hooks SKIPPED [ 26%]
tests/test_hook_manager_comprehensive.py::TestHookManagerImpl::test_run_comprehensive_hooks SKIPPED [ 26%]
tests/test_hook_manager_comprehensive.py::TestHookManagerImpl::test_run_hooks SKIPPED [ 26%]
tests/test_hook_manager_comprehensive.py::TestHookManagerImpl::test_get_execution_info SKIPPED [ 26%]
tests/test_hook_manager_comprehensive.py::TestHookManagerImpl::test_configure_lsp_optimization SKIPPED [ 26%]
tests/test_hook_manager_comprehensive.py::TestHookManagerImpl::test_configure_tool_proxy SKIPPED [ 26%]
tests/test_hook_manager_comprehensive.py::TestHookManagerImpl::test_validate_hooks_config_valid SKIPPED [ 26%]
tests/test_hook_manager_comprehensive.py::TestHookManagerImpl::test_validate_hooks_config_invalid SKIPPED [ 26%]
tests/test_hook_manager_comprehensive.py::TestHookManagerImpl::test_validate_hooks_config_nonexistent SKIPPED [ 26%]
tests/test_hook_manager_comprehensive.py::TestHookManagerImpl::test_get_hook_ids SKIPPED [ 26%]
tests/test_hook_manager_comprehensive.py::TestHookManagerImpl::test_install_hooks SKIPPED [ 26%]
tests/test_hook_manager_comprehensive.py::TestHookManagerImpl::test_update_hooks SKIPPED [ 26%]
tests/test_hook_manager_comprehensive.py::TestHookManagerImpl::test_get_hook_summary SKIPPED [ 26%]
tests/test_hook_manager_simple.py::TestHookManager::test_init ERROR      [ 26%]
tests/test_hook_manager_simple.py::TestHookManager::test_init_with_mocks FAILED [ 26%]
tests/test_hook_manager_simple.py::TestHookManager::test_get_hook_summary_empty ERROR [ 26%]
tests/test_hook_manager_simple.py::TestHookManager::test_get_hook_summary_with_results ERROR [ 26%]
tests/test_hook_manager_simple.py::TestHookManager::test_run_fast_hooks ERROR [ 26%]
tests/test_hook_manager_simple.py::TestHookManager::test_run_comprehensive_hooks ERROR [ 26%]
tests/test_hook_manager_simple.py::TestHookManager::test_install_hooks ERROR [ 26%]
tests/test_hook_manager_simple.py::TestHookManager::test_update_hooks ERROR [ 26%]
tests/test_import_coverage_consolidated.py::TestAgentImports::test_documentation_agent PASSED [ 26%]
tests/test_import_coverage_consolidated.py::TestAgentImports::test_refactoring_agent PASSED [ 26%]
tests/test_import_coverage_consolidated.py::TestAgentImports::test_performance_agent PASSED [ 26%]
tests/test_import_coverage_consolidated.py::TestAgentImports::test_security_agent PASSED [ 26%]
tests/test_import_coverage_consolidated.py::TestAgentImports::test_import_optimization_agent PASSED [ 26%]
tests/test_import_coverage_consolidated.py::TestAgentImports::test_dry_agent PASSED [ 26%]
tests/test_import_coverage_consolidated.py::TestAgentImports::test_test_creation_agent PASSED [ 26%]
tests/test_import_coverage_consolidated.py::TestAgentImports::test_formatting_agent PASSED [ 27%]
tests/test_import_coverage_consolidated.py::TestAgentImports::test_test_specialist_agent PASSED [ 27%]
tests/test_import_coverage_consolidated.py::TestServiceImports::test_enhanced_filesystem_service PASSED [ 27%]
tests/test_import_coverage_consolidated.py::TestServiceImports::test_contextual_ai_assistant PASSED [ 27%]
tests/test_import_coverage_consolidated.py::TestServiceImports::test_dependency_monitor SKIPPED [ 27%]
tests/test_import_coverage_consolidated.py::TestServiceImports::test_health_metrics SKIPPED [ 27%]
tests/test_import_coverage_consolidated.py::TestServiceImports::test_performance_benchmarks SKIPPED [ 27%]
tests/test_import_coverage_consolidated.py::TestServiceImports::test_tool_version_service PASSED [ 27%]
tests/test_import_coverage_consolidated.py::TestServiceImports::test_debug_service PASSED [ 27%]
tests/test_import_coverage_consolidated.py::TestOrchestrationImports::test_advanced_orchestrator SKIPPED [ 27%]
tests/test_import_coverage_consolidated.py::TestOrchestrationImports::test_test_progress_streamer SKIPPED [ 27%]
tests/test_import_coverage_consolidated.py::TestMCPImports::test_mcp_tools_execution SKIPPED [ 27%]
tests/test_import_coverage_consolidated.py::TestMCPImports::test_mcp_context PASSED [ 27%]
tests/test_import_coverage_consolidated.py::TestMCPImports::test_mcp_dashboard SKIPPED [ 27%]
tests/test_import_coverage_consolidated.py::TestPluginImports::test_plugin_base PASSED [ 27%]
tests/test_import_coverage_consolidated.py::TestPluginImports::test_plugin_hooks PASSED [ 27%]
tests/test_import_coverage_consolidated.py::TestManagerImports::test_test_manager SKIPPED [ 27%]
tests/test_import_coverage_consolidated.py::TestManagerImports::test_hook_manager SKIPPED [ 27%]
tests/test_import_coverage_consolidated.py::TestManagerImports::test_publish_manager SKIPPED [ 27%]
tests/test_import_coverage_consolidated.py::TestCoreImports::test_workflow_orchestrator SKIPPED [ 27%]
tests/test_import_coverage_consolidated.py::TestCoreImports::test_session_coordinator PASSED [ 27%]
tests/test_import_coverage_consolidated.py::TestCoreImports::test_phase_coordinator SKIPPED [ 27%]
tests/test_import_coverage_consolidated.py::TestExecutorImports::test_individual_hook_executor PASSED [ 27%]
tests/test_import_coverage_consolidated.py::TestExecutorImports::test_async_hook_executor PASSED [ 27%]
tests/test_import_coverage_consolidated.py::TestLegacyImports::test_code_cleaner PASSED [ 27%]
tests/test_import_coverage_consolidated.py::TestLegacyImports::test_interactive PASSED [ 27%]
tests/test_import_coverage_consolidated.py::TestLegacyImports::test_dynamic_config SKIPPED [ 27%]
tests/test_incremental_executor.py::TestFileHash::test_file_hash_initialization PASSED [ 27%]
tests/test_incremental_executor.py::TestCacheEntry::test_cache_entry_initialization PASSED [ 27%]
tests/test_incremental_executor.py::TestCacheEntry::test_cache_entry_with_error PASSED [ 27%]
tests/test_incremental_executor.py::TestExecutionResult::test_execution_result_initialization PASSED [ 27%]
tests/test_incremental_executor.py::TestExecutionResult::test_cache_effective_property_true PASSED [ 27%]
tests/test_incremental_executor.py::TestExecutionResult::test_cache_effective_property_false PASSED [ 27%]
tests/test_incremental_executor.py::TestIncrementalExecutor::test_executor_initialization PASSED [ 27%]
tests/test_incremental_executor.py::TestIncrementalExecutor::test_executor_default_cache_dir PASSED [ 27%]
tests/test_incremental_executor.py::TestIncrementalExecutor::test_compute_file_hash PASSED [ 27%]
tests/test_incremental_executor.py::TestIncrementalExecutor::test_compute_file_hash_consistency PASSED [ 27%]
tests/test_incremental_executor.py::TestIncrementalExecutor::test_compute_file_hash_changes PASSED [ 28%]
tests/test_incremental_executor.py::TestIncrementalExecutor::test_execute_incremental_first_run PASSED [ 28%]
tests/test_incremental_executor.py::TestIncrementalExecutor::test_execute_incremental_cached_run PASSED [ 28%]
tests/test_incremental_executor.py::TestIncrementalExecutor::test_execute_incremental_force_rerun PASSED [ 28%]
tests/test_incremental_executor.py::TestIncrementalExecutor::test_execute_incremental_profiler_integration PASSED [ 28%]
tests/test_incremental_executor.py::TestIncrementalExecutor::test_get_changed_files PASSED [ 28%]
tests/test_incremental_executor.py::TestIncrementalExecutor::test_invalidate_file PASSED [ 28%]
tests/test_incremental_executor.py::TestIncrementalExecutor::test_clear_cache_all PASSED [ 28%]
tests/test_incremental_executor.py::TestIncrementalExecutor::test_clear_cache_specific_tool PASSED [ 28%]
tests/test_incremental_executor.py::TestIncrementalExecutor::test_cache_persistence PASSED [ 28%]
tests/test_incremental_executor.py::TestIncrementalExecutor::test_cache_ttl_expiration PASSED [ 28%]
tests/test_incremental_executor.py::TestIncrementalExecutor::test_get_cache_stats PASSED [ 28%]
tests/test_initialization_precommit_integration.py::TestInitializationPrecommitHandling::test_precommit_config_not_copied_during_initialization ERROR [ 28%]
tests/test_initialization_precommit_integration.py::TestInitializationPrecommitHandling::test_config_files_dict_excludes_precommit ERROR [ 28%]
tests/test_initialization_precommit_integration.py::TestInitializationPrecommitHandling::test_initialization_with_force_flag_still_skips_precommit ERROR [ 28%]
tests/test_initialization_service.py::TestInitializationService::test_get_config_files_excludes_precommit ERROR [ 28%]
tests/test_initialization_service.py::TestInitializationService::test_initialize_project_full_without_precommit ERROR [ 28%]
tests/test_initialization_service.py::TestInitializationService::test_process_config_file_skips_precommit ERROR [ 28%]
tests/test_initialization_service.py::TestInitializationService::test_process_config_file_processes_other_files ERROR [ 28%]
tests/test_input_validation.py::TestInputSanitizer::test_sanitize_string_valid_input PASSED [ 28%]
tests/test_input_validation.py::TestInputSanitizer::test_sanitize_string_with_whitespace PASSED [ 28%]
tests/test_input_validation.py::TestInputSanitizer::test_sanitize_string_length_exceeded PASSED [ 28%]
tests/test_input_validation.py::TestInputSanitizer::test_sanitize_string_null_byte_injection PASSED [ 28%]
tests/test_input_validation.py::TestInputSanitizer::test_sanitize_string_control_characters PASSED [ 28%]
tests/test_input_validation.py::TestInputSanitizer::test_sanitize_string_shell_metacharacters PASSED [ 28%]
tests/test_input_validation.py::TestInputSanitizer::test_sanitize_string_allow_shell_chars PASSED [ 28%]
tests/test_input_validation.py::TestInputSanitizer::test_sanitize_string_strict_alphanumeric PASSED [ 28%]
tests/test_input_validation.py::TestInputSanitizer::test_sanitize_string_sql_injection_patterns PASSED [ 28%]
tests/test_input_validation.py::TestInputSanitizer::test_sanitize_string_code_injection_patterns PASSED [ 28%]
tests/test_input_validation.py::TestInputSanitizer::test_sanitize_json_valid PASSED [ 28%]
tests/test_input_validation.py::TestInputSanitizer::test_sanitize_json_size_limit PASSED [ 28%]
tests/test_input_validation.py::TestInputSanitizer::test_sanitize_json_depth_limit PASSED [ 28%]
tests/test_input_validation.py::TestInputSanitizer::test_sanitize_json_invalid_syntax PASSED [ 28%]
tests/test_input_validation.py::TestInputSanitizer::test_sanitize_path_valid PASSED [ 28%]
tests/test_input_validation.py::TestInputSanitizer::test_sanitize_path_traversal_attack PASSED [ 28%]
tests/test_input_validation.py::TestInputSanitizer::test_sanitize_path_dangerous_components PASSED [ 28%]
tests/test_input_validation.py::TestInputSanitizer::test_sanitize_path_base_directory_constraint PASSED [ 28%]
tests/test_input_validation.py::TestSecureInputValidator::test_validate_project_name_valid PASSED [ 29%]
tests/test_input_validation.py::TestSecureInputValidator::test_validate_project_name_invalid PASSED [ 29%]
tests/test_input_validation.py::TestSecureInputValidator::test_validate_job_id_valid PASSED [ 29%]
tests/test_input_validation.py::TestSecureInputValidator::test_validate_job_id_invalid_format PASSED [ 29%]
tests/test_input_validation.py::TestSecureInputValidator::test_validate_command_args_string PASSED [ 29%]
tests/test_input_validation.py::TestSecureInputValidator::test_validate_command_args_list PASSED [ 29%]
tests/test_input_validation.py::TestSecureInputValidator::test_validate_json_payload_valid PASSED [ 29%]
tests/test_input_validation.py::TestSecureInputValidator::test_validate_json_payload_invalid PASSED [ 29%]
tests/test_input_validation.py::TestSecureInputValidator::test_validate_file_path_valid PASSED [ 29%]
tests/test_input_validation.py::TestSecureInputValidator::test_validate_file_path_traversal PASSED [ 29%]
tests/test_input_validation.py::TestSecureInputValidator::test_validate_environment_var_valid PASSED [ 29%]
tests/test_input_validation.py::TestSecureInputValidator::test_validate_environment_var_invalid_name PASSED [ 29%]
tests/test_input_validation.py::TestSecureInputValidator::test_validation_failure_logging PASSED [ 29%]
tests/test_input_validation.py::TestValidationDecorator::test_validation_decorator_valid_input PASSED [ 29%]
tests/test_input_validation.py::TestValidationDecorator::test_validation_decorator_invalid_input PASSED [ 29%]
tests/test_input_validation.py::TestValidationDecorator::test_validation_decorator_kwargs_only PASSED [ 29%]
tests/test_input_validation.py::TestConvenienceFunctions::test_validate_and_sanitize_string_valid PASSED [ 29%]
tests/test_input_validation.py::TestConvenienceFunctions::test_validate_and_sanitize_string_invalid PASSED [ 29%]
tests/test_input_validation.py::TestConvenienceFunctions::test_validate_and_sanitize_path_valid PASSED [ 29%]
tests/test_input_validation.py::TestConvenienceFunctions::test_validate_and_sanitize_path_invalid PASSED [ 29%]
tests/test_input_validation.py::TestConvenienceFunctions::test_validate_and_parse_json_valid PASSED [ 29%]
tests/test_input_validation.py::TestConvenienceFunctions::test_validate_and_parse_json_invalid PASSED [ 29%]
tests/test_input_validation.py::TestValidationConfig::test_validation_config_defaults PASSED [ 29%]
tests/test_input_validation.py::TestValidationConfig::test_validation_config_custom PASSED [ 29%]
tests/test_input_validation.py::TestSecurityLogging::test_command_injection_logging PASSED [ 29%]
tests/test_input_validation.py::TestSecurityLogging::test_path_traversal_logging PASSED [ 29%]
tests/test_input_validation.py::TestIntegrationScenarios::test_mcp_tool_parameter_validation PASSED [ 29%]
tests/test_input_validation.py::TestIntegrationScenarios::test_websocket_job_id_validation PASSED [ 29%]
tests/test_input_validation.py::TestIntegrationScenarios::test_project_initialization_validation PASSED [ 29%]
tests/test_input_validation.py::TestIntegrationScenarios::test_command_execution_validation PASSED [ 29%]
tests/test_integration_new_hooks.py::test_check_ast_integration FAILED   [ 29%]
tests/test_integration_new_hooks.py::test_json_hooks_integration FAILED  [ 29%]
tests/test_integration_new_hooks.py::test_check_added_large_files_integration FAILED [ 29%]
tests/test_integration_new_hooks.py::test_hook_execution_with_timeout FAILED [ 29%]
tests/test_intelligence_system.py::TestAgentRegistry::test_registry_initialization PASSED [ 29%]
tests/test_intelligence_system.py::TestAgentRegistry::test_capability_mapping PASSED [ 29%]
tests/test_intelligence_system.py::TestAgentRegistry::test_agent_retrieval PASSED [ 29%]
tests/test_intelligence_system.py::TestAgentSelector::test_task_capability_analysis PASSED [ 29%]
tests/test_intelligence_system.py::TestAgentSelector::test_agent_selection PASSED [ 30%]
tests/test_intelligence_system.py::TestAgentSelector::test_task_complexity_analysis PASSED [ 30%]
tests/test_intelligence_system.py::TestIntelligentAgentSystem::test_system_initialization PASSED [ 30%]
tests/test_intelligence_system.py::TestIntelligentAgentSystem::test_smart_task_execution PASSED [ 30%]
tests/test_intelligence_system.py::TestIntelligentAgentSystem::test_crackerjack_issue_handling PASSED [ 30%]
tests/test_intelligence_system.py::TestIntelligentAgentSystem::test_system_status PASSED [ 30%]
tests/test_intelligence_system.py::TestIntegrationFunctions::test_smart_fix_issue PASSED [ 30%]
tests/test_intelligence_system.py::TestIntegrationFunctions::test_smart_execute_task PASSED [ 30%]
tests/test_interactive.py::test_launch_interactive_cli_basic SKIPPED     [ 30%]
tests/test_interactive.py::test_from_args_basic PASSED                   [ 30%]
tests/test_interactive.py::test_name_basic PASSED                        [ 30%]
tests/test_interactive.py::test_description_basic PASSED                 [ 30%]
tests/test_interactive.py::test_dependencies_basic PASSED                [ 30%]
tests/test_interactive.py::test_get_resolved_dependencies_basic PASSED   [ 30%]
tests/test_interactive.py::test_duration_basic PASSED                    [ 30%]
tests/test_interactive.py::test_start_basic PASSED                       [ 30%]
tests/test_interactive.py::test_complete_basic PASSED                    [ 30%]
tests/test_interactive.py::test_skip_basic PASSED                        [ 30%]
tests/test_interactive.py::test_fail_basic PASSED                        [ 30%]
tests/test_interactive.py::test_can_run_basic PASSED                     [ 30%]
tests/test_interactive.py::test_add_task_basic PASSED                    [ 30%]
tests/test_interactive.py::test_add_conditional_task_basic PASSED        [ 30%]
tests/test_interactive.py::test_build_basic PASSED                       [ 30%]
tests/test_interactive.py::test_load_workflow_basic PASSED               [ 30%]
tests/test_interactive.py::test_set_task_executor_basic PASSED           [ 30%]
tests/test_interactive.py::test_get_next_task_basic PASSED               [ 30%]
tests/test_interactive.py::test_all_tasks_completed_basic PASSED         [ 30%]
tests/test_interactive.py::test_run_task_basic PASSED                    [ 30%]
tests/test_interactive.py::test_display_task_tree_basic PASSED           [ 30%]
tests/test_interactive.py::test_get_workflow_summary_basic PASSED        [ 30%]
tests/test_interactive.py::test_create_dynamic_workflow_basic PASSED     [ 30%]
tests/test_interactive.py::test_run_interactive_workflow_basic PASSED    [ 30%]
tests/test_interactive.py::test_has_cycle_basic PASSED                   [ 30%]
tests/test_json_hooks.py::test_validate_json_file_valid PASSED           [ 30%]
tests/test_json_hooks.py::test_validate_json_file_invalid PASSED         [ 30%]
tests/test_json_hooks.py::test_format_json_file_valid PASSED             [ 30%]
tests/test_json_hooks.py::test_format_json_file_invalid PASSED           [ 30%]
tests/test_json_hooks.py::test_check_json_main_valid PASSED              [ 31%]
tests/test_json_hooks.py::test_check_json_main_invalid PASSED            [ 31%]
tests/test_json_hooks.py::test_format_json_main_valid PASSED             [ 31%]
tests/test_json_hooks.py::test_format_json_main_invalid PASSED           [ 31%]
tests/test_large_modules_coverage.py::TestCodeCleaner::test_init PASSED  [ 31%]
tests/test_large_modules_coverage.py::TestCodeCleaner::test_clean_files_method_exists PASSED [ 31%]
tests/test_large_modules_coverage.py::TestCodeCleaner::test_legacy_clean_method_exists PASSED [ 31%]
tests/test_large_modules_coverage.py::TestInteractiveModules::test_task_status_enum PASSED [ 31%]
tests/test_large_modules_coverage.py::TestInteractiveModules::test_workflow_options_defaults PASSED [ 31%]
tests/test_large_modules_coverage.py::TestInteractiveModules::test_workflow_options_with_values PASSED [ 31%]
tests/test_large_modules_coverage.py::TestInteractiveModules::test_workflow_options_from_args PASSED [ 31%]
tests/test_large_modules_coverage.py::TestInteractiveModules::test_task_creation PASSED [ 31%]
tests/test_large_modules_coverage.py::TestInteractiveModules::test_task_status_transitions PASSED [ 31%]
tests/test_large_modules_coverage.py::TestInteractiveModules::test_task_failure_handling PASSED [ 31%]
tests/test_large_modules_coverage.py::TestModernInteractiveCLI::test_init PASSED [ 31%]
tests/test_main_entry_coverage.py::TestBumpOption::test_bump_option_values PASSED [ 31%]
tests/test_main_entry_coverage.py::TestBumpOption::test_bump_option_from_string PASSED [ 31%]
tests/test_main_entry_coverage.py::TestBumpOption::test_bump_option_str_conversion PASSED [ 31%]
tests/test_main_entry_coverage.py::TestOptions::test_options_default_values PASSED [ 31%]
tests/test_main_entry_coverage.py::TestOptions::test_options_with_values PASSED [ 31%]
tests/test_main_entry_coverage.py::TestOptions::test_options_with_all_flags PASSED [ 31%]
tests/test_main_entry_coverage.py::TestOptions::test_options_validation PASSED [ 31%]
tests/test_main_entry_coverage.py::TestModuleImports::test_console_available PASSED [ 31%]
tests/test_main_entry_coverage.py::TestModuleImports::test_app_available PASSED [ 31%]
tests/test_main_entry_coverage.py::TestModuleImports::test_typer_app_help FAILED [ 31%]
tests/test_main_module.py::TestMainModuleImports::test_console_creation PASSED [ 31%]
tests/test_main_module.py::TestMainModuleImports::test_typer_app_creation PASSED [ 31%]
tests/test_main_module.py::TestMainModuleImports::test_imports_available PASSED [ 31%]
tests/test_main_module.py::TestMainModuleImports::test_cli_imports_available PASSED [ 31%]
tests/test_main_module.py::TestMainModuleImports::test_handler_imports_available SKIPPED [ 31%]
tests/test_main_module.py::TestMainModuleStructure::test_module_has_console PASSED [ 31%]
tests/test_main_module.py::TestMainModuleStructure::test_module_has_app PASSED [ 31%]
tests/test_main_module.py::TestMainModuleStructure::test_console_type PASSED [ 31%]
tests/test_main_module.py::TestMainModuleStructure::test_app_type PASSED [ 31%]
tests/test_main_module.py::TestMainModuleInitialization::test_module_can_be_imported PASSED [ 31%]
tests/test_main_module.py::TestMainModuleInitialization::test_module_imports_do_not_raise PASSED [ 31%]
tests/test_main_module.py::TestMainModuleInitialization::test_console_initialization PASSED [ 31%]
tests/test_main_module.py::TestMainModuleInitialization::test_typer_app_initialization PASSED [ 32%]
tests/test_main_module.py::TestMainModuleDependencies::test_typer_available PASSED [ 32%]
tests/test_main_module.py::TestMainModuleDependencies::test_rich_available PASSED [ 32%]
tests/test_main_module.py::TestMainModuleDependencies::test_cli_module_available PASSED [ 32%]
tests/test_main_module.py::TestMainModuleDependencies::test_cli_handlers_module_available PASSED [ 32%]
tests/test_main_module.py::TestMainModuleFunctionality::test_module_attributes_are_not_none PASSED [ 32%]
tests/test_main_module.py::TestMainModuleFunctionality::test_console_has_expected_interface PASSED [ 32%]
tests/test_main_module.py::TestMainModuleFunctionality::test_app_has_expected_interface PASSED [ 32%]
tests/test_main_module.py::TestMainModuleFunctionality::test_module_structure_consistency PASSED [ 32%]
tests/test_main_module.py::TestMainModuleIntegration::test_console_and_app_coexist PASSED [ 32%]
tests/test_main_module.py::TestMainModuleIntegration::test_module_level_initialization PASSED [ 32%]
tests/test_managers_consolidated.py::TestHookManagerImpl::test_initialization FAILED [ 32%]
tests/test_managers_consolidated.py::TestHookManagerImpl::test_run_fast_hooks_success FAILED [ 32%]
tests/test_managers_consolidated.py::TestHookManagerImpl::test_run_comprehensive_hooks_success FAILED [ 32%]
tests/test_managers_consolidated.py::TestHookManagerImpl::test_run_hooks_failure FAILED [ 32%]
tests/test_managers_consolidated.py::TestHookManagerImpl::test_skip_hooks_option FAILED [ 32%]
tests/test_managers_consolidated.py::TestTestManagementImpl::test_initialization PASSED [ 32%]
tests/test_managers_consolidated.py::TestTestManagementImpl::test_run_tests_success PASSED [ 32%]
tests/test_managers_consolidated.py::TestTestManagementImpl::test_run_tests_failure PASSED [ 32%]
tests/test_managers_consolidated.py::TestTestManagementImpl::test_test_disabled PASSED [ 32%]
tests/test_managers_consolidated.py::TestTestManagementImpl::test_benchmark_mode PASSED [ 32%]
tests/test_managers_consolidated.py::TestTestManagementImpl::test_test_workers_configuration PASSED [ 32%]
tests/test_managers_consolidated.py::TestTestManagementImpl::test_test_timeout_configuration PASSED [ 32%]
tests/test_managers_consolidated.py::TestTestManagementImpl::test_parse_test_statistics_success PASSED [ 32%]
tests/test_managers_consolidated.py::TestTestManagementImpl::test_parse_test_statistics_with_failures PASSED [ 32%]
tests/test_managers_consolidated.py::TestTestManagementImpl::test_parse_test_statistics_with_errors PASSED [ 32%]
tests/test_managers_consolidated.py::TestTestManagementImpl::test_parse_test_statistics_with_xfail_xpass PASSED [ 32%]
tests/test_managers_consolidated.py::TestTestManagementImpl::test_parse_test_statistics_with_coverage PASSED [ 32%]
tests/test_managers_consolidated.py::TestTestManagementImpl::test_parse_test_statistics_with_ansi_codes PASSED [ 32%]
tests/test_managers_consolidated.py::TestTestManagementImpl::test_parse_test_statistics_fallback_counts PASSED [ 32%]
tests/test_managers_consolidated.py::TestTestManagementImpl::test_parse_test_statistics_empty_output PASSED [ 32%]
tests/test_managers_consolidated.py::TestPublishManagerImpl::test_initialization PASSED [ 32%]
tests/test_managers_consolidated.py::TestPublishManagerImpl::test_version_bump_patch PASSED [ 32%]
tests/test_managers_consolidated.py::TestPublishManagerImpl::test_version_bump_minor PASSED [ 32%]
tests/test_managers_consolidated.py::TestPublishManagerImpl::test_version_bump_major PASSED [ 32%]
tests/test_managers_consolidated.py::TestPublishManagerImpl::test_publish_to_pypi PASSED [ 32%]
tests/test_managers_consolidated.py::TestPublishManagerImpl::test_publish_disabled PASSED [ 32%]
tests/test_managers_consolidated.py::TestPublishManagerImpl::test_dry_run_mode PASSED [ 32%]
tests/test_managers_consolidated.py::TestManagersIntegration::test_managers_work_together FAILED [ 33%]
tests/test_managers_consolidated.py::TestManagersIntegration::test_workflow_simulation FAILED [ 33%]
tests/test_managers_consolidated.py::TestManagerConfiguration::test_hook_config_integration FAILED [ 33%]
tests/test_managers_consolidated.py::TestManagerConfiguration::test_test_config_integration PASSED [ 33%]
tests/test_managers_consolidated.py::TestManagerConfiguration::test_publish_config_integration PASSED [ 33%]
tests/test_managers_consolidated.py::TestManagerErrorHandling::test_hook_manager_subprocess_error FAILED [ 33%]
tests/test_managers_consolidated.py::TestManagerErrorHandling::test_test_manager_subprocess_error PASSED [ 33%]
tests/test_managers_consolidated.py::TestManagerErrorHandling::test_publish_manager_subprocess_error PASSED [ 33%]
tests/test_mcp_server.py::TestMCPOptions::test_default_options PASSED    [ 33%]
tests/test_mcp_server.py::TestMCPOptions::test_custom_options PASSED     [ 33%]
tests/test_mcp_server.py::TestMCPServerIntegration::test_main_function_exists PASSED [ 33%]
tests/test_mcp_server.py::TestMCPServerIntegration::test_main_with_defaults PASSED [ 33%]
tests/test_mkdocs_integration.py::test_generate_site_basic PASSED        [ 33%]
tests/test_mkdocs_integration.py::test_build_site_basic PASSED           [ 33%]
tests/test_mkdocs_integration.py::test_create_config_from_project_basic PASSED [ 33%]
tests/test_mkdocs_integration.py::test_build_documentation_site_basic PASSED [ 33%]
tests/test_models_comprehensive.py::TestWorkflowOptions::test_workflow_options_defaults PASSED [ 33%]
tests/test_models_comprehensive.py::TestWorkflowOptions::test_cleaning_config_defaults PASSED [ 33%]
tests/test_models_comprehensive.py::TestWorkflowOptions::test_cleaning_config_with_values PASSED [ 33%]
tests/test_models_comprehensive.py::TestWorkflowOptions::test_testing_config_defaults PASSED [ 33%]
tests/test_models_comprehensive.py::TestWorkflowOptions::test_testing_config_with_values PASSED [ 33%]
tests/test_models_comprehensive.py::TestWorkflowOptions::test_publish_config_defaults PASSED [ 33%]
tests/test_models_comprehensive.py::TestWorkflowOptions::test_git_config_defaults PASSED [ 33%]
tests/test_models_comprehensive.py::TestWorkflowOptions::test_execution_config_defaults PASSED [ 33%]
tests/test_models_comprehensive.py::TestWorkflowOptions::test_workflow_options_backward_compatibility PASSED [ 33%]
tests/test_models_comprehensive.py::TestWorkflowOptions::test_workflow_options_nested_access PASSED [ 33%]
tests/test_models_comprehensive.py::TestTaskModels::test_task_status_creation PASSED [ 33%]
tests/test_models_comprehensive.py::TestTaskModels::test_task_status_defaults PASSED [ 33%]
tests/test_models_comprehensive.py::TestTaskModels::test_hook_result_creation PASSED [ 33%]
tests/test_models_comprehensive.py::TestTaskModels::test_hook_result_defaults PASSED [ 33%]
tests/test_models_comprehensive.py::TestTaskModels::test_session_tracker_creation PASSED [ 33%]
tests/test_models_comprehensive.py::TestTaskModels::test_session_tracker_with_tasks PASSED [ 33%]
tests/test_models_comprehensive.py::TestProtocolInterfaces::test_filesystem_interface_protocol PASSED [ 33%]
tests/test_models_comprehensive.py::TestProtocolInterfaces::test_git_interface_protocol PASSED [ 33%]
tests/test_models_comprehensive.py::TestProtocolInterfaces::test_hook_manager_protocol PASSED [ 33%]
tests/test_models_comprehensive.py::TestProtocolInterfaces::test_test_manager_protocol PASSED [ 33%]
tests/test_models_comprehensive.py::TestProtocolInterfaces::test_publish_manager_protocol PASSED [ 33%]
tests/test_models_comprehensive.py::TestModelIntegration::test_complex_workflow_options PASSED [ 34%]
tests/test_models_comprehensive.py::TestModelIntegration::test_task_workflow_integration PASSED [ 34%]
tests/test_models_config_adapter_coverage.py::TestOptionsAdapter::test_from_options_protocol_comprehensive FAILED [ 34%]
tests/test_models_config_adapter_coverage.py::TestOptionsAdapter::test_from_options_protocol_with_defaults PASSED [ 34%]
tests/test_models_config_adapter_coverage.py::TestOptionsAdapter::test_to_options_protocol PASSED [ 34%]
tests/test_models_config_adapter_coverage.py::TestLegacyOptionsWrapper::test_wrapper_initialization PASSED [ 34%]
tests/test_models_config_adapter_coverage.py::TestLegacyOptionsWrapper::test_git_properties FAILED [ 34%]
tests/test_models_config_adapter_coverage.py::TestLegacyOptionsWrapper::test_execution_properties PASSED [ 34%]
tests/test_models_config_adapter_coverage.py::TestLegacyOptionsWrapper::test_cleaning_properties FAILED [ 34%]
tests/test_models_config_adapter_coverage.py::TestLegacyOptionsWrapper::test_publishing_properties FAILED [ 34%]
tests/test_models_config_adapter_coverage.py::TestLegacyOptionsWrapper::test_testing_properties FAILED [ 34%]
tests/test_models_config_adapter_coverage.py::TestLegacyOptionsWrapper::test_ai_properties PASSED [ 34%]
tests/test_models_config_adapter_coverage.py::TestLegacyOptionsWrapper::test_hooks_properties PASSED [ 34%]
tests/test_models_config_adapter_coverage.py::TestLegacyOptionsWrapper::test_progress_properties FAILED [ 34%]
tests/test_models_config_adapter_coverage.py::TestIntegrationBothDirections::test_round_trip_conversion FAILED [ 34%]
tests/test_models_config_adapter_coverage.py::TestIntegrationBothDirections::test_complex_options_preservation FAILED [ 34%]
tests/test_models_config_adapter_coverage.py::TestIntegrationBothDirections::test_none_values_handling FAILED [ 34%]
tests/test_models_config_adapter_coverage.py::TestEdgeCasesAndDefaults::test_empty_options_object FAILED [ 34%]
tests/test_models_config_adapter_coverage.py::TestEdgeCasesAndDefaults::test_default_value_consistency PASSED [ 34%]
tests/test_models_config_adapter_coverage.py::TestEdgeCasesAndDefaults::test_boolean_type_safety PASSED [ 34%]
tests/test_models_focused.py::TestCleaningConfig::test_default_values PASSED [ 34%]
tests/test_models_focused.py::TestCleaningConfig::test_custom_values PASSED [ 34%]
tests/test_models_focused.py::TestCleaningConfig::test_partial_custom_values PASSED [ 34%]
tests/test_models_focused.py::TestHookConfig::test_default_values PASSED [ 34%]
tests/test_models_focused.py::TestHookConfig::test_all_custom_values PASSED [ 34%]
tests/test_models_focused.py::TestHookConfig::test_mixed_values PASSED   [ 34%]
tests/test_models_focused.py::TestTask::test_task_creation PASSED        [ 34%]
tests/test_models_focused.py::TestTask::test_task_with_details PASSED    [ 34%]
tests/test_models_focused.py::TestTask::test_task_to_dict PASSED         [ 34%]
tests/test_models_focused.py::TestTask::test_task_to_dict_no_details PASSED [ 34%]
tests/test_models_focused.py::TestTaskStatus::test_enum_values PASSED    [ 34%]
tests/test_models_focused.py::TestTaskStatus::test_enum_iteration PASSED [ 34%]
tests/test_models_focused.py::TestExecutionError::test_basic_error_creation PASSED [ 34%]
tests/test_models_focused.py::TestExecutionError::test_error_inheritance PASSED [ 34%]
tests/test_models_focused.py::TestExecutionError::test_error_with_different_codes PASSED [ 34%]
tests/test_models_focused.py::TestErrorCode::test_error_code_values PASSED [ 34%]
tests/test_models_focused.py::TestErrorCode::test_error_code_uniqueness PASSED [ 34%]
tests/test_models_focused.py::TestErrorCode::test_error_code_names PASSED [ 35%]
tests/test_models_focused.py::TestProtocols::test_filesystem_interface_exists PASSED [ 35%]
tests/test_models_focused.py::TestProtocols::test_options_protocol_exists PASSED [ 35%]
tests/test_models_focused.py::TestProtocols::test_command_runner_protocol PASSED [ 35%]
tests/test_models_focused.py::TestProtocols::test_protocol_typing PASSED [ 35%]
tests/test_models_focused.py::TestIntegrationScenarios::test_complete_workflow_scenario PASSED [ 35%]
tests/test_models_focused.py::TestIntegrationScenarios::test_error_handling_scenario PASSED [ 35%]
tests/test_models_task_coverage.py::TestHookResult::test_hook_result_creation_minimal PASSED [ 35%]
tests/test_models_task_coverage.py::TestHookResult::test_hook_result_creation_full PASSED [ 35%]
tests/test_models_task_coverage.py::TestHookResult::test_hook_result_post_init_none_issues PASSED [ 35%]
tests/test_models_task_coverage.py::TestHookResult::test_hook_result_post_init_existing_issues PASSED [ 35%]
tests/test_models_task_coverage.py::TestTaskStatus::test_task_status_creation_minimal FAILED [ 35%]
tests/test_models_task_coverage.py::TestTaskStatus::test_task_status_creation_full FAILED [ 35%]
tests/test_models_task_coverage.py::TestTaskStatus::test_task_status_post_init_none_files_changed FAILED [ 35%]
tests/test_models_task_coverage.py::TestTaskStatus::test_task_status_post_init_existing_files_changed FAILED [ 35%]
tests/test_models_task_coverage.py::TestTaskStatus::test_task_status_post_init_duration_calculation FAILED [ 35%]
tests/test_models_task_coverage.py::TestTaskStatus::test_task_status_post_init_no_duration_calculation FAILED [ 35%]
tests/test_models_task_coverage.py::TestSessionTracker::test_session_tracker_creation PASSED [ 35%]
tests/test_models_task_coverage.py::TestSessionTracker::test_session_tracker_init_with_existing_data FAILED [ 35%]
tests/test_models_task_coverage.py::TestSessionTracker::test_session_tracker_init_empty_collections PASSED [ 35%]
tests/test_models_task_coverage.py::TestSessionTracker::test_start_task_basic PASSED [ 35%]
tests/test_models_task_coverage.py::TestSessionTracker::test_start_task_with_details PASSED [ 35%]
tests/test_models_task_coverage.py::TestSessionTracker::test_complete_task_existing FAILED [ 35%]
tests/test_models_task_coverage.py::TestSessionTracker::test_complete_task_with_files_changed PASSED [ 35%]
tests/test_models_task_coverage.py::TestSessionTracker::test_complete_task_nonexistent PASSED [ 35%]
tests/test_models_task_coverage.py::TestSessionTracker::test_complete_task_different_current_task PASSED [ 35%]
tests/test_models_task_coverage.py::TestSessionTracker::test_fail_task_existing PASSED [ 35%]
tests/test_models_task_coverage.py::TestSessionTracker::test_fail_task_nonexistent PASSED [ 35%]
tests/test_models_task_coverage.py::TestSessionTracker::test_fail_task_different_current_task PASSED [ 35%]
tests/test_models_task_coverage.py::TestSessionTracker::test_update_progress_file FAILED [ 35%]
tests/test_models_task_coverage.py::TestSessionTracker::test_get_summary_empty PASSED [ 35%]
tests/test_models_task_coverage.py::TestSessionTracker::test_get_summary_with_tasks PASSED [ 35%]
tests/test_models_task_coverage.py::TestSessionTracker::test_get_summary_duration_calculation PASSED [ 35%]
tests/test_models_task_coverage.py::TestTaskStatusEdgeCases::test_task_status_duration_calculation_zero_start_time FAILED [ 35%]
tests/test_models_task_coverage.py::TestTaskStatusEdgeCases::test_task_status_negative_duration FAILED [ 35%]
tests/test_models_task_coverage.py::TestSessionTrackerIntegration::test_full_task_lifecycle PASSED [ 35%]
tests/test_models_task_coverage.py::TestSessionTrackerIntegration::test_multiple_tasks_workflow PASSED [ 35%]
tests/test_modernized_code.py::TestCodeCleaner::test_initialization PASSED [ 35%]
tests/test_modernized_code.py::TestCodeCleaner::test_should_process_file_valid FAILED [ 36%]
tests/test_modernized_code.py::TestCodeCleaner::test_should_process_file_invalid PASSED [ 36%]
tests/test_modernized_code.py::TestCodeCleaner::test_clean_files_empty_directory FAILED [ 36%]
tests/test_modernized_code.py::TestCodeCleaner::test_clean_file_basic FAILED [ 36%]
tests/test_modernized_code.py::TestFileProcessor::test_read_file_safely_success PASSED [ 36%]
tests/test_modernized_code.py::TestFileProcessor::test_read_file_safely_not_found PASSED [ 36%]
tests/test_modernized_code.py::TestFileProcessor::test_write_file_safely_success PASSED [ 36%]
tests/test_modernized_code.py::TestFileProcessor::test_backup_file PASSED [ 36%]
tests/test_modernized_code.py::TestCleaningErrorHandler::test_handle_file_error PASSED [ 36%]
tests/test_modernized_code.py::TestCleaningErrorHandler::test_log_cleaning_result_success PASSED [ 36%]
tests/test_modernized_code.py::TestCleaningErrorHandler::test_log_cleaning_result_failure PASSED [ 36%]
tests/test_modernized_code.py::TestWorkflowBuilder::test_add_task PASSED [ 36%]
tests/test_modernized_code.py::TestWorkflowBuilder::test_add_conditional_task_enabled PASSED [ 36%]
tests/test_modernized_code.py::TestWorkflowBuilder::test_add_conditional_task_disabled PASSED [ 36%]
tests/test_modernized_code.py::TestWorkflowBuilder::test_build_valid_workflow PASSED [ 36%]
tests/test_modernized_code.py::TestWorkflowBuilder::test_build_invalid_dependency PASSED [ 36%]
tests/test_modernized_code.py::TestWorkflowBuilder::test_build_circular_dependency PASSED [ 36%]
tests/test_modernized_code.py::TestWorkflowManager::test_load_workflow PASSED [ 36%]
tests/test_modernized_code.py::TestWorkflowManager::test_get_next_task PASSED [ 36%]
tests/test_modernized_code.py::TestWorkflowManager::test_set_task_executor PASSED [ 36%]
tests/test_modernized_code.py::TestWorkflowManager::test_run_task_success PASSED [ 36%]
tests/test_modernized_code.py::TestWorkflowManager::test_run_task_failure PASSED [ 36%]
tests/test_modernized_code.py::TestWorkflowManager::test_run_task_no_executor PASSED [ 36%]
tests/test_modernized_code.py::TestWorkflowManager::test_all_tasks_completed_false PASSED [ 36%]
tests/test_modernized_code.py::TestWorkflowManager::test_all_tasks_completed_true PASSED [ 36%]
tests/test_modernized_code.py::TestWorkflowOptions::test_default_values PASSED [ 36%]
tests/test_modernized_code.py::TestWorkflowOptions::test_from_args_with_attributes FAILED [ 36%]
tests/test_modernized_code.py::TestWorkflowOptions::test_from_args_missing_attributes PASSED [ 36%]
tests/test_modernized_code.py::TestInteractiveCLI::test_initialization PASSED [ 36%]
tests/test_modernized_code.py::TestInteractiveCLI::test_create_dynamic_workflow_minimal PASSED [ 36%]
tests/test_modernized_code.py::TestInteractiveCLI::test_create_dynamic_workflow_full PASSED [ 36%]
tests/test_performance.py::test_memoize_with_ttl_basic FAILED            [ 36%]
tests/test_performance.py::test_batch_file_operations_basic FAILED       [ 36%]
tests/test_performance.py::test_optimize_subprocess_calls_basic FAILED   [ 36%]
tests/test_performance.py::test_get_performance_monitor_basic FAILED     [ 36%]
tests/test_performance.py::test_reset_performance_monitor_basic FAILED   [ 36%]
tests/test_performance.py::test_get_basic FAILED                         [ 36%]
tests/test_performance.py::test_set_basic PASSED                         [ 37%]
tests/test_performance.py::test_clear_basic FAILED                       [ 37%]
tests/test_performance.py::test_size_basic FAILED                        [ 37%]
tests/test_performance.py::test_time_operation_basic FAILED              [ 37%]
tests/test_performance.py::test_record_metric_basic FAILED               [ 37%]
tests/test_performance.py::test_get_stats_basic FAILED                   [ 37%]
tests/test_performance.py::test_print_stats_basic FAILED                 [ 37%]
tests/test_performance.py::test_decorator_basic FAILED                   [ 37%]
tests/test_performance.py::test_get_python_files_basic FAILED            [ 37%]
tests/test_performance.py::test_get_modified_files_basic FAILED          [ 37%]
tests/test_performance.py::test_clear_cache_basic FAILED                 [ 37%]
tests/test_performance.py::test_execute_tasks_basic FAILED               [ 37%]
tests/test_performance.py::test_run_command_basic FAILED                 [ 37%]
tests/test_performance.py::test_wrapper_basic FAILED                     [ 37%]
tests/test_performance_agent_enhanced.py::TestEnhancedPerformanceDetection::test_enhanced_confidence_scoring PASSED [ 37%]
tests/test_performance_agent_enhanced.py::TestNestedLoopDetection::test_detect_simple_nested_loops FAILED [ 37%]
tests/test_performance_agent_enhanced.py::TestNestedLoopDetection::test_complexity_priority_classification FAILED [ 37%]
tests/test_performance_agent_enhanced.py::TestListOperationOptimization::test_list_concatenation_in_loops FAILED [ 37%]
tests/test_performance_agent_enhanced.py::TestListOperationOptimization::test_performance_impact_assessment FAILED [ 37%]
tests/test_performance_agent_enhanced.py::TestStringOptimization::test_string_concatenation_patterns FAILED [ 37%]
tests/test_performance_agent_enhanced.py::TestStringOptimization::test_string_impact_assessment FAILED [ 37%]
tests/test_performance_agent_enhanced.py::TestBuiltinOptimization::test_repeated_builtin_calls FAILED [ 37%]
tests/test_performance_agent_enhanced.py::TestComprehensiveOptimization::test_multiple_optimization_types FAILED [ 37%]
tests/test_performance_agent_enhanced.py::TestPerformanceMetrics::test_performance_measurement_tracking FAILED [ 37%]

==================================== ERRORS ====================================
_________________ ERROR at setup of TestHookManager.test_init __________________
/Users/les/Projects/crackerjack/tests/test_hook_manager_simple.py:22: in hook_manager
    return HookManagerImpl(pkg_path, console=console)
           ^^^^^^^^^^^^^^^^^^^^^^^^^^^^^^^^^^^^^^^^^^
/Users/les/Projects/crackerjack/crackerjack/managers/hook_manager.py:201: in __init__
    self._load_orchestration_config(
/Users/les/Projects/crackerjack/crackerjack/managers/hook_manager.py:151: in _load_orchestration_config
    self._create_default_orchestration_config(
/Users/les/Projects/crackerjack/crackerjack/managers/hook_manager.py:95: in _create_default_orchestration_config
    from crackerjack.orchestration.hook_orchestrator import (
E   ModuleNotFoundError: No module named 'crackerjack.orchestration'
________ ERROR at setup of TestHookManager.test_get_hook_summary_empty _________
/Users/les/Projects/crackerjack/tests/test_hook_manager_simple.py:22: in hook_manager
    return HookManagerImpl(pkg_path, console=console)
           ^^^^^^^^^^^^^^^^^^^^^^^^^^^^^^^^^^^^^^^^^^
/Users/les/Projects/crackerjack/crackerjack/managers/hook_manager.py:201: in __init__
    self._load_orchestration_config(
/Users/les/Projects/crackerjack/crackerjack/managers/hook_manager.py:151: in _load_orchestration_config
    self._create_default_orchestration_config(
/Users/les/Projects/crackerjack/crackerjack/managers/hook_manager.py:95: in _create_default_orchestration_config
    from crackerjack.orchestration.hook_orchestrator import (
E   ModuleNotFoundError: No module named 'crackerjack.orchestration'
_____ ERROR at setup of TestHookManager.test_get_hook_summary_with_results _____
/Users/les/Projects/crackerjack/tests/test_hook_manager_simple.py:22: in hook_manager
    return HookManagerImpl(pkg_path, console=console)
           ^^^^^^^^^^^^^^^^^^^^^^^^^^^^^^^^^^^^^^^^^^
/Users/les/Projects/crackerjack/crackerjack/managers/hook_manager.py:201: in __init__
    self._load_orchestration_config(
/Users/les/Projects/crackerjack/crackerjack/managers/hook_manager.py:151: in _load_orchestration_config
    self._create_default_orchestration_config(
/Users/les/Projects/crackerjack/crackerjack/managers/hook_manager.py:95: in _create_default_orchestration_config
    from crackerjack.orchestration.hook_orchestrator import (
E   ModuleNotFoundError: No module named 'crackerjack.orchestration'
____________ ERROR at setup of TestHookManager.test_run_fast_hooks _____________
/Users/les/Projects/crackerjack/tests/test_hook_manager_simple.py:22: in hook_manager
    return HookManagerImpl(pkg_path, console=console)
           ^^^^^^^^^^^^^^^^^^^^^^^^^^^^^^^^^^^^^^^^^^
/Users/les/Projects/crackerjack/crackerjack/managers/hook_manager.py:201: in __init__
    self._load_orchestration_config(
/Users/les/Projects/crackerjack/crackerjack/managers/hook_manager.py:151: in _load_orchestration_config
    self._create_default_orchestration_config(
/Users/les/Projects/crackerjack/crackerjack/managers/hook_manager.py:95: in _create_default_orchestration_config
    from crackerjack.orchestration.hook_orchestrator import (
E   ModuleNotFoundError: No module named 'crackerjack.orchestration'
________ ERROR at setup of TestHookManager.test_run_comprehensive_hooks ________
/Users/les/Projects/crackerjack/tests/test_hook_manager_simple.py:22: in hook_manager
    return HookManagerImpl(pkg_path, console=console)
           ^^^^^^^^^^^^^^^^^^^^^^^^^^^^^^^^^^^^^^^^^^
/Users/les/Projects/crackerjack/crackerjack/managers/hook_manager.py:201: in __init__
    self._load_orchestration_config(
/Users/les/Projects/crackerjack/crackerjack/managers/hook_manager.py:151: in _load_orchestration_config
    self._create_default_orchestration_config(
/Users/les/Projects/crackerjack/crackerjack/managers/hook_manager.py:95: in _create_default_orchestration_config
    from crackerjack.orchestration.hook_orchestrator import (
E   ModuleNotFoundError: No module named 'crackerjack.orchestration'
_____________ ERROR at setup of TestHookManager.test_install_hooks _____________
/Users/les/Projects/crackerjack/tests/test_hook_manager_simple.py:22: in hook_manager
    return HookManagerImpl(pkg_path, console=console)
           ^^^^^^^^^^^^^^^^^^^^^^^^^^^^^^^^^^^^^^^^^^
/Users/les/Projects/crackerjack/crackerjack/managers/hook_manager.py:201: in __init__
    self._load_orchestration_config(
/Users/les/Projects/crackerjack/crackerjack/managers/hook_manager.py:151: in _load_orchestration_config
    self._create_default_orchestration_config(
/Users/les/Projects/crackerjack/crackerjack/managers/hook_manager.py:95: in _create_default_orchestration_config
    from crackerjack.orchestration.hook_orchestrator import (
E   ModuleNotFoundError: No module named 'crackerjack.orchestration'
_____________ ERROR at setup of TestHookManager.test_update_hooks ______________
/Users/les/Projects/crackerjack/tests/test_hook_manager_simple.py:22: in hook_manager
    return HookManagerImpl(pkg_path, console=console)
           ^^^^^^^^^^^^^^^^^^^^^^^^^^^^^^^^^^^^^^^^^^
/Users/les/Projects/crackerjack/crackerjack/managers/hook_manager.py:201: in __init__
    self._load_orchestration_config(
/Users/les/Projects/crackerjack/crackerjack/managers/hook_manager.py:151: in _load_orchestration_config
    self._create_default_orchestration_config(
/Users/les/Projects/crackerjack/crackerjack/managers/hook_manager.py:95: in _create_default_orchestration_config
    from crackerjack.orchestration.hook_orchestrator import (
E   ModuleNotFoundError: No module named 'crackerjack.orchestration'
_ ERROR at setup of TestInitializationPrecommitHandling.test_precommit_config_not_copied_during_initialization _
/Users/les/Projects/crackerjack/tests/test_initialization_precommit_integration.py:30: in git_service
    return GitService(console, Path.cwd())
           ^^^^^^^^^^^^^^^^^^^^^^^^^^^^^^^
E   TypeError: GitService.__init__() takes from 1 to 2 positional arguments but 3 were given
_ ERROR at setup of TestInitializationPrecommitHandling.test_config_files_dict_excludes_precommit _
/Users/les/Projects/crackerjack/tests/test_initialization_precommit_integration.py:30: in git_service
    return GitService(console, Path.cwd())
           ^^^^^^^^^^^^^^^^^^^^^^^^^^^^^^^
E   TypeError: GitService.__init__() takes from 1 to 2 positional arguments but 3 were given
_ ERROR at setup of TestInitializationPrecommitHandling.test_initialization_with_force_flag_still_skips_precommit _
/Users/les/Projects/crackerjack/tests/test_initialization_precommit_integration.py:30: in git_service
    return GitService(console, Path.cwd())
           ^^^^^^^^^^^^^^^^^^^^^^^^^^^^^^^
E   TypeError: GitService.__init__() takes from 1 to 2 positional arguments but 3 were given
_ ERROR at setup of TestInitializationService.test_get_config_files_excludes_precommit _
/Users/les/Projects/crackerjack/tests/test_initialization_service.py:30: in git_service
    return GitService(console, Path.cwd())
           ^^^^^^^^^^^^^^^^^^^^^^^^^^^^^^^
E   TypeError: GitService.__init__() takes from 1 to 2 positional arguments but 3 were given
_ ERROR at setup of TestInitializationService.test_initialize_project_full_without_precommit _
/Users/les/Projects/crackerjack/tests/test_initialization_service.py:30: in git_service
    return GitService(console, Path.cwd())
           ^^^^^^^^^^^^^^^^^^^^^^^^^^^^^^^
E   TypeError: GitService.__init__() takes from 1 to 2 positional arguments but 3 were given
_ ERROR at setup of TestInitializationService.test_process_config_file_skips_precommit _
/Users/les/Projects/crackerjack/tests/test_initialization_service.py:30: in git_service
    return GitService(console, Path.cwd())
           ^^^^^^^^^^^^^^^^^^^^^^^^^^^^^^^
E   TypeError: GitService.__init__() takes from 1 to 2 positional arguments but 3 were given
_ ERROR at setup of TestInitializationService.test_process_config_file_processes_other_files _
/Users/les/Projects/crackerjack/tests/test_initialization_service.py:30: in git_service
    return GitService(console, Path.cwd())
           ^^^^^^^^^^^^^^^^^^^^^^^^^^^^^^^
E   TypeError: GitService.__init__() takes from 1 to 2 positional arguments but 3 were given
=================================== FAILURES ===================================
____ TestAutofixCoordinator.test_apply_autofix_for_hooks_exception_handling ____
crackerjack/core/autofix_coordinator.py:27: in apply_autofix_for_hooks
    if self._should_skip_autofix(hook_results):
       ^^^^^^^^^^^^^^^^^^^^^^^^^^^^^^^^^^^^^^^
../../.local/share/uv/python/cpython-3.13.11-macos-x86_64-none/lib/python3.13/unittest/mock.py:1169: in __call__
    return self._mock_call(*args, **kwargs)
           ^^^^^^^^^^^^^^^^^^^^^^^^^^^^^^^^
../../.local/share/uv/python/cpython-3.13.11-macos-x86_64-none/lib/python3.13/unittest/mock.py:1173: in _mock_call
    return self._execute_mock_call(*args, **kwargs)
           ^^^^^^^^^^^^^^^^^^^^^^^^^^^^^^^^^^^^^^^^
../../.local/share/uv/python/cpython-3.13.11-macos-x86_64-none/lib/python3.13/unittest/mock.py:1228: in _execute_mock_call
    raise effect
E   Exception: Test error

During handling of the above exception, another exception occurred:
tests/test_core_autofix_coordinator.py:78: in test_apply_autofix_for_hooks_exception_handling
    result = coordinator.apply_autofix_for_hooks("fast", hook_results)
             ^^^^^^^^^^^^^^^^^^^^^^^^^^^^^^^^^^^^^^^^^^^^^^^^^^^^^^^^^
crackerjack/core/autofix_coordinator.py:38: in apply_autofix_for_hooks
    self.logger.exception("Error applying autofix", error=str(e))
../../.local/share/uv/python/cpython-3.13.11-macos-x86_64-none/lib/python3.13/logging/__init__.py:1555: in exception
    self.error(msg, *args, exc_info=exc_info, **kwargs)
../../.local/share/uv/python/cpython-3.13.11-macos-x86_64-none/lib/python3.13/logging/__init__.py:1549: in error
    self._log(ERROR, msg, args, **kwargs)
E   TypeError: Logger._log() got an unexpected keyword argument 'error'
____________ TestAutofixCoordinator.test_run_fix_command_exception _____________
crackerjack/core/autofix_coordinator.py:122: in _run_fix_command
    result = subprocess.run(
../../.local/share/uv/python/cpython-3.13.11-macos-x86_64-none/lib/python3.13/unittest/mock.py:1169: in __call__
    return self._mock_call(*args, **kwargs)
           ^^^^^^^^^^^^^^^^^^^^^^^^^^^^^^^^
../../.local/share/uv/python/cpython-3.13.11-macos-x86_64-none/lib/python3.13/unittest/mock.py:1173: in _mock_call
    return self._execute_mock_call(*args, **kwargs)
           ^^^^^^^^^^^^^^^^^^^^^^^^^^^^^^^^^^^^^^^^
../../.local/share/uv/python/cpython-3.13.11-macos-x86_64-none/lib/python3.13/unittest/mock.py:1228: in _execute_mock_call
    raise effect
E   Exception: Test error

During handling of the above exception, another exception occurred:
tests/test_core_autofix_coordinator.py:245: in test_run_fix_command_exception
    result = coordinator._run_fix_command(cmd, "test")
             ^^^^^^^^^^^^^^^^^^^^^^^^^^^^^^^^^^^^^^^^^
crackerjack/core/autofix_coordinator.py:131: in _run_fix_command
    self.logger.exception(
../../.local/share/uv/python/cpython-3.13.11-macos-x86_64-none/lib/python3.13/logging/__init__.py:1555: in exception
    self.error(msg, *args, exc_info=exc_info, **kwargs)
../../.local/share/uv/python/cpython-3.13.11-macos-x86_64-none/lib/python3.13/logging/__init__.py:1549: in error
    self._log(ERROR, msg, args, **kwargs)
E   TypeError: Logger._log() got an unexpected keyword argument 'error'
__________ TestAutofixCoordinator.test_handle_command_result_failure ___________
tests/test_core_autofix_coordinator.py:268: in test_handle_command_result_failure
    handled = coordinator._handle_command_result(result, "test")
              ^^^^^^^^^^^^^^^^^^^^^^^^^^^^^^^^^^^^^^^^^^^^^^^^^^
crackerjack/core/autofix_coordinator.py:147: in _handle_command_result
    self.logger.warning(
../../.local/share/uv/python/cpython-3.13.11-macos-x86_64-none/lib/python3.13/logging/__init__.py:1532: in warning
    self._log(WARNING, msg, args, **kwargs)
E   TypeError: Logger._log() got an unexpected keyword argument 'returncode'
____________ TestAutofixCoordinatorIntegration.test_error_recovery _____________
crackerjack/core/autofix_coordinator.py:31: in apply_autofix_for_hooks
    return self._apply_fast_stage_fixes()
           ^^^^^^^^^^^^^^^^^^^^^^^^^^^^^^
crackerjack/core/autofix_coordinator.py:63: in _apply_fast_stage_fixes
    return self._execute_fast_fixes()
           ^^^^^^^^^^^^^^^^^^^^^^^^^^
crackerjack/core/autofix_coordinator.py:110: in _execute_fast_fixes
    if not self._run_fix_command(cmd, description):
           ^^^^^^^^^^^^^^^^^^^^^^^^^^^^^^^^^^^^^^^
../../.local/share/uv/python/cpython-3.13.11-macos-x86_64-none/lib/python3.13/unittest/mock.py:1169: in __call__
    return self._mock_call(*args, **kwargs)
           ^^^^^^^^^^^^^^^^^^^^^^^^^^^^^^^^
../../.local/share/uv/python/cpython-3.13.11-macos-x86_64-none/lib/python3.13/unittest/mock.py:1173: in _mock_call
    return self._execute_mock_call(*args, **kwargs)
           ^^^^^^^^^^^^^^^^^^^^^^^^^^^^^^^^^^^^^^^^
../../.local/share/uv/python/cpython-3.13.11-macos-x86_64-none/lib/python3.13/unittest/mock.py:1228: in _execute_mock_call
    raise effect
E   Exception: Test error

During handling of the above exception, another exception occurred:
tests/test_core_autofix_coordinator.py:405: in test_error_recovery
    result = coordinator.apply_autofix_for_hooks("fast", hook_results)
             ^^^^^^^^^^^^^^^^^^^^^^^^^^^^^^^^^^^^^^^^^^^^^^^^^^^^^^^^^
crackerjack/core/autofix_coordinator.py:38: in apply_autofix_for_hooks
    self.logger.exception("Error applying autofix", error=str(e))
../../.local/share/uv/python/cpython-3.13.11-macos-x86_64-none/lib/python3.13/logging/__init__.py:1555: in exception
    self.error(msg, *args, exc_info=exc_info, **kwargs)
../../.local/share/uv/python/cpython-3.13.11-macos-x86_64-none/lib/python3.13/logging/__init__.py:1549: in error
    self._log(ERROR, msg, args, **kwargs)
E   TypeError: Logger._log() got an unexpected keyword argument 'error'
____ TestAsyncHookExecutorIntegration.test_async_executor_uses_lock_manager ____
tests/test_executors/test_lock_integration.py:40: in test_async_executor_uses_lock_manager
    executor = AsyncHookExecutor(
E   TypeError: AsyncHookExecutor.__init__() got an unexpected keyword argument 'logger'
_ TestAsyncHookExecutorIntegration.test_async_executor_with_global_locks_enabled _
tests/test_executors/test_lock_integration.py:61: in test_async_executor_with_global_locks_enabled
    executor = AsyncHookExecutor(
E   TypeError: AsyncHookExecutor.__init__() got an unexpected keyword argument 'logger'
_ TestAsyncHookExecutorIntegration.test_async_executor_with_global_locks_disabled _
tests/test_executors/test_lock_integration.py:100: in test_async_executor_with_global_locks_disabled
    executor = AsyncHookExecutor(
E   TypeError: AsyncHookExecutor.__init__() got an unexpected keyword argument 'logger'
__ TestAsyncHookExecutorIntegration.test_async_executor_concurrent_prevention __
tests/test_executors/test_lock_integration.py:145: in test_async_executor_concurrent_prevention
    executor1 = AsyncHookExecutor(
E   TypeError: AsyncHookExecutor.__init__() got an unexpected keyword argument 'logger'
____ TestHookExecutorLockCoordination.test_cross_executor_lock_coordination ____
tests/test_executors/test_lock_integration.py:266: in test_cross_executor_lock_coordination
    async_executor = AsyncHookExecutor(
E   TypeError: AsyncHookExecutor.__init__() got an unexpected keyword argument 'logger'
____ TestHookExecutorLockCoordination.test_executor_global_lock_statistics _____
tests/test_executors/test_lock_integration.py:328: in test_executor_global_lock_statistics
    executor = AsyncHookExecutor(
E   TypeError: AsyncHookExecutor.__init__() got an unexpected keyword argument 'logger'
____ TestExecutorConfigurationFlow.test_disabled_global_locks_configuration ____
tests/test_executors/test_lock_integration.py:406: in test_disabled_global_locks_configuration
    async_executor = AsyncHookExecutor(
E   TypeError: AsyncHookExecutor.__init__() got an unexpected keyword argument 'logger'
_______ TestExecutorConfigurationFlow.test_custom_timeout_configuration ________
tests/test_executors/test_lock_integration.py:434: in test_custom_timeout_configuration
    executor = AsyncHookExecutor(
E   TypeError: AsyncHookExecutor.__init__() got an unexpected keyword argument 'logger'
___ TestExecutorErrorHandling.test_executor_handles_lock_failures_gracefully ___
tests/test_executors/test_lock_integration.py:453: in test_executor_handles_lock_failures_gracefully
    executor = AsyncHookExecutor(
E   TypeError: AsyncHookExecutor.__init__() got an unexpected keyword argument 'logger'
___ TestExecutorErrorHandling.test_executor_handles_lock_timeout_gracefully ____
tests/test_executors/test_lock_integration.py:515: in test_executor_handles_lock_timeout_gracefully
    executor = AsyncHookExecutor(
E   TypeError: AsyncHookExecutor.__init__() got an unexpected keyword argument 'logger'
___ TestExecutorDefaultLockManager.test_async_executor_default_lock_manager ____
tests/test_executors/test_lock_integration.py:550: in test_async_executor_default_lock_manager
    executor = AsyncHookExecutor(logger=logger, console=console, pkg_path=tmp_path)
               ^^^^^^^^^^^^^^^^^^^^^^^^^^^^^^^^^^^^^^^^^^^^^^^^^^^^^^^^^^^^^^^^^^^^
E   TypeError: AsyncHookExecutor.__init__() got an unexpected keyword argument 'logger'
___ TestExecutorDefaultLockManager.test_executors_share_default_lock_manager ___
tests/test_executors/test_lock_integration.py:579: in test_executors_share_default_lock_manager
    async_executor = AsyncHookExecutor(logger=logger, console=console, pkg_path=tmp_path)
                     ^^^^^^^^^^^^^^^^^^^^^^^^^^^^^^^^^^^^^^^^^^^^^^^^^^^^^^^^^^^^^^^^^^^^
E   TypeError: AsyncHookExecutor.__init__() got an unexpected keyword argument 'logger'
______ TestExecutorLockManagerMocking.test_mock_lock_manager_integration _______
tests/test_executors/test_lock_integration.py:620: in test_mock_lock_manager_integration
    executor = AsyncHookExecutor(
E   TypeError: AsyncHookExecutor.__init__() got an unexpected keyword argument 'logger'
_____ TestExecutorLockManagerMocking.test_mock_lock_manager_configuration ______
tests/test_executors/test_lock_integration.py:674: in test_mock_lock_manager_configuration
    executor = AsyncHookExecutor(
E   TypeError: AsyncHookExecutor.__init__() got an unexpected keyword argument 'logger'
_____________________ TestHookManager.test_init_with_mocks _____________________
/Users/les/Projects/crackerjack/tests/test_hook_manager_simple.py:41: in test_init_with_mocks
    HookManagerImpl(pkg_path, console=console)
/Users/les/Projects/crackerjack/crackerjack/managers/hook_manager.py:201: in __init__
    self._load_orchestration_config(
/Users/les/Projects/crackerjack/crackerjack/managers/hook_manager.py:151: in _load_orchestration_config
    self._create_default_orchestration_config(
/Users/les/Projects/crackerjack/crackerjack/managers/hook_manager.py:95: in _create_default_orchestration_config
    from crackerjack.orchestration.hook_orchestrator import (
E   ModuleNotFoundError: No module named 'crackerjack.orchestration'
__________________________ test_check_ast_integration __________________________
/Users/les/Projects/crackerjack/tests/test_integration_new_hooks.py:43: in test_check_ast_integration
    executor = AsyncHookExecutor(logger=logger, console=console, pkg_path=test_dir)
               ^^^^^^^^^^^^^^^^^^^^^^^^^^^^^^^^^^^^^^^^^^^^^^^^^^^^^^^^^^^^^^^^^^^^
E   TypeError: AsyncHookExecutor.__init__() got an unexpected keyword argument 'logger'
_________________________ test_json_hooks_integration __________________________
/Users/les/Projects/crackerjack/tests/test_integration_new_hooks.py:87: in test_json_hooks_integration
    executor = AsyncHookExecutor(logger=logger, console=console, pkg_path=test_dir)
               ^^^^^^^^^^^^^^^^^^^^^^^^^^^^^^^^^^^^^^^^^^^^^^^^^^^^^^^^^^^^^^^^^^^^
E   TypeError: AsyncHookExecutor.__init__() got an unexpected keyword argument 'logger'
___________________ test_check_added_large_files_integration ___________________
/Users/les/Projects/crackerjack/tests/test_integration_new_hooks.py:137: in test_check_added_large_files_integration
    executor = AsyncHookExecutor(logger=logger, console=console, pkg_path=test_dir)
               ^^^^^^^^^^^^^^^^^^^^^^^^^^^^^^^^^^^^^^^^^^^^^^^^^^^^^^^^^^^^^^^^^^^^
E   TypeError: AsyncHookExecutor.__init__() got an unexpected keyword argument 'logger'
_______________________ test_hook_execution_with_timeout _______________________
/Users/les/Projects/crackerjack/tests/test_integration_new_hooks.py:176: in test_hook_execution_with_timeout
    executor = AsyncHookExecutor(logger=logger, console=console, pkg_path=test_dir)
               ^^^^^^^^^^^^^^^^^^^^^^^^^^^^^^^^^^^^^^^^^^^^^^^^^^^^^^^^^^^^^^^^^^^^
E   TypeError: AsyncHookExecutor.__init__() got an unexpected keyword argument 'logger'
____________________ TestModuleImports.test_typer_app_help _____________________
/Users/les/Projects/crackerjack/tests/test_main_entry_coverage.py:112: in test_typer_app_help
    assert "Crackerjack" in str(app.info.help)
E   AssertionError: assert 'Crackerjack' in 'Python QA tooling with AI integration and Oneiric runtime management'
E    +  where 'Python QA tooling with AI integration and Oneiric runtime management' = str('Python QA tooling with AI integration and Oneiric runtime management')
E    +    where 'Python QA tooling with AI integration and Oneiric runtime management' = <typer.models.TyperInfo object at 0x1134eb4d0>.help
E    +      where <typer.models.TyperInfo object at 0x1134eb4d0> = app.info
___________________ TestHookManagerImpl.test_initialization ____________________
/Users/les/Projects/crackerjack/tests/test_managers_consolidated.py:148: in test_initialization
    manager = HookManagerImpl(pkg_path=temp_project, enable_orchestration=False)
              ^^^^^^^^^^^^^^^^^^^^^^^^^^^^^^^^^^^^^^^^^^^^^^^^^^^^^^^^^^^^^^^^^^
/Users/les/Projects/crackerjack/crackerjack/managers/hook_manager.py:201: in __init__
    self._load_orchestration_config(
/Users/les/Projects/crackerjack/crackerjack/managers/hook_manager.py:151: in _load_orchestration_config
    self._create_default_orchestration_config(
/Users/les/Projects/crackerjack/crackerjack/managers/hook_manager.py:95: in _create_default_orchestration_config
    from crackerjack.orchestration.hook_orchestrator import (
E   ModuleNotFoundError: No module named 'crackerjack.orchestration'
_______________ TestHookManagerImpl.test_run_fast_hooks_success ________________
/Users/les/Projects/crackerjack/tests/test_managers_consolidated.py:155: in test_run_fast_hooks_success
    manager = HookManagerImpl(pkg_path=temp_project, enable_orchestration=False)
              ^^^^^^^^^^^^^^^^^^^^^^^^^^^^^^^^^^^^^^^^^^^^^^^^^^^^^^^^^^^^^^^^^^
/Users/les/Projects/crackerjack/crackerjack/managers/hook_manager.py:201: in __init__
    self._load_orchestration_config(
/Users/les/Projects/crackerjack/crackerjack/managers/hook_manager.py:151: in _load_orchestration_config
    self._create_default_orchestration_config(
/Users/les/Projects/crackerjack/crackerjack/managers/hook_manager.py:95: in _create_default_orchestration_config
    from crackerjack.orchestration.hook_orchestrator import (
E   ModuleNotFoundError: No module named 'crackerjack.orchestration'
___________ TestHookManagerImpl.test_run_comprehensive_hooks_success ___________
/Users/les/Projects/crackerjack/tests/test_managers_consolidated.py:169: in test_run_comprehensive_hooks_success
    manager = HookManagerImpl(pkg_path=temp_project, enable_orchestration=False)
              ^^^^^^^^^^^^^^^^^^^^^^^^^^^^^^^^^^^^^^^^^^^^^^^^^^^^^^^^^^^^^^^^^^
/Users/les/Projects/crackerjack/crackerjack/managers/hook_manager.py:201: in __init__
    self._load_orchestration_config(
/Users/les/Projects/crackerjack/crackerjack/managers/hook_manager.py:151: in _load_orchestration_config
    self._create_default_orchestration_config(
/Users/les/Projects/crackerjack/crackerjack/managers/hook_manager.py:95: in _create_default_orchestration_config
    from crackerjack.orchestration.hook_orchestrator import (
E   ModuleNotFoundError: No module named 'crackerjack.orchestration'
__________________ TestHookManagerImpl.test_run_hooks_failure __________________
/Users/les/Projects/crackerjack/tests/test_managers_consolidated.py:178: in test_run_hooks_failure
    manager = HookManagerImpl(pkg_path=temp_project, enable_orchestration=False)
              ^^^^^^^^^^^^^^^^^^^^^^^^^^^^^^^^^^^^^^^^^^^^^^^^^^^^^^^^^^^^^^^^^^
/Users/les/Projects/crackerjack/crackerjack/managers/hook_manager.py:201: in __init__
    self._load_orchestration_config(
/Users/les/Projects/crackerjack/crackerjack/managers/hook_manager.py:151: in _load_orchestration_config
    self._create_default_orchestration_config(
/Users/les/Projects/crackerjack/crackerjack/managers/hook_manager.py:95: in _create_default_orchestration_config
    from crackerjack.orchestration.hook_orchestrator import (
E   ModuleNotFoundError: No module named 'crackerjack.orchestration'
__________________ TestHookManagerImpl.test_skip_hooks_option __________________
/Users/les/Projects/crackerjack/tests/test_managers_consolidated.py:184: in test_skip_hooks_option
    manager = HookManagerImpl(pkg_path=temp_project, enable_orchestration=False)
              ^^^^^^^^^^^^^^^^^^^^^^^^^^^^^^^^^^^^^^^^^^^^^^^^^^^^^^^^^^^^^^^^^^
/Users/les/Projects/crackerjack/crackerjack/managers/hook_manager.py:201: in __init__
    self._load_orchestration_config(
/Users/les/Projects/crackerjack/crackerjack/managers/hook_manager.py:151: in _load_orchestration_config
    self._create_default_orchestration_config(
/Users/les/Projects/crackerjack/crackerjack/managers/hook_manager.py:95: in _create_default_orchestration_config
    from crackerjack.orchestration.hook_orchestrator import (
E   ModuleNotFoundError: No module named 'crackerjack.orchestration'
_____________ TestManagersIntegration.test_managers_work_together ______________
/Users/les/Projects/crackerjack/tests/test_managers_consolidated.py:562: in test_managers_work_together
    hook_manager = HookManagerImpl(pkg_path=temp_project)
                   ^^^^^^^^^^^^^^^^^^^^^^^^^^^^^^^^^^^^^^
/Users/les/Projects/crackerjack/crackerjack/managers/hook_manager.py:201: in __init__
    self._load_orchestration_config(
/Users/les/Projects/crackerjack/crackerjack/managers/hook_manager.py:151: in _load_orchestration_config
    self._create_default_orchestration_config(
/Users/les/Projects/crackerjack/crackerjack/managers/hook_manager.py:95: in _create_default_orchestration_config
    from crackerjack.orchestration.hook_orchestrator import (
E   ModuleNotFoundError: No module named 'crackerjack.orchestration'
_______________ TestManagersIntegration.test_workflow_simulation _______________
/Users/les/Projects/crackerjack/tests/test_managers_consolidated.py:576: in test_workflow_simulation
    hook_manager = HookManagerImpl(console=console, pkg_path=temp_project)
                   ^^^^^^^^^^^^^^^^^^^^^^^^^^^^^^^^^^^^^^^^^^^^^^^^^^^^^^^
/Users/les/Projects/crackerjack/crackerjack/managers/hook_manager.py:201: in __init__
    self._load_orchestration_config(
/Users/les/Projects/crackerjack/crackerjack/managers/hook_manager.py:151: in _load_orchestration_config
    self._create_default_orchestration_config(
/Users/les/Projects/crackerjack/crackerjack/managers/hook_manager.py:95: in _create_default_orchestration_config
    from crackerjack.orchestration.hook_orchestrator import (
E   ModuleNotFoundError: No module named 'crackerjack.orchestration'
____________ TestManagerConfiguration.test_hook_config_integration _____________
/Users/les/Projects/crackerjack/tests/test_managers_consolidated.py:590: in test_hook_config_integration
    manager = HookManagerImpl(console=console, pkg_path=temp_project)
              ^^^^^^^^^^^^^^^^^^^^^^^^^^^^^^^^^^^^^^^^^^^^^^^^^^^^^^^
/Users/les/Projects/crackerjack/crackerjack/managers/hook_manager.py:201: in __init__
    self._load_orchestration_config(
/Users/les/Projects/crackerjack/crackerjack/managers/hook_manager.py:151: in _load_orchestration_config
    self._create_default_orchestration_config(
/Users/les/Projects/crackerjack/crackerjack/managers/hook_manager.py:95: in _create_default_orchestration_config
    from crackerjack.orchestration.hook_orchestrator import (
E   ModuleNotFoundError: No module named 'crackerjack.orchestration'
_________ TestManagerErrorHandling.test_hook_manager_subprocess_error __________
/Users/les/Projects/crackerjack/tests/test_managers_consolidated.py:647: in test_hook_manager_subprocess_error
    manager = HookManagerImpl(console=console, pkg_path=temp_project)
              ^^^^^^^^^^^^^^^^^^^^^^^^^^^^^^^^^^^^^^^^^^^^^^^^^^^^^^^
/Users/les/Projects/crackerjack/crackerjack/managers/hook_manager.py:201: in __init__
    self._load_orchestration_config(
/Users/les/Projects/crackerjack/crackerjack/managers/hook_manager.py:151: in _load_orchestration_config
    self._create_default_orchestration_config(
/Users/les/Projects/crackerjack/crackerjack/managers/hook_manager.py:95: in _create_default_orchestration_config
    from crackerjack.orchestration.hook_orchestrator import (
E   ModuleNotFoundError: No module named 'crackerjack.orchestration'
_________ TestOptionsAdapter.test_from_options_protocol_comprehensive __________
/Users/les/Projects/crackerjack/tests/test_models_config_adapter_coverage.py:86: in test_from_options_protocol_comprehensive
    assert workflow_options.testing.benchmark_regression is True
E   AssertionError: assert False is True
E    +  where False = TestConfig(test=True, benchmark=False, benchmark_regression=False, benchmark_regression_threshold=0.1, test_workers=4, test_timeout=300).benchmark_regression
E    +    where TestConfig(test=True, benchmark=False, benchmark_regression=False, benchmark_regression_threshold=0.1, test_workers=4, test_timeout=300) = WorkflowOptions(cleaning=CleaningConfig(clean=True, update_docs=False, force_update_docs=True, compress_docs=False, auto_compress_docs=True, targets=[]), hooks=HookConfig(skip_hooks=False, update_precommit=True, experimental_hooks=False, enable_pyrefly=True, enable_ty=False, enable_lsp_optimization=False), testing=TestConfig(test=True, benchmark=False, benchmark_regression=False, benchmark_regression_threshold=0.1, test_workers=4, test_timeout=300), publishing=PublishConfig(publish='patch', bump='minor', all='major', cleanup_pypi=False, keep_releases=10, no_git_tags=False, skip_version_check=True), git=GitConfig(commit=True, create_pr=False), ai=AIConfig(ai_agent=True, autofix=True, ai_agent_autofix=False, start_mcp_server=False, max_iterations=5), execution=ExecutionConfig(interactive=False, verbose=True, async_mode=False, no_config_updates=True, dry_run=False), progress=ProgressConfig(track_progress=True, resume_from=None, progress_file=None), cleanup=CleanupConfig(auto_cleanup=True, keep_debug_logs=5, keep_coverage_files=10), advanced=AdvancedConfig(enabled=True, license_key=None, organization=None), mcp_server=MCPServerConfig(http_port=8676, http_host='127.0.0.1', websocket_port=8675, http_enabled=False), zuban_lsp=ZubanLSPConfig(enabled=True, auto_start=True, port=8677, mode='stdio', timeout=30), _DEFAULT_OVERRIDES={'clean': False, 'test': False, 'publish': None, 'bump': None, 'commit': False, 'create_pr': False, 'interactive': True, 'dry_run': False}).testing
_________________ TestLegacyOptionsWrapper.test_git_properties _________________
/Users/les/Projects/crackerjack/tests/test_models_config_adapter_coverage.py:204: in test_git_properties
    assert wrapper.create_pr is True
E   assert False is True
E    +  where False = <crackerjack.models.config_adapter.LegacyOptionsWrapper object at 0x11bd82990>.create_pr
______________ TestLegacyOptionsWrapper.test_cleaning_properties _______________
/Users/les/Projects/crackerjack/tests/test_models_config_adapter_coverage.py:213: in test_cleaning_properties
    assert wrapper.clean is True
E   assert False is True
E    +  where False = <crackerjack.models.config_adapter.LegacyOptionsWrapper object at 0x11c049350>.clean
_____________ TestLegacyOptionsWrapper.test_publishing_properties ______________
/Users/les/Projects/crackerjack/tests/test_models_config_adapter_coverage.py:220: in test_publishing_properties
    assert wrapper.cleanup_pypi is False
           ^^^^^^^^^^^^^^^^^^^^
E   AttributeError: 'LegacyOptionsWrapper' object has no attribute 'cleanup_pypi'
_______________ TestLegacyOptionsWrapper.test_testing_properties _______________
/Users/les/Projects/crackerjack/tests/test_models_config_adapter_coverage.py:229: in test_testing_properties
    assert wrapper.test is True
E   assert False is True
E    +  where False = <crackerjack.models.config_adapter.LegacyOptionsWrapper object at 0x11c08a030>.test
______________ TestLegacyOptionsWrapper.test_progress_properties _______________
/Users/les/Projects/crackerjack/tests/test_models_config_adapter_coverage.py:249: in test_progress_properties
    assert wrapper.resume_from == "test_session"
           ^^^^^^^^^^^^^^^^^^^
E   AttributeError: 'LegacyOptionsWrapper' object has no attribute 'resume_from'
___________ TestIntegrationBothDirections.test_round_trip_conversion ___________
/Users/les/Projects/crackerjack/tests/test_models_config_adapter_coverage.py:284: in test_round_trip_conversion
    assert legacy_wrapper.cleanup_pypi == original_options.cleanup_pypi
           ^^^^^^^^^^^^^^^^^^^^^^^^^^^
E   AttributeError: 'LegacyOptionsWrapper' object has no attribute 'cleanup_pypi'
_______ TestIntegrationBothDirections.test_complex_options_preservation ________
/Users/les/Projects/crackerjack/tests/test_models_config_adapter_coverage.py:298: in test_complex_options_preservation
    assert legacy_wrapper.benchmark_regression_threshold == 0.15
           ^^^^^^^^^^^^^^^^^^^^^^^^^^^^^^^^^^^^^^^^^^^^^
E   AttributeError: 'LegacyOptionsWrapper' object has no attribute 'benchmark_regression_threshold'
___________ TestIntegrationBothDirections.test_none_values_handling ____________
/Users/les/Projects/crackerjack/tests/test_models_config_adapter_coverage.py:319: in test_none_values_handling
    assert legacy_wrapper.resume_from is None
           ^^^^^^^^^^^^^^^^^^^^^^^^^^
E   AttributeError: 'LegacyOptionsWrapper' object has no attribute 'resume_from'
______________ TestEdgeCasesAndDefaults.test_empty_options_object ______________
/Users/les/Projects/crackerjack/tests/test_models_config_adapter_coverage.py:332: in test_empty_options_object
    assert workflow_options.cleaning.clean is True
E   AssertionError: assert False is True
E    +  where False = CleaningConfig(clean=False, update_docs=False, force_update_docs=False, compress_docs=False, auto_compress_docs=False, targets=[]).clean
E    +    where CleaningConfig(clean=False, update_docs=False, force_update_docs=False, compress_docs=False, auto_compress_docs=False, targets=[]) = WorkflowOptions(cleaning=CleaningConfig(clean=False, update_docs=False, force_update_docs=False, compress_docs=False, auto_compress_docs=False, targets=[]), hooks=HookConfig(skip_hooks=False, update_precommit=False, experimental_hooks=False, enable_pyrefly=False, enable_ty=False, enable_lsp_optimization=False), testing=TestConfig(test=False, benchmark=False, benchmark_regression=False, benchmark_regression_threshold=0.1, test_workers=0, test_timeout=0), publishing=PublishConfig(publish=None, bump=None, all=None, cleanup_pypi=False, keep_releases=10, no_git_tags=False, skip_version_check=False), git=GitConfig(commit=False, create_pr=False), ai=AIConfig(ai_agent=False, autofix=True, ai_agent_autofix=False, start_mcp_server=False, max_iterations=5), execution=ExecutionConfig(interactive=False, verbose=False, async_mode=False, no_config_updates=False, dry_run=False), progress=ProgressConfig(track_progress=False, resume_from=None, progress_file=None), cleanup=CleanupConfig(auto_cleanup=True, keep_debug_logs=5, keep_coverage_files=10), advanced=AdvancedConfig(enabled=False, license_key=None, organization=None), mcp_server=MCPServerConfig(http_port=8676, http_host='127.0.0.1', websocket_port=8675, http_enabled=False), zuban_lsp=ZubanLSPConfig(enabled=True, auto_start=True, port=8677, mode='stdio', timeout=30), _DEFAULT_OVERRIDES={'clean': False, 'test': False, 'publish': None, 'bump': None, 'commit': False, 'create_pr': False, 'interactive': True, 'dry_run': False}).cleaning
_______________ TestTaskStatus.test_task_status_creation_minimal _______________
/Users/les/Projects/crackerjack/tests/test_models_task_coverage.py:75: in test_task_status_creation_minimal
    status = TaskStatus(id="task - 1", name="Test Task", status="pending")
             ^^^^^^^^^^^^^^^^^^^^^^^^^^^^^^^^^^^^^^^^^^^^^^^^^^^^^^^^^^^^^
E   TypeError: EnumType.__call__() got an unexpected keyword argument 'id'
________________ TestTaskStatus.test_task_status_creation_full _________________
/Users/les/Projects/crackerjack/tests/test_models_task_coverage.py:92: in test_task_status_creation_full
    status = TaskStatus(
E   TypeError: EnumType.__call__() got an unexpected keyword argument 'id'
_________ TestTaskStatus.test_task_status_post_init_none_files_changed _________
/Users/les/Projects/crackerjack/tests/test_models_task_coverage.py:115: in test_task_status_post_init_none_files_changed
    status = TaskStatus(
E   TypeError: EnumType.__call__() got an unexpected keyword argument 'id'
_______ TestTaskStatus.test_task_status_post_init_existing_files_changed _______
/Users/les/Projects/crackerjack/tests/test_models_task_coverage.py:126: in test_task_status_post_init_existing_files_changed
    status = TaskStatus(
E   TypeError: EnumType.__call__() got an unexpected keyword argument 'id'
________ TestTaskStatus.test_task_status_post_init_duration_calculation ________
/Users/les/Projects/crackerjack/tests/test_models_task_coverage.py:140: in test_task_status_post_init_duration_calculation
    status = TaskStatus(
E   TypeError: EnumType.__call__() got an unexpected keyword argument 'id'
______ TestTaskStatus.test_task_status_post_init_no_duration_calculation _______
/Users/les/Projects/crackerjack/tests/test_models_task_coverage.py:151: in test_task_status_post_init_no_duration_calculation
    status = TaskStatus(
E   TypeError: EnumType.__call__() got an unexpected keyword argument 'id'
_______ TestSessionTracker.test_session_tracker_init_with_existing_data ________
/Users/les/Projects/crackerjack/tests/test_models_task_coverage.py:221: in test_session_tracker_init_with_existing_data
    existing_tasks = {"task1": TaskStatus("task1", "Task 1", "completed")}
                               ^^^^^^^^^^^^^^^^^^^^^^^^^^^^^^^^^^^^^^^^^^
/Users/les/.local/share/uv/python/cpython-3.13.11-macos-x86_64-none/lib/python3.13/enum.py:726: in __call__
    return cls.__new__(cls, value)
           ^^^^^^^^^^^^^^^^^^^^^^^
/Users/les/.local/share/uv/python/cpython-3.13.11-macos-x86_64-none/lib/python3.13/enum.py:1203: in __new__
    raise ve_exc
E   ValueError: ('task1', 'Task 1', 'completed') is not a valid TaskStatus
________________ TestSessionTracker.test_complete_task_existing ________________
/Users/les/.local/share/uv/python/cpython-3.13.11-macos-x86_64-none/lib/python3.13/unittest/mock.py:979: in assert_called_with
    raise AssertionError(_error_message()) from cause
E   AssertionError: expected call not found.
E   Expected: print('[green][/ green] Completed: Test Task')
E     Actual: print('[yellow][/ yellow] Started: Test Task')

During handling of the above exception, another exception occurred:
/Users/les/Projects/crackerjack/tests/test_models_task_coverage.py:283: in test_complete_task_existing
    session_tracker.console.print.assert_called_with(
E   AssertionError: expected call not found.
E   Expected: print('[green][/ green] Completed: Test Task')
E     Actual: print('[yellow][/ yellow] Started: Test Task')
E   
E   pytest introspection follows:
E   
E   Args:
E   assert ('[yellow][/...: Test Task',) == ('[green][/ ...: Test Task',)
E     
E     At index 0 diff: '[yellow][/ yellow] Started: Test Task' != '[green][/ green] Completed: Test Task'
E     
E     Full diff:
E       (
E     -     '[green][/ green] Completed: Test Task',
E     +     '[yellow][/ yellow] Started: Test Task',
E       )
_________________ TestSessionTracker.test_update_progress_file _________________
/Users/les/Projects/crackerjack/tests/test_models_task_coverage.py:346: in test_update_progress_file
    session_tracker._update_progress_file()
    ^^^^^^^^^^^^^^^^^^^^^^^^^^^^^^^^^^^^^
/Users/les/Projects/crackerjack/.venv/lib/python3.13/site-packages/pydantic/main.py:1026: in __getattr__
    raise AttributeError(f'{type(self).__name__!r} object has no attribute {item!r}')
E   AttributeError: 'SessionTracker' object has no attribute '_update_progress_file'
_ TestTaskStatusEdgeCases.test_task_status_duration_calculation_zero_start_time _
/Users/les/Projects/crackerjack/tests/test_models_task_coverage.py:388: in test_task_status_duration_calculation_zero_start_time
    status = TaskStatus(
E   TypeError: EnumType.__call__() got an unexpected keyword argument 'id'
__________ TestTaskStatusEdgeCases.test_task_status_negative_duration __________
/Users/les/Projects/crackerjack/tests/test_models_task_coverage.py:399: in test_task_status_negative_duration
    status = TaskStatus(
E   TypeError: EnumType.__call__() got an unexpected keyword argument 'id'
________________ TestCodeCleaner.test_should_process_file_valid ________________
/Users/les/Projects/crackerjack/tests/test_modernized_code.py:49: in test_should_process_file_valid
    assert cleaner.should_process_file(test_file) is True
E   AssertionError: assert False is True
E    +  where False = should_process_file(PosixPath('/var/folders/kb/k4k33dq55xg_hms12z4db1vw0000gn/T/tmp9avwld10/test_module.py'))
E    +    where should_process_file = CodeCleaner(console=<console width=80 None>, file_processor=FileProcessor(console=<console width=80 None>, logger=<_FixedFindCallerLogger crackerjack.code_cleaner.file_processor (WARNING)>, base_directory=PosixPath('/private/var/folders/kb/k4k33dq55xg_hms12z4db1vw0000gn/T/crackerjack_test_m6dc4ggd'), security_logger=<crackerjack.services.security_logger.SecurityLogger object at 0x118f06270>), error_handler=CleaningErrorHandler(console=<console width=80 None>, logger=<_FixedFindCallerLogger crackerjack.code_cleaner.error_handler (WARNING)>), pipeline=CleaningPipeline(file_processor=FileProcessor(console=<console width=80 None>, logger=<_FixedFindCallerLogger crackerjack.code_cleaner.file_processor (WARNING)>, base_directory=PosixPath('/private/var/folders/kb/k4k33dq55xg_hms12z4db1vw0000gn/T/crackerjack_test_m6dc4ggd'), security_logger=<crackerjack.services.security_logger.SecurityLogger object at 0x118f06270>), error_handler=CleaningErrorHandler(console=<console width=80 None>, logger=<_FixedFindCallerLogger crackerjack.code_cleaner.error_handler (WARNING)>), console=<console width=80 None>, logger=<_FixedFindCallerLogger crackerjack.code_cleaner.pipeline (WARNING)>), logger=<_FixedFindCallerLogger crackerjack.code_cleaner (WARNING)>, base_directory=PosixPath('/private/var/folders/kb/k4k33dq55xg_hms12z4db1vw0000gn/T/crackerjack_test_m6dc4ggd'), security_logger=<crackerjack.services.security_logger.SecurityLogger object at 0x118f06270>, backup_service=PackageBackupService(logger=<_FixedFindCallerLogger crackerjack.backup_service (WARNING)>, security_logger=<crackerjack.services.security_logger.SecurityLogger object at 0x118f06270>, backup_root=PosixPath('/var/folders/kb/k4k33dq55xg_hms12z4db1vw0000gn/T/crackerjack_backups'))).should_process_file
_______________ TestCodeCleaner.test_clean_files_empty_directory _______________
/Users/les/Projects/crackerjack/tests/test_modernized_code.py:62: in test_clean_files_empty_directory
    results = cleaner.clean_files(temp_path)
              ^^^^^^^^^^^^^^^^^^^^^^^^^^^^^^
/Users/les/Projects/crackerjack/crackerjack/code_cleaner.py:436: in clean_files
    package_result = self.clean_files_with_backup(pkg_dir)
                     ^^^^^^^^^^^^^^^^^^^^^^^^^^^^^^^^^^^^^
/Users/les/Projects/crackerjack/crackerjack/code_cleaner.py:480: in clean_files_with_backup
    validated_pkg_dir = self._prepare_package_directory(pkg_dir)
                        ^^^^^^^^^^^^^^^^^^^^^^^^^^^^^^^^^^^^^^^^
/Users/les/Projects/crackerjack/crackerjack/code_cleaner.py:515: in _prepare_package_directory
    raise ExecutionError(
E   crackerjack.errors.ExecutionError: Path outside allowed directory: /var/folders/kb/k4k33dq55xg_hms12z4db1vw0000gn/T/tmpxjswv5sh not within /private/var/folders/kb/k4k33dq55xg_hms12z4db1vw0000gn/T/crackerjack_test_m6dc4ggd
____________________ TestCodeCleaner.test_clean_file_basic _____________________
/Users/les/Projects/crackerjack/tests/test_modernized_code.py:74: in test_clean_file_basic
    assert result.original_size > 0
E   AssertionError: assert 0 > 0
E    +  where 0 = CleaningResult(file_path=PosixPath('/var/folders/kb/k4k33dq55xg_hms12z4db1vw0000gn/T/tmpz5hhvjyk/test.py'), success=False, steps_completed=[], steps_failed=['file_processing'], warnings=[], original_size=0, cleaned_size=0, backup_metadata=None).original_size
----------------------------- Captured stdout call -----------------------------
 Warning: file_processing failed for 
/var/folders/kb/k4k33dq55xg_hms12z4db1vw0000gn/T/tmpz5hhvjyk/test.py: Path 
outside allowed directory: 
/private/var/folders/kb/k4k33dq55xg_hms12z4db1vw0000gn/T/tmpz5hhvjyk/test.py not
within 
/private/var/folders/kb/k4k33dq55xg_hms12z4db1vw0000gn/T/crackerjack_test_m6dc4g
gd
Cleaning step failed
------------------------------ Captured log call -------------------------------
WARNING  crackerjack.code_cleaner.error_handler:code_cleaner.py:220 Cleaning step failed
______________ TestWorkflowOptions.test_from_args_with_attributes ______________
/Users/les/Projects/crackerjack/tests/test_modernized_code.py:356: in test_from_args_with_attributes
    assert options.interactive is False
E   AssertionError: assert True is False
E    +  where True = WorkflowOptions(cleaning=CleaningConfig(clean=True, update_docs=False, force_update_docs=False, compress_docs=False, auto_compress_docs=False, targets=[]), hooks=HookConfig(skip_hooks=False, update_precommit=False, experimental_hooks=False, enable_pyrefly=False, enable_ty=False, enable_lsp_optimization=False), testing=TestConfig(test=True, benchmark=False, benchmark_regression=False, benchmark_regression_threshold=0.1, test_workers=0, test_timeout=0), publishing=PublishConfig(publish='pypi', bump='patch', all=None, cleanup_pypi=False, keep_releases=10, no_git_tags=False, skip_version_check=False), git=GitConfig(commit=True, create_pr=False), ai=AIConfig(ai_agent=False, autofix=True, ai_agent_autofix=False, start_mcp_server=False, max_iterations=5), execution=ExecutionConfig(interactive=True, verbose=False, async_mode=False, no_config_updates=False, dry_run=True), progress=ProgressConfig(track_progress=False, resume_from=None, progress_file=None), cleanup=CleanupConfig(auto_cleanup=True, keep_debug_logs=5, keep_coverage_files=10), advanced=AdvancedConfig(enabled=False, license_key=None, organization=None), mcp_server=MCPServerConfig(http_port=8676, http_host='127.0.0.1', websocket_port=8675, http_enabled=False), zuban_lsp=ZubanLSPConfig(enabled=True, auto_start=True, port=8677, mode='stdio', timeout=30), _DEFAULT_OVERRIDES={'clean': False, 'test': False, 'publish': None, 'bump': None, 'commit': False, 'create_pr': False, 'interactive': True, 'dry_run': False}).interactive
_________________________ test_memoize_with_ttl_basic __________________________
/Users/les/Projects/crackerjack/tests/test_performance.py:7: in test_memoize_with_ttl_basic
    result = memoize_with_ttl()
             ^^^^^^^^^^^^^^^^
E   NameError: name 'memoize_with_ttl' is not defined

During handling of the above exception, another exception occurred:
/Users/les/Projects/crackerjack/tests/test_performance.py:14: in test_memoize_with_ttl_basic
    pytest.fail(f"Unexpected error in memoize_with_ttl: {e}")
E   Failed: Unexpected error in memoize_with_ttl: name 'memoize_with_ttl' is not defined
_______________________ test_batch_file_operations_basic _______________________
/Users/les/Projects/crackerjack/tests/test_performance.py:19: in test_batch_file_operations_basic
    result = batch_file_operations()
             ^^^^^^^^^^^^^^^^^^^^^
E   NameError: name 'batch_file_operations' is not defined

During handling of the above exception, another exception occurred:
/Users/les/Projects/crackerjack/tests/test_performance.py:26: in test_batch_file_operations_basic
    pytest.fail(f"Unexpected error in batch_file_operations: {e}")
E   Failed: Unexpected error in batch_file_operations: name 'batch_file_operations' is not defined
_____________________ test_optimize_subprocess_calls_basic _____________________
/Users/les/Projects/crackerjack/tests/test_performance.py:31: in test_optimize_subprocess_calls_basic
    result = optimize_subprocess_calls()
             ^^^^^^^^^^^^^^^^^^^^^^^^^
E   NameError: name 'optimize_subprocess_calls' is not defined

During handling of the above exception, another exception occurred:
/Users/les/Projects/crackerjack/tests/test_performance.py:38: in test_optimize_subprocess_calls_basic
    pytest.fail(f"Unexpected error in optimize_subprocess_calls: {e}")
E   Failed: Unexpected error in optimize_subprocess_calls: name 'optimize_subprocess_calls' is not defined
______________________ test_get_performance_monitor_basic ______________________
/Users/les/Projects/crackerjack/tests/test_performance.py:43: in test_get_performance_monitor_basic
    result = get_performance_monitor()
             ^^^^^^^^^^^^^^^^^^^^^^^
E   NameError: name 'get_performance_monitor' is not defined

During handling of the above exception, another exception occurred:
/Users/les/Projects/crackerjack/tests/test_performance.py:50: in test_get_performance_monitor_basic
    pytest.fail(f"Unexpected error in get_performance_monitor: {e}")
E   Failed: Unexpected error in get_performance_monitor: name 'get_performance_monitor' is not defined
_____________________ test_reset_performance_monitor_basic _____________________
/Users/les/Projects/crackerjack/tests/test_performance.py:55: in test_reset_performance_monitor_basic
    result = reset_performance_monitor()
             ^^^^^^^^^^^^^^^^^^^^^^^^^
E   NameError: name 'reset_performance_monitor' is not defined

During handling of the above exception, another exception occurred:
/Users/les/Projects/crackerjack/tests/test_performance.py:62: in test_reset_performance_monitor_basic
    pytest.fail(f"Unexpected error in reset_performance_monitor: {e}")
E   Failed: Unexpected error in reset_performance_monitor: name 'reset_performance_monitor' is not defined
________________________________ test_get_basic ________________________________
/Users/les/Projects/crackerjack/tests/test_performance.py:67: in test_get_basic
    result = get()
             ^^^
E   NameError: name 'get' is not defined

During handling of the above exception, another exception occurred:
/Users/les/Projects/crackerjack/tests/test_performance.py:74: in test_get_basic
    pytest.fail(f"Unexpected error in get: {e}")
E   Failed: Unexpected error in get: name 'get' is not defined
_______________________________ test_clear_basic _______________________________
/Users/les/Projects/crackerjack/tests/test_performance.py:91: in test_clear_basic
    result = clear()
             ^^^^^
E   NameError: name 'clear' is not defined

During handling of the above exception, another exception occurred:
/Users/les/Projects/crackerjack/tests/test_performance.py:98: in test_clear_basic
    pytest.fail(f"Unexpected error in clear: {e}")
E   Failed: Unexpected error in clear: name 'clear' is not defined
_______________________________ test_size_basic ________________________________
/Users/les/Projects/crackerjack/tests/test_performance.py:103: in test_size_basic
    result = size()
             ^^^^
E   NameError: name 'size' is not defined

During handling of the above exception, another exception occurred:
/Users/les/Projects/crackerjack/tests/test_performance.py:110: in test_size_basic
    pytest.fail(f"Unexpected error in size: {e}")
E   Failed: Unexpected error in size: name 'size' is not defined
__________________________ test_time_operation_basic ___________________________
/Users/les/Projects/crackerjack/tests/test_performance.py:115: in test_time_operation_basic
    result = time_operation()
             ^^^^^^^^^^^^^^
E   NameError: name 'time_operation' is not defined

During handling of the above exception, another exception occurred:
/Users/les/Projects/crackerjack/tests/test_performance.py:122: in test_time_operation_basic
    pytest.fail(f"Unexpected error in time_operation: {e}")
E   Failed: Unexpected error in time_operation: name 'time_operation' is not defined
___________________________ test_record_metric_basic ___________________________
/Users/les/Projects/crackerjack/tests/test_performance.py:127: in test_record_metric_basic
    result = record_metric()
             ^^^^^^^^^^^^^
E   NameError: name 'record_metric' is not defined

During handling of the above exception, another exception occurred:
/Users/les/Projects/crackerjack/tests/test_performance.py:134: in test_record_metric_basic
    pytest.fail(f"Unexpected error in record_metric: {e}")
E   Failed: Unexpected error in record_metric: name 'record_metric' is not defined
_____________________________ test_get_stats_basic _____________________________
/Users/les/Projects/crackerjack/tests/test_performance.py:139: in test_get_stats_basic
    result = get_stats()
             ^^^^^^^^^
E   NameError: name 'get_stats' is not defined

During handling of the above exception, another exception occurred:
/Users/les/Projects/crackerjack/tests/test_performance.py:146: in test_get_stats_basic
    pytest.fail(f"Unexpected error in get_stats: {e}")
E   Failed: Unexpected error in get_stats: name 'get_stats' is not defined
____________________________ test_print_stats_basic ____________________________
/Users/les/Projects/crackerjack/tests/test_performance.py:151: in test_print_stats_basic
    result = print_stats()
             ^^^^^^^^^^^
E   NameError: name 'print_stats' is not defined

During handling of the above exception, another exception occurred:
/Users/les/Projects/crackerjack/tests/test_performance.py:158: in test_print_stats_basic
    pytest.fail(f"Unexpected error in print_stats: {e}")
E   Failed: Unexpected error in print_stats: name 'print_stats' is not defined
_____________________________ test_decorator_basic _____________________________
/Users/les/Projects/crackerjack/tests/test_performance.py:163: in test_decorator_basic
    result = decorator()
             ^^^^^^^^^
E   NameError: name 'decorator' is not defined

During handling of the above exception, another exception occurred:
/Users/les/Projects/crackerjack/tests/test_performance.py:170: in test_decorator_basic
    pytest.fail(f"Unexpected error in decorator: {e}")
E   Failed: Unexpected error in decorator: name 'decorator' is not defined
_________________________ test_get_python_files_basic __________________________
/Users/les/Projects/crackerjack/tests/test_performance.py:175: in test_get_python_files_basic
    result = get_python_files()
             ^^^^^^^^^^^^^^^^
E   NameError: name 'get_python_files' is not defined

During handling of the above exception, another exception occurred:
/Users/les/Projects/crackerjack/tests/test_performance.py:182: in test_get_python_files_basic
    pytest.fail(f"Unexpected error in get_python_files: {e}")
E   Failed: Unexpected error in get_python_files: name 'get_python_files' is not defined
________________________ test_get_modified_files_basic _________________________
/Users/les/Projects/crackerjack/tests/test_performance.py:187: in test_get_modified_files_basic
    result = get_modified_files()
             ^^^^^^^^^^^^^^^^^^
E   NameError: name 'get_modified_files' is not defined

During handling of the above exception, another exception occurred:
/Users/les/Projects/crackerjack/tests/test_performance.py:194: in test_get_modified_files_basic
    pytest.fail(f"Unexpected error in get_modified_files: {e}")
E   Failed: Unexpected error in get_modified_files: name 'get_modified_files' is not defined
____________________________ test_clear_cache_basic ____________________________
/Users/les/Projects/crackerjack/tests/test_performance.py:199: in test_clear_cache_basic
    result = clear_cache()
             ^^^^^^^^^^^
E   NameError: name 'clear_cache' is not defined

During handling of the above exception, another exception occurred:
/Users/les/Projects/crackerjack/tests/test_performance.py:206: in test_clear_cache_basic
    pytest.fail(f"Unexpected error in clear_cache: {e}")
E   Failed: Unexpected error in clear_cache: name 'clear_cache' is not defined
___________________________ test_execute_tasks_basic ___________________________
/Users/les/Projects/crackerjack/tests/test_performance.py:211: in test_execute_tasks_basic
    result = execute_tasks()
             ^^^^^^^^^^^^^
E   NameError: name 'execute_tasks' is not defined

During handling of the above exception, another exception occurred:
/Users/les/Projects/crackerjack/tests/test_performance.py:218: in test_execute_tasks_basic
    pytest.fail(f"Unexpected error in execute_tasks: {e}")
E   Failed: Unexpected error in execute_tasks: name 'execute_tasks' is not defined
____________________________ test_run_command_basic ____________________________
/Users/les/Projects/crackerjack/tests/test_performance.py:223: in test_run_command_basic
    result = run_command()
             ^^^^^^^^^^^
E   NameError: name 'run_command' is not defined

During handling of the above exception, another exception occurred:
/Users/les/Projects/crackerjack/tests/test_performance.py:230: in test_run_command_basic
    pytest.fail(f"Unexpected error in run_command: {e}")
E   Failed: Unexpected error in run_command: name 'run_command' is not defined
______________________________ test_wrapper_basic ______________________________
/Users/les/Projects/crackerjack/tests/test_performance.py:247: in test_wrapper_basic
    result = wrapper()
             ^^^^^^^
E   NameError: name 'wrapper' is not defined

During handling of the above exception, another exception occurred:
/Users/les/Projects/crackerjack/tests/test_performance.py:254: in test_wrapper_basic
    pytest.fail(f"Unexpected error in wrapper: {e}")
E   Failed: Unexpected error in wrapper: name 'wrapper' is not defined
___________ TestNestedLoopDetection.test_detect_simple_nested_loops ____________
/Users/les/Projects/crackerjack/tests/test_performance_agent_enhanced.py:95: in test_detect_simple_nested_loops
    assert result.confidence >= 0.8
E   AssertionError: assert 0.7 >= 0.8
E    +  where 0.7 = FixResult(success=True, confidence=0.7, fixes_applied=[], remaining_issues=[], recommendations=['No performance issues detected'], files_modified=[]).confidence
_______ TestNestedLoopDetection.test_complexity_priority_classification ________
/Users/les/Projects/crackerjack/tests/test_performance_agent_enhanced.py:141: in test_complexity_priority_classification
    assert len(result.fixes_applied) > 0
E   AssertionError: assert 0 > 0
E    +  where 0 = len([])
E    +    where [] = FixResult(success=True, confidence=0.7, fixes_applied=[], remaining_issues=[], recommendations=['No performance issues detected'], files_modified=[]).fixes_applied
________ TestListOperationOptimization.test_list_concatenation_in_loops ________
/Users/les/Projects/crackerjack/tests/test_performance_agent_enhanced.py:189: in test_list_concatenation_in_loops
    assert result.success is True
E   assert False is True
E    +  where False = FixResult(success=False, confidence=0.0, fixes_applied=[], remaining_issues=["Error processing file: module 'operator' has no attribute 'Add'"], recommendations=[], files_modified=[]).success
_______ TestListOperationOptimization.test_performance_impact_assessment _______
/Users/les/Projects/crackerjack/tests/test_performance_agent_enhanced.py:230: in test_performance_impact_assessment
    assert result.success is True
E   assert False is True
E    +  where False = FixResult(success=False, confidence=0.0, fixes_applied=[], remaining_issues=["Error processing file: module 'operator' has no attribute 'Add'"], recommendations=[], files_modified=[]).success
__________ TestStringOptimization.test_string_concatenation_patterns ___________
/Users/les/Projects/crackerjack/tests/test_performance_agent_enhanced.py:279: in test_string_concatenation_patterns
    assert result.success is True
E   assert False is True
E    +  where False = FixResult(success=False, confidence=0.0, fixes_applied=[], remaining_issues=["Error processing file: module 'operator' has no attribute 'Add'"], recommendations=[], files_modified=[]).success
_____________ TestStringOptimization.test_string_impact_assessment _____________
/Users/les/Projects/crackerjack/tests/test_performance_agent_enhanced.py:323: in test_string_impact_assessment
    assert result.success is True
E   assert False is True
E    +  where False = FixResult(success=False, confidence=0.0, fixes_applied=[], remaining_issues=["Error processing file: module 'operator' has no attribute 'Add'"], recommendations=[], files_modified=[]).success
_____________ TestBuiltinOptimization.test_repeated_builtin_calls ______________
/Users/les/Projects/crackerjack/tests/test_performance_agent_enhanced.py:366: in test_repeated_builtin_calls
    assert result.success is True
E   assert False is True
E    +  where False = FixResult(success=False, confidence=0.0, fixes_applied=[], remaining_issues=["Error processing file: unsupported operand type(s) for +: 'int' and 'list'"], recommendations=[], files_modified=[]).success
________ TestComprehensiveOptimization.test_multiple_optimization_types ________
/Users/les/Projects/crackerjack/tests/test_performance_agent_enhanced.py:429: in test_multiple_optimization_types
    assert result.success is True
E   assert False is True
E    +  where False = FixResult(success=False, confidence=0.0, fixes_applied=[], remaining_issues=["Error processing file: module 'operator' has no attribute 'Add'"], recommendations=[], files_modified=[]).success
_________ TestPerformanceMetrics.test_performance_measurement_tracking _________
/Users/les/Projects/crackerjack/tests/test_performance_agent_enhanced.py:481: in test_performance_measurement_tracking
    assert str(temp_python_file) in performance_agent.performance_metrics
E   AssertionError: assert '/var/folders/kb/k4k33dq55xg_hms12z4db1vw0000gn/T/tmp1xvu3hy6.py' in {}
E    +  where '/var/folders/kb/k4k33dq55xg_hms12z4db1vw0000gn/T/tmp1xvu3hy6.py' = str(PosixPath('/var/folders/kb/k4k33dq55xg_hms12z4db1vw0000gn/T/tmp1xvu3hy6.py'))
E    +  and   {} = <crackerjack.agents.performance_agent.PerformanceAgent object at 0x11bf77890>.performance_metrics
=============================== warnings summary ===============================
.venv/lib/python3.13/site-packages/_hypothesis_pytestplugin.py:469
  /Users/les/Projects/crackerjack/.venv/lib/python3.13/site-packages/_hypothesis_pytestplugin.py:469: UserWarning: Skipping collection of '.hypothesis' directory - this usually means you've explicitly set the `norecursedirs` pytest config option, replacing rather than extending the default ignores.
    warnings.warn(

crackerjack/api.py:27
  /Users/les/Projects/crackerjack/crackerjack/api.py:27: PytestCollectionWarning: cannot collect test class 'TestResult' because it has a __init__ constructor (from: tests/test_api_comprehensive.py)
    @dataclass

tests/test_config_service.py:12
  /Users/les/Projects/crackerjack/tests/test_config_service.py:12: PytestCollectionWarning: cannot collect test class 'TestConfigModel' because it has a __init__ constructor (from: tests/test_config_service.py)
    class TestConfigModel(BaseModel):

crackerjack/managers/test_command_builder.py:12
  /Users/les/Projects/crackerjack/crackerjack/managers/test_command_builder.py:12: PytestCollectionWarning: cannot collect test class 'TestCommandBuilder' because it has a __init__ constructor (from: tests/test_managers_consolidated.py)
    class TestCommandBuilder:

crackerjack/managers/test_manager.py:30
  /Users/les/Projects/crackerjack/crackerjack/managers/test_manager.py:30: PytestCollectionWarning: cannot collect test class 'TestManager' because it has a __init__ constructor (from: tests/test_managers_consolidated.py)
    class TestManager:

.venv/lib/python3.13/site-packages/fastmcp/server/server.py:302
tests/test_mcp_server.py::TestMCPServerIntegration::test_main_with_defaults
  /Users/les/Projects/crackerjack/.venv/lib/python3.13/site-packages/fastmcp/server/server.py:302: DeprecationWarning: Providing `streamable_http_path` when creating a server is deprecated. Provide it when calling `run` or as a global setting instead.
    self._handle_deprecated_settings(

crackerjack/models/config.py:70
  /Users/les/Projects/crackerjack/crackerjack/models/config.py:70: PytestCollectionWarning: cannot collect test class 'TestConfig' because it has a __init__ constructor (from: tests/test_models_comprehensive.py)
    @dataclass

crackerjack/models/protocols.py:271
  /Users/les/Projects/crackerjack/crackerjack/models/protocols.py:271: PytestCollectionWarning: cannot collect test class 'TestManagerProtocol' because it has a __init__ constructor (from: tests/test_protocol_compliance.py)
    @t.runtime_checkable

crackerjack/models/pydantic_models.py:50
  /Users/les/Projects/crackerjack/crackerjack/models/pydantic_models.py:50: PytestCollectionWarning: cannot collect test class 'TestConfig' because it has a __init__ constructor (from: tests/test_pydantic_models.py)
    class TestConfig(BaseModel):

crackerjack/errors.py:102
  /Users/les/Projects/crackerjack/crackerjack/errors.py:102: PytestCollectionWarning: cannot collect test class 'TestExecutionError' because it has a __init__ constructor (from: tests/test_structured_errors.py)
    class TestExecutionError(CrackerjackError):

crackerjack/config/settings.py:23
  /Users/les/Projects/crackerjack/crackerjack/config/settings.py:23: PytestCollectionWarning: cannot collect test class 'TestSettings' because it has a __init__ constructor (from: tests/test_test_command_builder_workers.py)
    class TestSettings(Settings):

crackerjack/managers/test_command_builder.py:12
  /Users/les/Projects/crackerjack/crackerjack/managers/test_command_builder.py:12: PytestCollectionWarning: cannot collect test class 'TestCommandBuilder' because it has a __init__ constructor (from: tests/test_test_command_builder_workers.py)
    class TestCommandBuilder:

crackerjack/api.py:27
  /Users/les/Projects/crackerjack/crackerjack/api.py:27: PytestCollectionWarning: cannot collect test class 'TestResult' because it has a __init__ constructor (from: tests/test_unified_api.py)
    @dataclass

tests/unit/agents/test_base.py:362
  /Users/les/Projects/crackerjack/tests/unit/agents/test_base.py:362: PytestCollectionWarning: cannot collect test class 'TestAgent' because it has a __init__ constructor (from: tests/unit/agents/test_base.py::TestSubAgentBase)
    class TestAgent(SubAgent):

tests/unit/agents/test_enhanced_proactive_agent.py:20
  /Users/les/Projects/crackerjack/tests/unit/agents/test_enhanced_proactive_agent.py:20: PytestCollectionWarning: cannot collect test class 'TestEnhancedProactiveAgentImpl' because it has a __init__ constructor (from: tests/unit/agents/test_enhanced_proactive_agent.py)
    class TestEnhancedProactiveAgentImpl(EnhancedProactiveAgent):

crackerjack/agents/test_creation_agent.py:17
  /Users/les/Projects/crackerjack/crackerjack/agents/test_creation_agent.py:17: PytestCollectionWarning: cannot collect test class 'TestCreationAgent' because it has a __init__ constructor (from: tests/unit/agents/test_test_creation_agent.py)
    class TestCreationAgent(SubAgent):

crackerjack/agents/test_specialist_agent.py:14
  /Users/les/Projects/crackerjack/crackerjack/agents/test_specialist_agent.py:14: PytestCollectionWarning: cannot collect test class 'TestSpecialistAgent' because it has a __init__ constructor (from: tests/unit/agents/test_test_specialist_agent.py)
    class TestSpecialistAgent(SubAgent):

crackerjack/managers/test_manager.py:30
  /Users/les/Projects/crackerjack/crackerjack/managers/test_manager.py:30: PytestCollectionWarning: cannot collect test class 'TestManager' because it has a __init__ constructor (from: tests/unit/managers/test_test_manager.py)
    class TestManager:

tests/test_executors/test_lock_integration.py::TestExecutorConfigurationFlow::test_lock_manager_configuration_from_options
tests/test_executors/test_lock_integration.py::TestExecutorConfigurationFlow::test_disabled_global_locks_configuration
tests/test_executors/test_lock_integration.py::TestExecutorConfigurationFlow::test_custom_timeout_configuration
  /Users/les/Projects/crackerjack/crackerjack/config/global_lock_config.py:183: PydanticDeprecatedSince211: Accessing the 'model_fields' attribute on the instance is deprecated. Instead, you should access this attribute from the model class. Deprecated in Pydantic V2.11 to be removed in V3.0.
    for field in custom.model_fields:

tests/test_fast_hooks_behavior.py::test_fast_hooks_failure_stops_workflow
  /Users/les/Projects/crackerjack/.venv/lib/python3.13/site-packages/_pytest/python.py:170: PytestReturnNotNoneWarning: Test functions should return None, but tests/test_fast_hooks_behavior.py::test_fast_hooks_failure_stops_workflow returned <class 'bool'>.
  Did you mean to use `assert` instead of `return`?
  See https://docs.pytest.org/en/stable/how-to/assert.html#return-not-none for more information.
    warnings.warn(

tests/test_fast_hooks_behavior.py::test_fast_hooks_success_continues_workflow
  /Users/les/Projects/crackerjack/.venv/lib/python3.13/site-packages/_pytest/python.py:170: PytestReturnNotNoneWarning: Test functions should return None, but tests/test_fast_hooks_behavior.py::test_fast_hooks_success_continues_workflow returned <class 'bool'>.
  Did you mean to use `assert` instead of `return`?
  See https://docs.pytest.org/en/stable/how-to/assert.html#return-not-none for more information.
    warnings.warn(

tests/test_fast_hooks_behavior.py::test_workflow_order
  /Users/les/Projects/crackerjack/.venv/lib/python3.13/site-packages/_pytest/python.py:170: PytestReturnNotNoneWarning: Test functions should return None, but tests/test_fast_hooks_behavior.py::test_workflow_order returned <class 'bool'>.
  Did you mean to use `assert` instead of `return`?
  See https://docs.pytest.org/en/stable/how-to/assert.html#return-not-none for more information.
    warnings.warn(

tests/test_final_validation.py::test_fast_hooks_failure_behavior
  /Users/les/Projects/crackerjack/.venv/lib/python3.13/site-packages/_pytest/python.py:170: PytestReturnNotNoneWarning: Test functions should return None, but tests/test_final_validation.py::test_fast_hooks_failure_behavior returned <class 'bool'>.
  Did you mean to use `assert` instead of `return`?
  See https://docs.pytest.org/en/stable/how-to/assert.html#return-not-none for more information.
    warnings.warn(

tests/test_final_validation.py::test_implementation_directly
  /Users/les/Projects/crackerjack/.venv/lib/python3.13/site-packages/_pytest/python.py:170: PytestReturnNotNoneWarning: Test functions should return None, but tests/test_final_validation.py::test_implementation_directly returned <class 'bool'>.
  Did you mean to use `assert` instead of `return`?
  See https://docs.pytest.org/en/stable/how-to/assert.html#return-not-none for more information.
    warnings.warn(

-- Docs: https://docs.pytest.org/en/stable/how-to/capture-warnings.html
=========================== short test summary info ============================
SKIPPED [1] tests/adapters/test_zuban_adapter.py:375: Requires Zuban installation - enable for integration testing
SKIPPED [27] tests/config/test_hooks_backward_compatibility.py: Backward compatibility tests deprecated; direct invocation is canonical
SKIPPED [1] tests/test___main__.py:21: Function requires specific arguments - manual implementation needed
SKIPPED [1] tests/test___main__.py:26: Function requires specific arguments - manual implementation needed
SKIPPED [1] tests/test___main__.py:31: Function requires specific arguments - manual implementation needed
SKIPPED [1] tests/test___main__.py:36: Function requires specific arguments - manual implementation needed
SKIPPED [1] tests/test___main__.py:41: Function requires specific arguments - manual implementation needed
SKIPPED [1] tests/test___main__.py:46: Function requires specific arguments - manual implementation needed
SKIPPED [1] tests/test___main__.py:51: Function requires specific arguments - manual implementation needed
SKIPPED [1] tests/test___main__.py:56: Function requires specific arguments - manual implementation needed
SKIPPED [1] tests/test___main__.py:61: Function requires specific arguments - manual implementation needed
SKIPPED [1] tests/test___main__.py:66: Function requires specific arguments - manual implementation needed
SKIPPED [1] tests/test___main__.py:94: Symbol not exported from __main__ - manual implementation needed
SKIPPED [1] tests/test___main__.py:110: Symbol not exported from __main__ - manual implementation needed
SKIPPED [1] tests/test___main__.py:126: Symbol not exported from __main__ - manual implementation needed
SKIPPED [1] tests/test_ai_templates.py:14: Symbol not exported or requires context - manual implementation needed
SKIPPED [1] tests/test_ai_templates.py:30: Symbol not exported or requires context - manual implementation needed
SKIPPED [1] tests/test_ai_templates.py:46: Symbol not exported or requires context - manual implementation needed
SKIPPED [1] tests/test_ai_templates.py:62: Symbol not exported or requires context - manual implementation needed
SKIPPED [1] tests/test_ai_templates.py:78: Symbol not exported or requires context - manual implementation needed
SKIPPED [1] tests/test_ai_templates.py:94: Symbol not exported or requires context - manual implementation needed
SKIPPED [1] tests/test_ai_templates.py:110: Symbol not exported or requires context - manual implementation needed
SKIPPED [1] tests/test_ai_templates.py:126: Symbol not exported or requires context - manual implementation needed
SKIPPED [1] tests/test_ai_templates.py:142: Symbol not exported or requires context - manual implementation needed
SKIPPED [1] tests/test_ai_templates.py:158: Symbol not exported or requires context - manual implementation needed
SKIPPED [1] tests/test_ai_templates.py:174: Symbol not exported or requires context - manual implementation needed
SKIPPED [1] tests/test_ai_templates.py:190: Symbol not exported or requires context - manual implementation needed
SKIPPED [1] tests/test_api.py:20: run_quality_checks requires full DI context: Workflow orchestration removed in Phase 2 (ACB removal). Will be reimplemented in Phase 3 (Oneiric integration).
SKIPPED [1] tests/test_api.py:33: clean_code requires full DI context: Found 89 TODO(s) in codebase. Resolve them before cleaning.
SKIPPED [1] tests/test_api.py:46: run_tests requires full DI context: Workflow orchestration removed in Phase 2 (ACB removal). Will be reimplemented in Phase 3 (Oneiric integration).
SKIPPED [1] tests/test_api.py:59: publish_package requires full DI context: Workflow orchestration removed in Phase 2 (ACB removal). Will be reimplemented in Phase 3 (Oneiric integration).
SKIPPED [1] tests/test_api.py:71: code_cleaner requires full DI context: name 'code_cleaner' is not defined
SKIPPED [1] tests/test_api.py:83: interactive_cli requires full DI context: name 'interactive_cli' is not defined
SKIPPED [1] tests/test_api.py:95: run_interactive_workflow requires full DI context: name 'run_interactive_workflow' is not defined
SKIPPED [1] tests/test_api.py:107: create_workflow_options requires full DI context: name 'create_workflow_options' is not defined
SKIPPED [1] tests/test_api.py:119: get_project_info requires full DI context: name 'get_project_info' is not defined
SKIPPED [12] tests/test_api_comprehensive.py: CrackerjackAPI instantiation requires complex nested ACB DI setup - integration test, not unit test
SKIPPED [1] tests/test_api_comprehensive.py:81: CrackerjackAPI instantiation requires complex nested ACB DI setup - integration test, not unit test
SKIPPED [1] tests/test_api_comprehensive.py:97: CrackerjackAPI instantiation requires complex nested ACB DI setup - integration test, not unit test
SKIPPED [1] tests/test_api_comprehensive.py:113: CrackerjackAPI instantiation requires complex nested ACB DI setup - integration test, not unit test
SKIPPED [1] tests/test_api_comprehensive.py:218: CrackerjackAPI instantiation requires complex nested ACB DI setup - integration test, not unit test
SKIPPED [1] tests/test_api_comprehensive.py:240: CrackerjackAPI instantiation requires complex nested ACB DI setup - integration test, not unit test
SKIPPED [1] tests/test_api_comprehensive.py:261: CrackerjackAPI instantiation requires complex nested ACB DI setup - integration test, not unit test
SKIPPED [1] tests/test_api_comprehensive.py:276: CrackerjackAPI instantiation requires complex nested ACB DI setup - integration test, not unit test
SKIPPED [1] tests/test_async_hook_executor.py:57: AsyncHookExecutor requires complex nested ACB DI setup - integration test, not unit test
SKIPPED [1] tests/test_async_hook_executor.py:88: AsyncHookExecutor requires complex nested ACB DI setup - integration test, not unit test
SKIPPED [1] tests/test_async_hook_executor.py:116: AsyncHookExecutor requires complex nested ACB DI setup - integration test, not unit test
SKIPPED [1] tests/test_async_hook_executor.py:145: AsyncHookExecutor requires complex nested ACB DI setup - integration test, not unit test
SKIPPED [1] tests/test_async_hook_executor.py:159: AsyncHookExecutor requires complex nested ACB DI setup - integration test, not unit test
SKIPPED [1] tests/test_async_hook_executor.py:175: AsyncHookExecutor requires complex nested ACB DI setup - integration test, not unit test
SKIPPED [1] tests/test_async_hook_executor.py:191: AsyncHookExecutor requires complex nested ACB DI setup - integration test, not unit test
SKIPPED [1] tests/test_async_hook_executor.py:229: AsyncHookExecutor requires complex nested ACB DI setup - integration test, not unit test
SKIPPED [1] tests/test_async_hook_executor.py:272: AsyncHookExecutor requires complex nested ACB DI setup - integration test, not unit test
SKIPPED [1] tests/test_async_hook_executor.py:355: AsyncHookExecutor requires complex nested ACB DI setup - integration test, not unit test
SKIPPED [6] tests/test_async_hook_executor_comprehensive.py: AsyncHookExecutor requires complex nested ACB DI setup - integration test, not unit test
SKIPPED [1] tests/test_async_hook_executor_comprehensive.py:30: AsyncHookExecutor requires complex nested ACB DI setup - integration test, not unit test
SKIPPED [1] tests/test_async_hook_executor_comprehensive.py:74: AsyncHookExecutor requires complex nested ACB DI setup - integration test, not unit test
SKIPPED [1] tests/test_async_hook_executor_comprehensive.py:136: AsyncHookExecutor requires complex nested ACB DI setup - integration test, not unit test
SKIPPED [1] tests/test_async_hook_executor_comprehensive.py:173: AsyncHookExecutor requires complex nested ACB DI setup - integration test, not unit test
SKIPPED [1] tests/test_async_hook_executor_comprehensive.py:211: AsyncHookExecutor requires complex nested ACB DI setup - integration test, not unit test
SKIPPED [1] tests/test_async_hook_executor_comprehensive.py:231: AsyncHookExecutor requires complex nested ACB DI setup - integration test, not unit test
SKIPPED [1] tests/test_async_hook_executor_comprehensive.py:260: AsyncHookExecutor requires complex nested ACB DI setup - integration test, not unit test
SKIPPED [1] tests/test_async_hook_executor_comprehensive.py:288: AsyncHookExecutor requires complex nested ACB DI setup - integration test, not unit test
SKIPPED [9] tests/test_async_workflow_orchestrator.py: Async workflow orchestrator requires complex DI context; skip trivial wrappers
SKIPPED [1] tests/test_dynamic_config.py:166: Function requires specific arguments - manual implementation needed
SKIPPED [1] tests/test_dynamic_config.py:201: Method requires specific implementation - skipped: DynamicConfigGenerator.generate_config() got an unexpected keyword argument 'tiers'
SKIPPED [1] tests/test_dynamic_config.py:219: Method requires specific implementation - skipped: DynamicConfigGenerator.create_temp_config() got an unexpected keyword argument 'tiers'
SKIPPED [7] tests/test_hook_executor_comprehensive.py: HookExecutor requires complex nested ACB DI setup - integration test, not unit test
SKIPPED [1] tests/test_hook_lock_manager.py:826: Permission error not triggered on this filesystem
SKIPPED [15] tests/test_hook_manager_comprehensive.py: HookManagerImpl requires complex nested ACB DI setup - integration test, not unit test
SKIPPED [1] tests/test_import_coverage_consolidated.py:121: Dependency monitor imports failed: No module named 'crackerjack.services.monitoring'
SKIPPED [1] tests/test_import_coverage_consolidated.py:135: Health metrics imports failed: No module named 'crackerjack.services.monitoring'
SKIPPED [1] tests/test_import_coverage_consolidated.py:151: Performance benchmarks imports failed: No module named 'crackerjack.services.monitoring'
SKIPPED [1] tests/test_import_coverage_consolidated.py:187: Advanced orchestrator imports failed: No module named 'crackerjack.orchestration'
SKIPPED [1] tests/test_import_coverage_consolidated.py:199: Test progress streamer imports failed: No module named 'crackerjack.orchestration'
SKIPPED [1] tests/test_import_coverage_consolidated.py:213: MCP execution tools imports failed: cannot import name 'AutoFixCoordinator' from 'crackerjack.mcp.tools.execution_tools' (/Users/les/Projects/crackerjack/crackerjack/mcp/tools/execution_tools.py)
SKIPPED [1] tests/test_import_coverage_consolidated.py:231: MCP dashboard import failed: No module named 'crackerjack.mcp.dashboard'
SKIPPED [1] tests/test_import_coverage_consolidated.py:271: Test manager imports failed: cannot import name 'CoverageManager' from 'crackerjack.managers.test_manager' (/Users/les/Projects/crackerjack/crackerjack/managers/test_manager.py)
SKIPPED [1] tests/test_import_coverage_consolidated.py:283: Hook manager imports failed: cannot import name 'AsyncHookManager' from 'crackerjack.managers.hook_manager' (/Users/les/Projects/crackerjack/crackerjack/managers/hook_manager.py)
SKIPPED [1] tests/test_import_coverage_consolidated.py:291: Publish manager import failed: cannot import name 'PublishManager' from 'crackerjack.managers.publish_manager' (/Users/les/Projects/crackerjack/crackerjack/managers/publish_manager.py)
SKIPPED [1] tests/test_import_coverage_consolidated.py:305: Workflow orchestrator imports failed: No module named 'crackerjack.core.workflow_orchestrator'
SKIPPED [1] tests/test_import_coverage_consolidated.py:321: Phase coordinator import failed: No module named 'crackerjack.services.monitoring'
SKIPPED [1] tests/test_import_coverage_consolidated.py:367: Dynamic config import failed: cannot import name 'DynamicConfig' from 'crackerjack.dynamic_config' (/Users/les/Projects/crackerjack/crackerjack/dynamic_config.py)
SKIPPED [1] tests/test_interactive.py:25: Function requires specific arguments - manual implementation needed
SKIPPED [1] tests/test_main_module.py:79: Handler imports not available
ERROR tests/test_hook_manager_simple.py::TestHookManager::test_init - ModuleN...
ERROR tests/test_hook_manager_simple.py::TestHookManager::test_get_hook_summary_empty
ERROR tests/test_hook_manager_simple.py::TestHookManager::test_get_hook_summary_with_results
ERROR tests/test_hook_manager_simple.py::TestHookManager::test_run_fast_hooks
ERROR tests/test_hook_manager_simple.py::TestHookManager::test_run_comprehensive_hooks
ERROR tests/test_hook_manager_simple.py::TestHookManager::test_install_hooks
ERROR tests/test_hook_manager_simple.py::TestHookManager::test_update_hooks
ERROR tests/test_initialization_precommit_integration.py::TestInitializationPrecommitHandling::test_precommit_config_not_copied_during_initialization
ERROR tests/test_initialization_precommit_integration.py::TestInitializationPrecommitHandling::test_config_files_dict_excludes_precommit
ERROR tests/test_initialization_precommit_integration.py::TestInitializationPrecommitHandling::test_initialization_with_force_flag_still_skips_precommit
ERROR tests/test_initialization_service.py::TestInitializationService::test_get_config_files_excludes_precommit
ERROR tests/test_initialization_service.py::TestInitializationService::test_initialize_project_full_without_precommit
ERROR tests/test_initialization_service.py::TestInitializationService::test_process_config_file_skips_precommit
ERROR tests/test_initialization_service.py::TestInitializationService::test_process_config_file_processes_other_files
FAILED tests/test_core_autofix_coordinator.py::TestAutofixCoordinator::test_apply_autofix_for_hooks_exception_handling
FAILED tests/test_core_autofix_coordinator.py::TestAutofixCoordinator::test_run_fix_command_exception
FAILED tests/test_core_autofix_coordinator.py::TestAutofixCoordinator::test_handle_command_result_failure
FAILED tests/test_core_autofix_coordinator.py::TestAutofixCoordinatorIntegration::test_error_recovery
FAILED tests/test_executors/test_lock_integration.py::TestAsyncHookExecutorIntegration::test_async_executor_uses_lock_manager
FAILED tests/test_executors/test_lock_integration.py::TestAsyncHookExecutorIntegration::test_async_executor_with_global_locks_enabled
FAILED tests/test_executors/test_lock_integration.py::TestAsyncHookExecutorIntegration::test_async_executor_with_global_locks_disabled
FAILED tests/test_executors/test_lock_integration.py::TestAsyncHookExecutorIntegration::test_async_executor_concurrent_prevention
FAILED tests/test_executors/test_lock_integration.py::TestHookExecutorLockCoordination::test_cross_executor_lock_coordination
FAILED tests/test_executors/test_lock_integration.py::TestHookExecutorLockCoordination::test_executor_global_lock_statistics
FAILED tests/test_executors/test_lock_integration.py::TestExecutorConfigurationFlow::test_disabled_global_locks_configuration
FAILED tests/test_executors/test_lock_integration.py::TestExecutorConfigurationFlow::test_custom_timeout_configuration
FAILED tests/test_executors/test_lock_integration.py::TestExecutorErrorHandling::test_executor_handles_lock_failures_gracefully
FAILED tests/test_executors/test_lock_integration.py::TestExecutorErrorHandling::test_executor_handles_lock_timeout_gracefully
FAILED tests/test_executors/test_lock_integration.py::TestExecutorDefaultLockManager::test_async_executor_default_lock_manager
FAILED tests/test_executors/test_lock_integration.py::TestExecutorDefaultLockManager::test_executors_share_default_lock_manager
FAILED tests/test_executors/test_lock_integration.py::TestExecutorLockManagerMocking::test_mock_lock_manager_integration
FAILED tests/test_executors/test_lock_integration.py::TestExecutorLockManagerMocking::test_mock_lock_manager_configuration
FAILED tests/test_hook_manager_simple.py::TestHookManager::test_init_with_mocks
FAILED tests/test_integration_new_hooks.py::test_check_ast_integration - Type...
FAILED tests/test_integration_new_hooks.py::test_json_hooks_integration - Typ...
FAILED tests/test_integration_new_hooks.py::test_check_added_large_files_integration
FAILED tests/test_integration_new_hooks.py::test_hook_execution_with_timeout
FAILED tests/test_main_entry_coverage.py::TestModuleImports::test_typer_app_help
FAILED tests/test_managers_consolidated.py::TestHookManagerImpl::test_initialization
FAILED tests/test_managers_consolidated.py::TestHookManagerImpl::test_run_fast_hooks_success
FAILED tests/test_managers_consolidated.py::TestHookManagerImpl::test_run_comprehensive_hooks_success
FAILED tests/test_managers_consolidated.py::TestHookManagerImpl::test_run_hooks_failure
FAILED tests/test_managers_consolidated.py::TestHookManagerImpl::test_skip_hooks_option
FAILED tests/test_managers_consolidated.py::TestManagersIntegration::test_managers_work_together
FAILED tests/test_managers_consolidated.py::TestManagersIntegration::test_workflow_simulation
FAILED tests/test_managers_consolidated.py::TestManagerConfiguration::test_hook_config_integration
FAILED tests/test_managers_consolidated.py::TestManagerErrorHandling::test_hook_manager_subprocess_error
FAILED tests/test_models_config_adapter_coverage.py::TestOptionsAdapter::test_from_options_protocol_comprehensive
FAILED tests/test_models_config_adapter_coverage.py::TestLegacyOptionsWrapper::test_git_properties
FAILED tests/test_models_config_adapter_coverage.py::TestLegacyOptionsWrapper::test_cleaning_properties
FAILED tests/test_models_config_adapter_coverage.py::TestLegacyOptionsWrapper::test_publishing_properties
FAILED tests/test_models_config_adapter_coverage.py::TestLegacyOptionsWrapper::test_testing_properties
FAILED tests/test_models_config_adapter_coverage.py::TestLegacyOptionsWrapper::test_progress_properties
FAILED tests/test_models_config_adapter_coverage.py::TestIntegrationBothDirections::test_round_trip_conversion
FAILED tests/test_models_config_adapter_coverage.py::TestIntegrationBothDirections::test_complex_options_preservation
FAILED tests/test_models_config_adapter_coverage.py::TestIntegrationBothDirections::test_none_values_handling
FAILED tests/test_models_config_adapter_coverage.py::TestEdgeCasesAndDefaults::test_empty_options_object
FAILED tests/test_models_task_coverage.py::TestTaskStatus::test_task_status_creation_minimal
FAILED tests/test_models_task_coverage.py::TestTaskStatus::test_task_status_creation_full
FAILED tests/test_models_task_coverage.py::TestTaskStatus::test_task_status_post_init_none_files_changed
FAILED tests/test_models_task_coverage.py::TestTaskStatus::test_task_status_post_init_existing_files_changed
FAILED tests/test_models_task_coverage.py::TestTaskStatus::test_task_status_post_init_duration_calculation
FAILED tests/test_models_task_coverage.py::TestTaskStatus::test_task_status_post_init_no_duration_calculation
FAILED tests/test_models_task_coverage.py::TestSessionTracker::test_session_tracker_init_with_existing_data
FAILED tests/test_models_task_coverage.py::TestSessionTracker::test_complete_task_existing
FAILED tests/test_models_task_coverage.py::TestSessionTracker::test_update_progress_file
FAILED tests/test_models_task_coverage.py::TestTaskStatusEdgeCases::test_task_status_duration_calculation_zero_start_time
FAILED tests/test_models_task_coverage.py::TestTaskStatusEdgeCases::test_task_status_negative_duration
FAILED tests/test_modernized_code.py::TestCodeCleaner::test_should_process_file_valid
FAILED tests/test_modernized_code.py::TestCodeCleaner::test_clean_files_empty_directory
FAILED tests/test_modernized_code.py::TestCodeCleaner::test_clean_file_basic
FAILED tests/test_modernized_code.py::TestWorkflowOptions::test_from_args_with_attributes
FAILED tests/test_performance.py::test_memoize_with_ttl_basic - Failed: Unexp...
FAILED tests/test_performance.py::test_batch_file_operations_basic - Failed: ...
FAILED tests/test_performance.py::test_optimize_subprocess_calls_basic - Fail...
FAILED tests/test_performance.py::test_get_performance_monitor_basic - Failed...
FAILED tests/test_performance.py::test_reset_performance_monitor_basic - Fail...
FAILED tests/test_performance.py::test_get_basic - Failed: Unexpected error i...
FAILED tests/test_performance.py::test_clear_basic - Failed: Unexpected error...
FAILED tests/test_performance.py::test_size_basic - Failed: Unexpected error ...
FAILED tests/test_performance.py::test_time_operation_basic - Failed: Unexpec...
FAILED tests/test_performance.py::test_record_metric_basic - Failed: Unexpect...
FAILED tests/test_performance.py::test_get_stats_basic - Failed: Unexpected e...
FAILED tests/test_performance.py::test_print_stats_basic - Failed: Unexpected...
FAILED tests/test_performance.py::test_decorator_basic - Failed: Unexpected e...
FAILED tests/test_performance.py::test_get_python_files_basic - Failed: Unexp...
FAILED tests/test_performance.py::test_get_modified_files_basic - Failed: Une...
FAILED tests/test_performance.py::test_clear_cache_basic - Failed: Unexpected...
FAILED tests/test_performance.py::test_execute_tasks_basic - Failed: Unexpect...
FAILED tests/test_performance.py::test_run_command_basic - Failed: Unexpected...
FAILED tests/test_performance.py::test_wrapper_basic - Failed: Unexpected err...
FAILED tests/test_performance_agent_enhanced.py::TestNestedLoopDetection::test_detect_simple_nested_loops
FAILED tests/test_performance_agent_enhanced.py::TestNestedLoopDetection::test_complexity_priority_classification
FAILED tests/test_performance_agent_enhanced.py::TestListOperationOptimization::test_list_concatenation_in_loops
FAILED tests/test_performance_agent_enhanced.py::TestListOperationOptimization::test_performance_impact_assessment
FAILED tests/test_performance_agent_enhanced.py::TestStringOptimization::test_string_concatenation_patterns
FAILED tests/test_performance_agent_enhanced.py::TestStringOptimization::test_string_impact_assessment
FAILED tests/test_performance_agent_enhanced.py::TestBuiltinOptimization::test_repeated_builtin_calls
FAILED tests/test_performance_agent_enhanced.py::TestComprehensiveOptimization::test_multiple_optimization_types
FAILED tests/test_performance_agent_enhanced.py::TestPerformanceMetrics::test_performance_measurement_tracking
!!!!!!!!!!!!!!!!!!!!!!!!! stopping after 100 failures !!!!!!!!!!!!!!!!!!!!!!!!!!
= 86 failed, 1150 passed, 155 skipped, 27 warnings, 14 errors in 257.30s (0:04:17) =
