{"meta": {"format": 3, "version": "7.10.4", "timestamp": "2025-08-26T16:37:46.199262", "branch_coverage": false, "show_contexts": false}, "files": {"/Users/les/Projects/crackerjack/crackerjack/__init__.py": {"executed_lines": [1, 3, 13, 33, 35, 36, 38, 41], "summary": {"covered_lines": 8, "num_statements": 10, "percent_covered": 80.0, "percent_covered_display": "80", "missing_lines": 2, "excluded_lines": 0}, "missing_lines": [39, 40], "excluded_lines": [], "functions": {"": {"executed_lines": [1, 3, 13, 33, 35, 36, 38, 41], "summary": {"covered_lines": 8, "num_statements": 10, "percent_covered": 80.0, "percent_covered_display": "80", "missing_lines": 2, "excluded_lines": 0}, "missing_lines": [39, 40], "excluded_lines": []}}, "classes": {"": {"executed_lines": [1, 3, 13, 33, 35, 36, 38, 41], "summary": {"covered_lines": 8, "num_statements": 10, "percent_covered": 80.0, "percent_covered_display": "80", "missing_lines": 2, "excluded_lines": 0}, "missing_lines": [39, 40], "excluded_lines": []}}}, "/Users/les/Projects/crackerjack/crackerjack/__main__.py": {"executed_lines": [1, 2, 4, 12, 25, 26, 31, 54, 75, 94, 126, 127, 236], "summary": {"covered_lines": 13, "num_statements": 60, "percent_covered": 21.666666666666668, "percent_covered_display": "22", "missing_lines": 47, "excluded_lines": 0}, "missing_lines": [39, 40, 41, 42, 43, 44, 45, 46, 47, 48, 49, 50, 51, 61, 62, 63, 64, 65, 66, 67, 68, 69, 70, 71, 72, 82, 83, 84, 85, 86, 87, 88, 89, 90, 91, 109, 172, 206, 207, 208, 210, 213, 227, 230, 231, 233, 237], "excluded_lines": [], "functions": {"_handle_monitoring_commands": {"executed_lines": [], "summary": {"covered_lines": 0, "num_statements": 13, "percent_covered": 0.0, "percent_covered_display": "0", "missing_lines": 13, "excluded_lines": 0}, "missing_lines": [39, 40, 41, 42, 43, 44, 45, 46, 47, 48, 49, 50, 51], "excluded_lines": []}, "_handle_websocket_commands": {"executed_lines": [], "summary": {"covered_lines": 0, "num_statements": 12, "percent_covered": 0.0, "percent_covered_display": "0", "missing_lines": 12, "excluded_lines": 0}, "missing_lines": [61, 62, 63, 64, 65, 66, 67, 68, 69, 70, 71, 72], "excluded_lines": []}, "_handle_mcp_commands": {"executed_lines": [], "summary": {"covered_lines": 0, "num_statements": 10, "percent_covered": 0.0, "percent_covered_display": "0", "missing_lines": 10, "excluded_lines": 0}, "missing_lines": [82, 83, 84, 85, 86, 87, 88, 89, 90, 91], "excluded_lines": []}, "_handle_server_commands": {"executed_lines": [], "summary": {"covered_lines": 0, "num_statements": 1, "percent_covered": 0.0, "percent_covered_display": "0", "missing_lines": 1, "excluded_lines": 0}, "missing_lines": [109], "excluded_lines": []}, "main": {"executed_lines": [], "summary": {"covered_lines": 0, "num_statements": 10, "percent_covered": 0.0, "percent_covered_display": "0", "missing_lines": 10, "excluded_lines": 0}, "missing_lines": [172, 206, 207, 208, 210, 213, 227, 230, 231, 233], "excluded_lines": []}, "": {"executed_lines": [1, 2, 4, 12, 25, 26, 31, 54, 75, 94, 126, 127, 236], "summary": {"covered_lines": 13, "num_statements": 14, "percent_covered": 92.85714285714286, "percent_covered_display": "93", "missing_lines": 1, "excluded_lines": 0}, "missing_lines": [237], "excluded_lines": []}}, "classes": {"": {"executed_lines": [1, 2, 4, 12, 25, 26, 31, 54, 75, 94, 126, 127, 236], "summary": {"covered_lines": 13, "num_statements": 60, "percent_covered": 21.666666666666668, "percent_covered_display": "22", "missing_lines": 47, "excluded_lines": 0}, "missing_lines": [39, 40, 41, 42, 43, 44, 45, 46, 47, 48, 49, 50, 51, 61, 62, 63, 64, 65, 66, 67, 68, 69, 70, 71, 72, 82, 83, 84, 85, 86, 87, 88, 89, 90, 91, 109, 172, 206, 207, 208, 210, 213, 227, 230, 231, 233, 237], "excluded_lines": []}}}, "/Users/les/Projects/crackerjack/crackerjack/agents/__init__.py": {"executed_lines": [2, 13, 14, 15, 17], "summary": {"covered_lines": 5, "num_statements": 5, "percent_covered": 100.0, "percent_covered_display": "100", "missing_lines": 0, "excluded_lines": 0}, "missing_lines": [], "excluded_lines": [], "functions": {"": {"executed_lines": [2, 13, 14, 15, 17], "summary": {"covered_lines": 5, "num_statements": 5, "percent_covered": 100.0, "percent_covered_display": "100", "missing_lines": 0, "excluded_lines": 0}, "missing_lines": [], "excluded_lines": []}}, "classes": {"": {"executed_lines": [2, 13, 14, 15, 17], "summary": {"covered_lines": 5, "num_statements": 5, "percent_covered": 100.0, "percent_covered_display": "100", "missing_lines": 0, "excluded_lines": 0}, "missing_lines": [], "excluded_lines": []}}}, "/Users/les/Projects/crackerjack/crackerjack/agents/base.py": {"executed_lines": [1, 2, 3, 4, 5, 6, 9, 10, 11, 12, 13, 16, 17, 18, 19, 20, 21, 22, 23, 24, 25, 26, 27, 28, 31, 32, 33, 34, 35, 36, 37, 38, 39, 40, 42, 43, 47, 48, 49, 50, 51, 52, 53, 54, 56, 67, 68, 69, 70, 71, 72, 74, 75, 77, 88, 97, 98, 102, 103, 106, 107, 110, 111, 114, 143, 147, 148, 149, 151, 152, 154, 157, 161], "summary": {"covered_lines": 73, "num_statements": 106, "percent_covered": 68.86792452830188, "percent_covered_display": "69", "missing_lines": 33, "excluded_lines": 0}, "missing_lines": [44, 57, 78, 79, 80, 81, 82, 83, 84, 85, 86, 89, 90, 91, 92, 93, 94, 99, 100, 104, 108, 112, 120, 121, 128, 133, 138, 139, 140, 141, 144, 155, 158], "excluded_lines": [], "functions": {"Issue.context_key": {"executed_lines": [], "summary": {"covered_lines": 0, "num_statements": 1, "percent_covered": 0.0, "percent_covered_display": "0", "missing_lines": 1, "excluded_lines": 0}, "missing_lines": [44], "excluded_lines": []}, "FixResult.merge_with": {"executed_lines": [], "summary": {"covered_lines": 0, "num_statements": 1, "percent_covered": 0.0, "percent_covered_display": "0", "missing_lines": 1, "excluded_lines": 0}, "missing_lines": [57], "excluded_lines": []}, "AgentContext.get_file_content": {"executed_lines": [], "summary": {"covered_lines": 0, "num_statements": 9, "percent_covered": 0.0, "percent_covered_display": "0", "missing_lines": 9, "excluded_lines": 0}, "missing_lines": [78, 79, 80, 81, 82, 83, 84, 85, 86], "excluded_lines": []}, "AgentContext.write_file_content": {"executed_lines": [], "summary": {"covered_lines": 0, "num_statements": 6, "percent_covered": 0.0, "percent_covered_display": "0", "missing_lines": 6, "excluded_lines": 0}, "missing_lines": [89, 90, 91, 92, 93, 94], "excluded_lines": []}, "SubAgent.__init__": {"executed_lines": [], "summary": {"covered_lines": 0, "num_statements": 2, "percent_covered": 0.0, "percent_covered_display": "0", "missing_lines": 2, "excluded_lines": 0}, "missing_lines": [99, 100], "excluded_lines": []}, "SubAgent.can_handle": {"executed_lines": [], "summary": {"covered_lines": 0, "num_statements": 1, "percent_covered": 0.0, "percent_covered_display": "0", "missing_lines": 1, "excluded_lines": 0}, "missing_lines": [104], "excluded_lines": []}, "SubAgent.analyze_and_fix": {"executed_lines": [], "summary": {"covered_lines": 0, "num_statements": 1, "percent_covered": 0.0, "percent_covered_display": "0", "missing_lines": 1, "excluded_lines": 0}, "missing_lines": [108], "excluded_lines": []}, "SubAgent.get_supported_types": {"executed_lines": [], "summary": {"covered_lines": 0, "num_statements": 1, "percent_covered": 0.0, "percent_covered_display": "0", "missing_lines": 1, "excluded_lines": 0}, "missing_lines": [112], "excluded_lines": []}, "SubAgent.run_command": {"executed_lines": [], "summary": {"covered_lines": 0, "num_statements": 8, "percent_covered": 0.0, "percent_covered_display": "0", "missing_lines": 8, "excluded_lines": 0}, "missing_lines": [120, 121, 128, 133, 138, 139, 140, 141], "excluded_lines": []}, "SubAgent.log": {"executed_lines": [], "summary": {"covered_lines": 0, "num_statements": 1, "percent_covered": 0.0, "percent_covered_display": "0", "missing_lines": 1, "excluded_lines": 0}, "missing_lines": [144], "excluded_lines": []}, "AgentRegistry.__init__": {"executed_lines": [149], "summary": {"covered_lines": 1, "num_statements": 1, "percent_covered": 100.0, "percent_covered_display": "100", "missing_lines": 0, "excluded_lines": 0}, "missing_lines": [], "excluded_lines": []}, "AgentRegistry.register": {"executed_lines": [152], "summary": {"covered_lines": 1, "num_statements": 1, "percent_covered": 100.0, "percent_covered_display": "100", "missing_lines": 0, "excluded_lines": 0}, "missing_lines": [], "excluded_lines": []}, "AgentRegistry.create_all": {"executed_lines": [], "summary": {"covered_lines": 0, "num_statements": 1, "percent_covered": 0.0, "percent_covered_display": "0", "missing_lines": 1, "excluded_lines": 0}, "missing_lines": [155], "excluded_lines": []}, "AgentRegistry.get_by_name": {"executed_lines": [], "summary": {"covered_lines": 0, "num_statements": 1, "percent_covered": 0.0, "percent_covered_display": "0", "missing_lines": 1, "excluded_lines": 0}, "missing_lines": [158], "excluded_lines": []}, "": {"executed_lines": [1, 2, 3, 4, 5, 6, 9, 10, 11, 12, 13, 16, 17, 18, 19, 20, 21, 22, 23, 24, 25, 26, 27, 28, 31, 32, 33, 34, 35, 36, 37, 38, 39, 40, 42, 43, 47, 48, 49, 50, 51, 52, 53, 54, 56, 67, 68, 69, 70, 71, 72, 74, 75, 77, 88, 97, 98, 102, 103, 106, 107, 110, 111, 114, 143, 147, 148, 151, 154, 157, 161], "summary": {"covered_lines": 71, "num_statements": 71, "percent_covered": 100.0, "percent_covered_display": "100", "missing_lines": 0, "excluded_lines": 0}, "missing_lines": [], "excluded_lines": []}}, "classes": {"Priority": {"executed_lines": [], "summary": {"covered_lines": 0, "num_statements": 0, "percent_covered": 100.0, "percent_covered_display": "100", "missing_lines": 0, "excluded_lines": 0}, "missing_lines": [], "excluded_lines": []}, "IssueType": {"executed_lines": [], "summary": {"covered_lines": 0, "num_statements": 0, "percent_covered": 100.0, "percent_covered_display": "100", "missing_lines": 0, "excluded_lines": 0}, "missing_lines": [], "excluded_lines": []}, "Issue": {"executed_lines": [], "summary": {"covered_lines": 0, "num_statements": 1, "percent_covered": 0.0, "percent_covered_display": "0", "missing_lines": 1, "excluded_lines": 0}, "missing_lines": [44], "excluded_lines": []}, "FixResult": {"executed_lines": [], "summary": {"covered_lines": 0, "num_statements": 1, "percent_covered": 0.0, "percent_covered_display": "0", "missing_lines": 1, "excluded_lines": 0}, "missing_lines": [57], "excluded_lines": []}, "AgentContext": {"executed_lines": [], "summary": {"covered_lines": 0, "num_statements": 15, "percent_covered": 0.0, "percent_covered_display": "0", "missing_lines": 15, "excluded_lines": 0}, "missing_lines": [78, 79, 80, 81, 82, 83, 84, 85, 86, 89, 90, 91, 92, 93, 94], "excluded_lines": []}, "SubAgent": {"executed_lines": [], "summary": {"covered_lines": 0, "num_statements": 14, "percent_covered": 0.0, "percent_covered_display": "0", "missing_lines": 14, "excluded_lines": 0}, "missing_lines": [99, 100, 104, 108, 112, 120, 121, 128, 133, 138, 139, 140, 141, 144], "excluded_lines": []}, "AgentRegistry": {"executed_lines": [149, 152], "summary": {"covered_lines": 2, "num_statements": 4, "percent_covered": 50.0, "percent_covered_display": "50", "missing_lines": 2, "excluded_lines": 0}, "missing_lines": [155, 158], "excluded_lines": []}, "": {"executed_lines": [1, 2, 3, 4, 5, 6, 9, 10, 11, 12, 13, 16, 17, 18, 19, 20, 21, 22, 23, 24, 25, 26, 27, 28, 31, 32, 33, 34, 35, 36, 37, 38, 39, 40, 42, 43, 47, 48, 49, 50, 51, 52, 53, 54, 56, 67, 68, 69, 70, 71, 72, 74, 75, 77, 88, 97, 98, 102, 103, 106, 107, 110, 111, 114, 143, 147, 148, 151, 154, 157, 161], "summary": {"covered_lines": 71, "num_statements": 71, "percent_covered": 100.0, "percent_covered_display": "100", "missing_lines": 0, "excluded_lines": 0}, "missing_lines": [], "excluded_lines": []}}}, "/Users/les/Projects/crackerjack/crackerjack/agents/coordinator.py": {"executed_lines": [1, 2, 3, 4, 5, 7, 9, 18, 21, 22, 31, 45, 64, 99, 141, 158, 177, 228, 267, 276, 288, 292], "summary": {"covered_lines": 22, "num_statements": 167, "percent_covered": 13.173652694610778, "percent_covered_display": "13", "missing_lines": 145, "excluded_lines": 0}, "missing_lines": [23, 24, 25, 26, 27, 28, 29, 32, 33, 34, 36, 37, 39, 46, 47, 49, 50, 52, 54, 56, 58, 59, 60, 62, 65, 66, 68, 69, 70, 71, 72, 73, 75, 77, 79, 80, 81, 88, 90, 91, 93, 95, 97, 104, 106, 110, 111, 112, 118, 119, 120, 121, 122, 123, 125, 126, 128, 130, 131, 132, 133, 135, 136, 137, 139, 145, 147, 148, 149, 150, 151, 152, 153, 155, 156, 163, 164, 166, 167, 168, 169, 170, 171, 172, 173, 175, 182, 184, 185, 187, 195, 196, 197, 198, 200, 202, 204, 216, 217, 218, 219, 225, 226, 233, 237, 239, 240, 241, 242, 244, 245, 246, 248, 249, 250, 258, 259, 261, 262, 263, 265, 271, 272, 273, 274, 277, 278, 280, 281, 282, 286, 289, 290, 293, 294, 296, 303, 304, 305, 306, 307, 308, 309, 310, 312], "excluded_lines": [], "functions": {"AgentCoordinator.__init__": {"executed_lines": [], "summary": {"covered_lines": 0, "num_statements": 7, "percent_covered": 0.0, "percent_covered_display": "0", "missing_lines": 7, "excluded_lines": 0}, "missing_lines": [23, 24, 25, 26, 27, 28, 29], "excluded_lines": []}, "AgentCoordinator.initialize_agents": {"executed_lines": [], "summary": {"covered_lines": 0, "num_statements": 6, "percent_covered": 0.0, "percent_covered_display": "0", "missing_lines": 6, "excluded_lines": 0}, "missing_lines": [32, 33, 34, 36, 37, 39], "excluded_lines": []}, "AgentCoordinator.handle_issues": {"executed_lines": [], "summary": {"covered_lines": 0, "num_statements": 11, "percent_covered": 0.0, "percent_covered_display": "0", "missing_lines": 11, "excluded_lines": 0}, "missing_lines": [46, 47, 49, 50, 52, 54, 56, 58, 59, 60, 62], "excluded_lines": []}, "AgentCoordinator.handle_single_issue": {"executed_lines": [], "summary": {"covered_lines": 0, "num_statements": 19, "percent_covered": 0.0, "percent_covered_display": "0", "missing_lines": 19, "excluded_lines": 0}, "missing_lines": [65, 66, 68, 69, 70, 71, 72, 73, 75, 77, 79, 80, 81, 88, 90, 91, 93, 95, 97], "excluded_lines": []}, "AgentCoordinator._handle_issues_by_type": {"executed_lines": [], "summary": {"covered_lines": 0, "num_statements": 22, "percent_covered": 0.0, "percent_covered_display": "0", "missing_lines": 22, "excluded_lines": 0}, "missing_lines": [104, 106, 110, 111, 112, 118, 119, 120, 121, 122, 123, 125, 126, 128, 130, 131, 132, 133, 135, 136, 137, 139], "excluded_lines": []}, "AgentCoordinator._evaluate_agents_for_issue": {"executed_lines": [], "summary": {"covered_lines": 0, "num_statements": 10, "percent_covered": 0.0, "percent_covered_display": "0", "missing_lines": 10, "excluded_lines": 0}, "missing_lines": [145, 147, 148, 149, 150, 151, 152, 153, 155, 156], "excluded_lines": []}, "AgentCoordinator._find_best_specialist": {"executed_lines": [], "summary": {"covered_lines": 0, "num_statements": 11, "percent_covered": 0.0, "percent_covered_display": "0", "missing_lines": 11, "excluded_lines": 0}, "missing_lines": [163, 164, 166, 167, 168, 169, 170, 171, 172, 173, 175], "excluded_lines": []}, "AgentCoordinator._handle_with_single_agent": {"executed_lines": [], "summary": {"covered_lines": 0, "num_statements": 17, "percent_covered": 0.0, "percent_covered_display": "0", "missing_lines": 17, "excluded_lines": 0}, "missing_lines": [182, 184, 185, 187, 195, 196, 197, 198, 200, 202, 204, 216, 217, 218, 219, 225, 226], "excluded_lines": []}, "AgentCoordinator._handle_with_collaboration": {"executed_lines": [], "summary": {"covered_lines": 0, "num_statements": 18, "percent_covered": 0.0, "percent_covered_display": "0", "missing_lines": 18, "excluded_lines": 0}, "missing_lines": [233, 237, 239, 240, 241, 242, 244, 245, 246, 248, 249, 250, 258, 259, 261, 262, 263, 265], "excluded_lines": []}, "AgentCoordinator._group_issues_by_type": {"executed_lines": [], "summary": {"covered_lines": 0, "num_statements": 4, "percent_covered": 0.0, "percent_covered_display": "0", "missing_lines": 4, "excluded_lines": 0}, "missing_lines": [271, 272, 273, 274], "excluded_lines": []}, "AgentCoordinator.get_agent_capabilities": {"executed_lines": [], "summary": {"covered_lines": 0, "num_statements": 6, "percent_covered": 0.0, "percent_covered_display": "0", "missing_lines": 6, "excluded_lines": 0}, "missing_lines": [277, 278, 280, 281, 282, 286], "excluded_lines": []}, "AgentCoordinator.clear_cache": {"executed_lines": [], "summary": {"covered_lines": 0, "num_statements": 2, "percent_covered": 0.0, "percent_covered_display": "0", "missing_lines": 2, "excluded_lines": 0}, "missing_lines": [289, 290], "excluded_lines": []}, "AgentCoordinator.test_agent_connectivity": {"executed_lines": [], "summary": {"covered_lines": 0, "num_statements": 12, "percent_covered": 0.0, "percent_covered_display": "0", "missing_lines": 12, "excluded_lines": 0}, "missing_lines": [293, 294, 296, 303, 304, 305, 306, 307, 308, 309, 310, 312], "excluded_lines": []}, "": {"executed_lines": [1, 2, 3, 4, 5, 7, 9, 18, 21, 22, 31, 45, 64, 99, 141, 158, 177, 228, 267, 276, 288, 292], "summary": {"covered_lines": 22, "num_statements": 22, "percent_covered": 100.0, "percent_covered_display": "100", "missing_lines": 0, "excluded_lines": 0}, "missing_lines": [], "excluded_lines": []}}, "classes": {"AgentCoordinator": {"executed_lines": [], "summary": {"covered_lines": 0, "num_statements": 145, "percent_covered": 0.0, "percent_covered_display": "0", "missing_lines": 145, "excluded_lines": 0}, "missing_lines": [23, 24, 25, 26, 27, 28, 29, 32, 33, 34, 36, 37, 39, 46, 47, 49, 50, 52, 54, 56, 58, 59, 60, 62, 65, 66, 68, 69, 70, 71, 72, 73, 75, 77, 79, 80, 81, 88, 90, 91, 93, 95, 97, 104, 106, 110, 111, 112, 118, 119, 120, 121, 122, 123, 125, 126, 128, 130, 131, 132, 133, 135, 136, 137, 139, 145, 147, 148, 149, 150, 151, 152, 153, 155, 156, 163, 164, 166, 167, 168, 169, 170, 171, 172, 173, 175, 182, 184, 185, 187, 195, 196, 197, 198, 200, 202, 204, 216, 217, 218, 219, 225, 226, 233, 237, 239, 240, 241, 242, 244, 245, 246, 248, 249, 250, 258, 259, 261, 262, 263, 265, 271, 272, 273, 274, 277, 278, 280, 281, 282, 286, 289, 290, 293, 294, 296, 303, 304, 305, 306, 307, 308, 309, 310, 312], "excluded_lines": []}, "": {"executed_lines": [1, 2, 3, 4, 5, 7, 9, 18, 21, 22, 31, 45, 64, 99, 141, 158, 177, 228, 267, 276, 288, 292], "summary": {"covered_lines": 22, "num_statements": 22, "percent_covered": 100.0, "percent_covered_display": "100", "missing_lines": 0, "excluded_lines": 0}, "missing_lines": [], "excluded_lines": []}}}, "/Users/les/Projects/crackerjack/crackerjack/agents/documentation_agent.py": {"executed_lines": [1, 2, 3, 4, 5, 7, 16, 17, 19, 22, 27, 50, 100, 145, 190, 206, 219, 235, 246, 263, 273, 292, 302, 320, 332, 350, 362, 378, 387, 410, 442, 474, 498], "summary": {"covered_lines": 32, "num_statements": 203, "percent_covered": 15.763546798029557, "percent_covered_display": "16", "missing_lines": 171, "excluded_lines": 0}, "missing_lines": [20, 23, 24, 25, 28, 30, 32, 33, 34, 38, 39, 40, 41, 43, 44, 52, 54, 57, 59, 60, 67, 70, 71, 72, 73, 78, 80, 82, 84, 85, 94, 102, 105, 108, 110, 111, 113, 114, 115, 117, 122, 123, 127, 128, 129, 131, 132, 139, 147, 150, 152, 153, 162, 163, 164, 165, 166, 171, 173, 174, 175, 176, 183, 192, 196, 208, 209, 210, 211, 213, 214, 216, 217, 221, 228, 229, 230, 233, 237, 244, 248, 250, 251, 252, 253, 254, 259, 261, 265, 266, 268, 269, 271, 278, 285, 286, 287, 288, 290, 294, 295, 296, 297, 298, 299, 300, 308, 315, 316, 317, 318, 327, 328, 329, 330, 334, 337, 338, 339, 340, 341, 342, 345, 348, 352, 367, 368, 369, 371, 372, 373, 374, 376, 380, 394, 395, 396, 397, 399, 400, 401, 402, 403, 406, 408, 418, 431, 432, 433, 440, 445, 446, 453, 454, 456, 457, 459, 460, 463, 467, 469, 471, 472, 482, 484, 486, 487, 488, 492, 493, 495], "excluded_lines": [], "functions": {"DocumentationAgent.get_supported_types": {"executed_lines": [], "summary": {"covered_lines": 0, "num_statements": 1, "percent_covered": 0.0, "percent_covered_display": "0", "missing_lines": 1, "excluded_lines": 0}, "missing_lines": [20], "excluded_lines": []}, "DocumentationAgent.can_handle": {"executed_lines": [], "summary": {"covered_lines": 0, "num_statements": 3, "percent_covered": 0.0, "percent_covered_display": "0", "missing_lines": 3, "excluded_lines": 0}, "missing_lines": [23, 24, 25], "excluded_lines": []}, "DocumentationAgent.analyze_and_fix": {"executed_lines": [], "summary": {"covered_lines": 0, "num_statements": 11, "percent_covered": 0.0, "percent_covered_display": "0", "missing_lines": 11, "excluded_lines": 0}, "missing_lines": [28, 30, 32, 33, 34, 38, 39, 40, 41, 43, 44], "excluded_lines": []}, "DocumentationAgent._update_changelog": {"executed_lines": [], "summary": {"covered_lines": 0, "num_statements": 16, "percent_covered": 0.0, "percent_covered_display": "0", "missing_lines": 16, "excluded_lines": 0}, "missing_lines": [52, 54, 57, 59, 60, 67, 70, 71, 72, 73, 78, 80, 82, 84, 85, 94], "excluded_lines": []}, "DocumentationAgent._fix_documentation_consistency": {"executed_lines": [], "summary": {"covered_lines": 0, "num_statements": 17, "percent_covered": 0.0, "percent_covered_display": "0", "missing_lines": 17, "excluded_lines": 0}, "missing_lines": [102, 105, 108, 110, 111, 113, 114, 115, 117, 122, 123, 127, 128, 129, 131, 132, 139], "excluded_lines": []}, "DocumentationAgent._update_api_documentation": {"executed_lines": [], "summary": {"covered_lines": 0, "num_statements": 15, "percent_covered": 0.0, "percent_covered_display": "0", "missing_lines": 15, "excluded_lines": 0}, "missing_lines": [147, 150, 152, 153, 162, 163, 164, 165, 166, 171, 173, 174, 175, 176, 183], "excluded_lines": []}, "DocumentationAgent._general_documentation_update": {"executed_lines": [], "summary": {"covered_lines": 0, "num_statements": 2, "percent_covered": 0.0, "percent_covered_display": "0", "missing_lines": 2, "excluded_lines": 0}, "missing_lines": [192, 196], "excluded_lines": []}, "DocumentationAgent._get_recent_changes": {"executed_lines": [], "summary": {"covered_lines": 0, "num_statements": 8, "percent_covered": 0.0, "percent_covered_display": "0", "missing_lines": 8, "excluded_lines": 0}, "missing_lines": [208, 209, 210, 211, 213, 214, 216, 217], "excluded_lines": []}, "DocumentationAgent._get_commit_range": {"executed_lines": [], "summary": {"covered_lines": 0, "num_statements": 5, "percent_covered": 0.0, "percent_covered_display": "0", "missing_lines": 5, "excluded_lines": 0}, "missing_lines": [221, 228, 229, 230, 233], "excluded_lines": []}, "DocumentationAgent._get_commit_messages": {"executed_lines": [], "summary": {"covered_lines": 0, "num_statements": 2, "percent_covered": 0.0, "percent_covered_display": "0", "missing_lines": 2, "excluded_lines": 0}, "missing_lines": [237, 244], "excluded_lines": []}, "DocumentationAgent._parse_commit_messages": {"executed_lines": [], "summary": {"covered_lines": 0, "num_statements": 8, "percent_covered": 0.0, "percent_covered_display": "0", "missing_lines": 8, "excluded_lines": 0}, "missing_lines": [248, 250, 251, 252, 253, 254, 259, 261], "excluded_lines": []}, "DocumentationAgent._generate_changelog_entry": {"executed_lines": [], "summary": {"covered_lines": 0, "num_statements": 5, "percent_covered": 0.0, "percent_covered_display": "0", "missing_lines": 5, "excluded_lines": 0}, "missing_lines": [265, 266, 268, 269, 271], "excluded_lines": []}, "DocumentationAgent._categorize_changes": {"executed_lines": [], "summary": {"covered_lines": 0, "num_statements": 6, "percent_covered": 0.0, "percent_covered_display": "0", "missing_lines": 6, "excluded_lines": 0}, "missing_lines": [278, 285, 286, 287, 288, 290], "excluded_lines": []}, "DocumentationAgent._get_change_category": {"executed_lines": [], "summary": {"covered_lines": 0, "num_statements": 7, "percent_covered": 0.0, "percent_covered_display": "0", "missing_lines": 7, "excluded_lines": 0}, "missing_lines": [294, 295, 296, 297, 298, 299, 300], "excluded_lines": []}, "DocumentationAgent._add_categorized_changes_to_entry": {"executed_lines": [], "summary": {"covered_lines": 0, "num_statements": 5, "percent_covered": 0.0, "percent_covered_display": "0", "missing_lines": 5, "excluded_lines": 0}, "missing_lines": [308, 315, 316, 317, 318], "excluded_lines": []}, "DocumentationAgent._add_section_to_entry": {"executed_lines": [], "summary": {"covered_lines": 0, "num_statements": 4, "percent_covered": 0.0, "percent_covered_display": "0", "missing_lines": 4, "excluded_lines": 0}, "missing_lines": [327, 328, 329, 330], "excluded_lines": []}, "DocumentationAgent._insert_changelog_entry": {"executed_lines": [], "summary": {"covered_lines": 0, "num_statements": 9, "percent_covered": 0.0, "percent_covered_display": "0", "missing_lines": 9, "excluded_lines": 0}, "missing_lines": [334, 337, 338, 339, 340, 341, 342, 345, 348], "excluded_lines": []}, "DocumentationAgent._create_initial_changelog": {"executed_lines": [], "summary": {"covered_lines": 0, "num_statements": 1, "percent_covered": 0.0, "percent_covered_display": "0", "missing_lines": 1, "excluded_lines": 0}, "missing_lines": [352], "excluded_lines": []}, "DocumentationAgent._check_agent_count_consistency": {"executed_lines": [], "summary": {"covered_lines": 0, "num_statements": 8, "percent_covered": 0.0, "percent_covered_display": "0", "missing_lines": 8, "excluded_lines": 0}, "missing_lines": [367, 368, 369, 371, 372, 373, 374, 376], "excluded_lines": []}, "DocumentationAgent._get_agent_count_patterns": {"executed_lines": [], "summary": {"covered_lines": 0, "num_statements": 1, "percent_covered": 0.0, "percent_covered_display": "0", "missing_lines": 1, "excluded_lines": 0}, "missing_lines": [380], "excluded_lines": []}, "DocumentationAgent._check_file_agent_count": {"executed_lines": [], "summary": {"covered_lines": 0, "num_statements": 11, "percent_covered": 0.0, "percent_covered_display": "0", "missing_lines": 11, "excluded_lines": 0}, "missing_lines": [394, 395, 396, 397, 399, 400, 401, 402, 403, 406, 408], "excluded_lines": []}, "DocumentationAgent._fix_agent_count_references": {"executed_lines": [], "summary": {"covered_lines": 0, "num_statements": 5, "percent_covered": 0.0, "percent_covered_display": "0", "missing_lines": 5, "excluded_lines": 0}, "missing_lines": [418, 431, 432, 433, 440], "excluded_lines": []}, "DocumentationAgent._detect_api_changes": {"executed_lines": [], "summary": {"covered_lines": 0, "num_statements": 13, "percent_covered": 0.0, "percent_covered_display": "0", "missing_lines": 13, "excluded_lines": 0}, "missing_lines": [445, 446, 453, 454, 456, 457, 459, 460, 463, 467, 469, 471, 472], "excluded_lines": []}, "DocumentationAgent._update_readme_examples": {"executed_lines": [], "summary": {"covered_lines": 0, "num_statements": 8, "percent_covered": 0.0, "percent_covered_display": "0", "missing_lines": 8, "excluded_lines": 0}, "missing_lines": [482, 484, 486, 487, 488, 492, 493, 495], "excluded_lines": []}, "": {"executed_lines": [1, 2, 3, 4, 5, 7, 16, 17, 19, 22, 27, 50, 100, 145, 190, 206, 219, 235, 246, 263, 273, 292, 302, 320, 332, 350, 362, 378, 387, 410, 442, 474, 498], "summary": {"covered_lines": 32, "num_statements": 32, "percent_covered": 100.0, "percent_covered_display": "100", "missing_lines": 0, "excluded_lines": 0}, "missing_lines": [], "excluded_lines": []}}, "classes": {"DocumentationAgent": {"executed_lines": [], "summary": {"covered_lines": 0, "num_statements": 171, "percent_covered": 0.0, "percent_covered_display": "0", "missing_lines": 171, "excluded_lines": 0}, "missing_lines": [20, 23, 24, 25, 28, 30, 32, 33, 34, 38, 39, 40, 41, 43, 44, 52, 54, 57, 59, 60, 67, 70, 71, 72, 73, 78, 80, 82, 84, 85, 94, 102, 105, 108, 110, 111, 113, 114, 115, 117, 122, 123, 127, 128, 129, 131, 132, 139, 147, 150, 152, 153, 162, 163, 164, 165, 166, 171, 173, 174, 175, 176, 183, 192, 196, 208, 209, 210, 211, 213, 214, 216, 217, 221, 228, 229, 230, 233, 237, 244, 248, 250, 251, 252, 253, 254, 259, 261, 265, 266, 268, 269, 271, 278, 285, 286, 287, 288, 290, 294, 295, 296, 297, 298, 299, 300, 308, 315, 316, 317, 318, 327, 328, 329, 330, 334, 337, 338, 339, 340, 341, 342, 345, 348, 352, 367, 368, 369, 371, 372, 373, 374, 376, 380, 394, 395, 396, 397, 399, 400, 401, 402, 403, 406, 408, 418, 431, 432, 433, 440, 445, 446, 453, 454, 456, 457, 459, 460, 463, 467, 469, 471, 472, 482, 484, 486, 487, 488, 492, 493, 495], "excluded_lines": []}, "": {"executed_lines": [1, 2, 3, 4, 5, 7, 16, 17, 19, 22, 27, 50, 100, 145, 190, 206, 219, 235, 246, 263, 273, 292, 302, 320, 332, 350, 362, 378, 387, 410, 442, 474, 498], "summary": {"covered_lines": 32, "num_statements": 32, "percent_covered": 100.0, "percent_covered_display": "100", "missing_lines": 0, "excluded_lines": 0}, "missing_lines": [], "excluded_lines": []}}}, "/Users/les/Projects/crackerjack/crackerjack/agents/dry_agent.py": {"executed_lines": [1, 2, 3, 5, 14, 15, 17, 20, 25, 44, 64, 85, 116, 129, 137, 159, 192, 222, 250, 286, 301, 345, 388], "summary": {"covered_lines": 22, "num_statements": 150, "percent_covered": 14.666666666666666, "percent_covered_display": "15", "missing_lines": 128, "excluded_lines": 0}, "missing_lines": [18, 21, 22, 23, 26, 28, 29, 30, 32, 33, 37, 39, 40, 41, 42, 46, 47, 54, 55, 56, 62, 66, 67, 68, 74, 76, 77, 83, 92, 94, 95, 97, 98, 99, 105, 118, 131, 143, 146, 149, 152, 155, 157, 161, 162, 165, 169, 170, 171, 172, 173, 181, 182, 190, 194, 195, 198, 202, 211, 212, 220, 224, 225, 228, 230, 239, 240, 248, 252, 253, 256, 258, 259, 260, 262, 267, 275, 276, 284, 288, 289, 291, 292, 293, 294, 295, 296, 297, 299, 308, 316, 317, 318, 319, 320, 321, 324, 325, 326, 329, 330, 331, 332, 333, 335, 337, 338, 341, 343, 352, 359, 360, 361, 362, 363, 364, 367, 368, 369, 372, 376, 377, 378, 379, 380, 382, 383, 385], "excluded_lines": [], "functions": {"DRYAgent.get_supported_types": {"executed_lines": [], "summary": {"covered_lines": 0, "num_statements": 1, "percent_covered": 0.0, "percent_covered_display": "0", "missing_lines": 1, "excluded_lines": 0}, "missing_lines": [18], "excluded_lines": []}, "DRYAgent.can_handle": {"executed_lines": [], "summary": {"covered_lines": 0, "num_statements": 3, "percent_covered": 0.0, "percent_covered_display": "0", "missing_lines": 3, "excluded_lines": 0}, "missing_lines": [21, 22, 23], "excluded_lines": []}, "DRYAgent.analyze_and_fix": {"executed_lines": [], "summary": {"covered_lines": 0, "num_statements": 11, "percent_covered": 0.0, "percent_covered_display": "0", "missing_lines": 11, "excluded_lines": 0}, "missing_lines": [26, 28, 29, 30, 32, 33, 37, 39, 40, 41, 42], "excluded_lines": []}, "DRYAgent._validate_dry_issue": {"executed_lines": [], "summary": {"covered_lines": 0, "num_statements": 6, "percent_covered": 0.0, "percent_covered_display": "0", "missing_lines": 6, "excluded_lines": 0}, "missing_lines": [46, 47, 54, 55, 56, 62], "excluded_lines": []}, "DRYAgent._process_dry_violation": {"executed_lines": [], "summary": {"covered_lines": 0, "num_statements": 7, "percent_covered": 0.0, "percent_covered_display": "0", "missing_lines": 7, "excluded_lines": 0}, "missing_lines": [66, 67, 68, 74, 76, 77, 83], "excluded_lines": []}, "DRYAgent._apply_and_save_dry_fixes": {"executed_lines": [], "summary": {"covered_lines": 0, "num_statements": 7, "percent_covered": 0.0, "percent_covered_display": "0", "missing_lines": 7, "excluded_lines": 0}, "missing_lines": [92, 94, 95, 97, 98, 99, 105], "excluded_lines": []}, "DRYAgent._create_no_fixes_result": {"executed_lines": [], "summary": {"covered_lines": 0, "num_statements": 1, "percent_covered": 0.0, "percent_covered_display": "0", "missing_lines": 1, "excluded_lines": 0}, "missing_lines": [118], "excluded_lines": []}, "DRYAgent._create_dry_error_result": {"executed_lines": [], "summary": {"covered_lines": 0, "num_statements": 1, "percent_covered": 0.0, "percent_covered_display": "0", "missing_lines": 1, "excluded_lines": 0}, "missing_lines": [131], "excluded_lines": []}, "DRYAgent._detect_dry_violations": {"executed_lines": [], "summary": {"covered_lines": 0, "num_statements": 6, "percent_covered": 0.0, "percent_covered_display": "0", "missing_lines": 6, "excluded_lines": 0}, "missing_lines": [143, 146, 149, 152, 155, 157], "excluded_lines": []}, "DRYAgent._detect_error_response_patterns": {"executed_lines": [], "summary": {"covered_lines": 0, "num_statements": 11, "percent_covered": 0.0, "percent_covered_display": "0", "missing_lines": 11, "excluded_lines": 0}, "missing_lines": [161, 162, 165, 169, 170, 171, 172, 173, 181, 182, 190], "excluded_lines": []}, "DRYAgent._detect_path_conversion_patterns": {"executed_lines": [], "summary": {"covered_lines": 0, "num_statements": 7, "percent_covered": 0.0, "percent_covered_display": "0", "missing_lines": 7, "excluded_lines": 0}, "missing_lines": [194, 195, 198, 202, 211, 212, 220], "excluded_lines": []}, "DRYAgent._detect_file_existence_patterns": {"executed_lines": [], "summary": {"covered_lines": 0, "num_statements": 7, "percent_covered": 0.0, "percent_covered_display": "0", "missing_lines": 7, "excluded_lines": 0}, "missing_lines": [224, 225, 228, 230, 239, 240, 248], "excluded_lines": []}, "DRYAgent._detect_exception_patterns": {"executed_lines": [], "summary": {"covered_lines": 0, "num_statements": 11, "percent_covered": 0.0, "percent_covered_display": "0", "missing_lines": 11, "excluded_lines": 0}, "missing_lines": [252, 253, 256, 258, 259, 260, 262, 267, 275, 276, 284], "excluded_lines": []}, "DRYAgent._apply_dry_fixes": {"executed_lines": [], "summary": {"covered_lines": 0, "num_statements": 10, "percent_covered": 0.0, "percent_covered_display": "0", "missing_lines": 10, "excluded_lines": 0}, "missing_lines": [288, 289, 291, 292, 293, 294, 295, 296, 297, 299], "excluded_lines": []}, "DRYAgent._fix_error_response_pattern": {"executed_lines": [], "summary": {"covered_lines": 0, "num_statements": 20, "percent_covered": 0.0, "percent_covered_display": "0", "missing_lines": 20, "excluded_lines": 0}, "missing_lines": [308, 316, 317, 318, 319, 320, 321, 324, 325, 326, 329, 330, 331, 332, 333, 335, 337, 338, 341, 343], "excluded_lines": []}, "DRYAgent._fix_path_conversion_pattern": {"executed_lines": [], "summary": {"covered_lines": 0, "num_statements": 19, "percent_covered": 0.0, "percent_covered_display": "0", "missing_lines": 19, "excluded_lines": 0}, "missing_lines": [352, 359, 360, 361, 362, 363, 364, 367, 368, 369, 372, 376, 377, 378, 379, 380, 382, 383, 385], "excluded_lines": []}, "": {"executed_lines": [1, 2, 3, 5, 14, 15, 17, 20, 25, 44, 64, 85, 116, 129, 137, 159, 192, 222, 250, 286, 301, 345, 388], "summary": {"covered_lines": 22, "num_statements": 22, "percent_covered": 100.0, "percent_covered_display": "100", "missing_lines": 0, "excluded_lines": 0}, "missing_lines": [], "excluded_lines": []}}, "classes": {"DRYAgent": {"executed_lines": [], "summary": {"covered_lines": 0, "num_statements": 128, "percent_covered": 0.0, "percent_covered_display": "0", "missing_lines": 128, "excluded_lines": 0}, "missing_lines": [18, 21, 22, 23, 26, 28, 29, 30, 32, 33, 37, 39, 40, 41, 42, 46, 47, 54, 55, 56, 62, 66, 67, 68, 74, 76, 77, 83, 92, 94, 95, 97, 98, 99, 105, 118, 131, 143, 146, 149, 152, 155, 157, 161, 162, 165, 169, 170, 171, 172, 173, 181, 182, 190, 194, 195, 198, 202, 211, 212, 220, 224, 225, 228, 230, 239, 240, 248, 252, 253, 256, 258, 259, 260, 262, 267, 275, 276, 284, 288, 289, 291, 292, 293, 294, 295, 296, 297, 299, 308, 316, 317, 318, 319, 320, 321, 324, 325, 326, 329, 330, 331, 332, 333, 335, 337, 338, 341, 343, 352, 359, 360, 361, 362, 363, 364, 367, 368, 369, 372, 376, 377, 378, 379, 380, 382, 383, 385], "excluded_lines": []}, "": {"executed_lines": [1, 2, 3, 5, 14, 15, 17, 20, 25, 44, 64, 85, 116, 129, 137, 159, 192, 222, 250, 286, 301, 345, 388], "summary": {"covered_lines": 22, "num_statements": 22, "percent_covered": 100.0, "percent_covered_display": "100", "missing_lines": 0, "excluded_lines": 0}, "missing_lines": [], "excluded_lines": []}}}, "/Users/les/Projects/crackerjack/crackerjack/agents/formatting_agent.py": {"executed_lines": [1, 2, 4, 14, 15, 23, 26, 65, 111, 136, 171, 193, 215, 223, 238, 245], "summary": {"covered_lines": 16, "num_statements": 105, "percent_covered": 15.238095238095237, "percent_covered_display": "15", "missing_lines": 89, "excluded_lines": 0}, "missing_lines": [16, 17, 24, 27, 28, 30, 32, 44, 46, 58, 60, 61, 63, 66, 68, 69, 71, 72, 73, 75, 76, 78, 79, 81, 82, 83, 84, 85, 87, 88, 90, 103, 104, 105, 112, 114, 118, 119, 120, 122, 124, 128, 129, 130, 132, 134, 137, 139, 150, 151, 152, 154, 165, 166, 167, 169, 172, 174, 187, 188, 189, 191, 194, 196, 197, 198, 199, 200, 202, 203, 205, 206, 207, 208, 210, 211, 213, 217, 218, 220, 221, 226, 229, 230, 233, 236, 240, 241, 242], "excluded_lines": [], "functions": {"FormattingAgent.__init__": {"executed_lines": [], "summary": {"covered_lines": 0, "num_statements": 2, "percent_covered": 0.0, "percent_covered_display": "0", "missing_lines": 2, "excluded_lines": 0}, "missing_lines": [16, 17], "excluded_lines": []}, "FormattingAgent.get_supported_types": {"executed_lines": [], "summary": {"covered_lines": 0, "num_statements": 1, "percent_covered": 0.0, "percent_covered_display": "0", "missing_lines": 1, "excluded_lines": 0}, "missing_lines": [24], "excluded_lines": []}, "FormattingAgent.can_handle": {"executed_lines": [], "summary": {"covered_lines": 0, "num_statements": 10, "percent_covered": 0.0, "percent_covered_display": "0", "missing_lines": 10, "excluded_lines": 0}, "missing_lines": [27, 28, 30, 32, 44, 46, 58, 60, 61, 63], "excluded_lines": []}, "FormattingAgent.analyze_and_fix": {"executed_lines": [], "summary": {"covered_lines": 0, "num_statements": 21, "percent_covered": 0.0, "percent_covered_display": "0", "missing_lines": 21, "excluded_lines": 0}, "missing_lines": [66, 68, 69, 71, 72, 73, 75, 76, 78, 79, 81, 82, 83, 84, 85, 87, 88, 90, 103, 104, 105], "excluded_lines": []}, "FormattingAgent._apply_ruff_fixes": {"executed_lines": [], "summary": {"covered_lines": 0, "num_statements": 12, "percent_covered": 0.0, "percent_covered_display": "0", "missing_lines": 12, "excluded_lines": 0}, "missing_lines": [112, 114, 118, 119, 120, 122, 124, 128, 129, 130, 132, 134], "excluded_lines": []}, "FormattingAgent._apply_whitespace_fixes": {"executed_lines": [], "summary": {"covered_lines": 0, "num_statements": 10, "percent_covered": 0.0, "percent_covered_display": "0", "missing_lines": 10, "excluded_lines": 0}, "missing_lines": [137, 139, 150, 151, 152, 154, 165, 166, 167, 169], "excluded_lines": []}, "FormattingAgent._apply_import_fixes": {"executed_lines": [], "summary": {"covered_lines": 0, "num_statements": 6, "percent_covered": 0.0, "percent_covered_display": "0", "missing_lines": 6, "excluded_lines": 0}, "missing_lines": [172, 174, 187, 188, 189, 191], "excluded_lines": []}, "FormattingAgent._fix_specific_file": {"executed_lines": [], "summary": {"covered_lines": 0, "num_statements": 15, "percent_covered": 0.0, "percent_covered_display": "0", "missing_lines": 15, "excluded_lines": 0}, "missing_lines": [194, 196, 197, 198, 199, 200, 202, 203, 205, 206, 207, 208, 210, 211, 213], "excluded_lines": []}, "FormattingAgent._validate_and_get_file_content": {"executed_lines": [], "summary": {"covered_lines": 0, "num_statements": 4, "percent_covered": 0.0, "percent_covered_display": "0", "missing_lines": 4, "excluded_lines": 0}, "missing_lines": [217, 218, 220, 221], "excluded_lines": []}, "FormattingAgent._apply_content_formatting": {"executed_lines": [], "summary": {"covered_lines": 0, "num_statements": 5, "percent_covered": 0.0, "percent_covered_display": "0", "missing_lines": 5, "excluded_lines": 0}, "missing_lines": [226, 229, 230, 233, 236], "excluded_lines": []}, "FormattingAgent._convert_tabs_to_spaces": {"executed_lines": [], "summary": {"covered_lines": 0, "num_statements": 3, "percent_covered": 0.0, "percent_covered_display": "0", "missing_lines": 3, "excluded_lines": 0}, "missing_lines": [240, 241, 242], "excluded_lines": []}, "": {"executed_lines": [1, 2, 4, 14, 15, 23, 26, 65, 111, 136, 171, 193, 215, 223, 238, 245], "summary": {"covered_lines": 16, "num_statements": 16, "percent_covered": 100.0, "percent_covered_display": "100", "missing_lines": 0, "excluded_lines": 0}, "missing_lines": [], "excluded_lines": []}}, "classes": {"FormattingAgent": {"executed_lines": [], "summary": {"covered_lines": 0, "num_statements": 89, "percent_covered": 0.0, "percent_covered_display": "0", "missing_lines": 89, "excluded_lines": 0}, "missing_lines": [16, 17, 24, 27, 28, 30, 32, 44, 46, 58, 60, 61, 63, 66, 68, 69, 71, 72, 73, 75, 76, 78, 79, 81, 82, 83, 84, 85, 87, 88, 90, 103, 104, 105, 112, 114, 118, 119, 120, 122, 124, 128, 129, 130, 132, 134, 137, 139, 150, 151, 152, 154, 165, 166, 167, 169, 172, 174, 187, 188, 189, 191, 194, 196, 197, 198, 199, 200, 202, 203, 205, 206, 207, 208, 210, 211, 213, 217, 218, 220, 221, 226, 229, 230, 233, 236, 240, 241, 242], "excluded_lines": []}, "": {"executed_lines": [1, 2, 4, 14, 15, 23, 26, 65, 111, 136, 171, 193, 215, 223, 238, 245], "summary": {"covered_lines": 16, "num_statements": 16, "percent_covered": 100.0, "percent_covered_display": "100", "missing_lines": 0, "excluded_lines": 0}, "missing_lines": [], "excluded_lines": []}}}, "/Users/les/Projects/crackerjack/crackerjack/agents/import_optimization_agent.py": {"executed_lines": [1, 2, 3, 4, 6, 16, 17, 18, 19, 20, 23, 24, 26, 30, 33, 49, 52, 65, 108, 119, 131, 147, 216, 225, 253, 281], "summary": {"covered_lines": 26, "num_statements": 146, "percent_covered": 17.80821917808219, "percent_covered_display": "18", "missing_lines": 120, "excluded_lines": 0}, "missing_lines": [27, 28, 31, 34, 35, 37, 38, 44, 45, 47, 50, 53, 54, 56, 57, 58, 59, 60, 61, 63, 66, 67, 69, 70, 71, 72, 78, 79, 80, 82, 83, 84, 91, 92, 93, 95, 96, 97, 101, 112, 113, 114, 115, 116, 117, 120, 121, 123, 124, 125, 126, 127, 129, 135, 137, 138, 139, 140, 145, 148, 149, 154, 156, 158, 165, 174, 175, 176, 178, 180, 181, 183, 184, 185, 188, 189, 192, 193, 197, 206, 207, 217, 219, 220, 221, 223, 226, 227, 228, 230, 231, 232, 233, 234, 235, 236, 237, 238, 239, 240, 241, 242, 244, 245, 247, 248, 249, 251, 254, 262, 263, 264, 266, 267, 269, 270, 271, 273, 274, 278], "excluded_lines": [], "functions": {"ImportOptimizationAgent.__init__": {"executed_lines": [], "summary": {"covered_lines": 0, "num_statements": 2, "percent_covered": 0.0, "percent_covered_display": "0", "missing_lines": 2, "excluded_lines": 0}, "missing_lines": [27, 28], "excluded_lines": []}, "ImportOptimizationAgent.get_supported_types": {"executed_lines": [], "summary": {"covered_lines": 0, "num_statements": 1, "percent_covered": 0.0, "percent_covered_display": "0", "missing_lines": 1, "excluded_lines": 0}, "missing_lines": [31], "excluded_lines": []}, "ImportOptimizationAgent.can_handle": {"executed_lines": [], "summary": {"covered_lines": 0, "num_statements": 7, "percent_covered": 0.0, "percent_covered_display": "0", "missing_lines": 7, "excluded_lines": 0}, "missing_lines": [34, 35, 37, 38, 44, 45, 47], "excluded_lines": []}, "ImportOptimizationAgent.analyze_and_fix": {"executed_lines": [], "summary": {"covered_lines": 0, "num_statements": 1, "percent_covered": 0.0, "percent_covered_display": "0", "missing_lines": 1, "excluded_lines": 0}, "missing_lines": [50], "excluded_lines": []}, "ImportOptimizationAgent.analyze_file": {"executed_lines": [], "summary": {"covered_lines": 0, "num_statements": 9, "percent_covered": 0.0, "percent_covered_display": "0", "missing_lines": 9, "excluded_lines": 0}, "missing_lines": [53, 54, 56, 57, 58, 59, 60, 61, 63], "excluded_lines": []}, "ImportOptimizationAgent._analyze_imports": {"executed_lines": [], "summary": {"covered_lines": 0, "num_statements": 19, "percent_covered": 0.0, "percent_covered_display": "0", "missing_lines": 19, "excluded_lines": 0}, "missing_lines": [66, 67, 69, 70, 71, 72, 78, 79, 80, 82, 83, 84, 91, 92, 93, 95, 96, 97, 101], "excluded_lines": []}, "ImportOptimizationAgent._find_mixed_imports": {"executed_lines": [], "summary": {"covered_lines": 0, "num_statements": 6, "percent_covered": 0.0, "percent_covered_display": "0", "missing_lines": 6, "excluded_lines": 0}, "missing_lines": [112, 113, 114, 115, 116, 117], "excluded_lines": []}, "ImportOptimizationAgent._find_redundant_imports": {"executed_lines": [], "summary": {"covered_lines": 0, "num_statements": 8, "percent_covered": 0.0, "percent_covered_display": "0", "missing_lines": 8, "excluded_lines": 0}, "missing_lines": [120, 121, 123, 124, 125, 126, 127, 129], "excluded_lines": []}, "ImportOptimizationAgent._find_optimization_opportunities": {"executed_lines": [], "summary": {"covered_lines": 0, "num_statements": 6, "percent_covered": 0.0, "percent_covered_display": "0", "missing_lines": 6, "excluded_lines": 0}, "missing_lines": [135, 137, 138, 139, 140, 145], "excluded_lines": []}, "ImportOptimizationAgent.fix_issue": {"executed_lines": [], "summary": {"covered_lines": 0, "num_statements": 22, "percent_covered": 0.0, "percent_covered_display": "0", "missing_lines": 22, "excluded_lines": 0}, "missing_lines": [148, 149, 154, 156, 158, 165, 174, 175, 176, 178, 180, 181, 183, 184, 185, 188, 189, 192, 193, 197, 206, 207], "excluded_lines": []}, "ImportOptimizationAgent._optimize_imports": {"executed_lines": [], "summary": {"covered_lines": 0, "num_statements": 5, "percent_covered": 0.0, "percent_covered_display": "0", "missing_lines": 5, "excluded_lines": 0}, "missing_lines": [217, 219, 220, 221, 223], "excluded_lines": []}, "ImportOptimizationAgent._consolidate_typing_imports": {"executed_lines": [], "summary": {"covered_lines": 0, "num_statements": 22, "percent_covered": 0.0, "percent_covered_display": "0", "missing_lines": 22, "excluded_lines": 0}, "missing_lines": [226, 227, 228, 230, 231, 232, 233, 234, 235, 236, 237, 238, 239, 240, 241, 242, 244, 245, 247, 248, 249, 251], "excluded_lines": []}, "ImportOptimizationAgent.get_diagnostics": {"executed_lines": [], "summary": {"covered_lines": 0, "num_statements": 12, "percent_covered": 0.0, "percent_covered_display": "0", "missing_lines": 12, "excluded_lines": 0}, "missing_lines": [254, 262, 263, 264, 266, 267, 269, 270, 271, 273, 274, 278], "excluded_lines": []}, "": {"executed_lines": [1, 2, 3, 4, 6, 16, 17, 18, 19, 20, 23, 24, 26, 30, 33, 49, 52, 65, 108, 119, 131, 147, 216, 225, 253, 281], "summary": {"covered_lines": 26, "num_statements": 26, "percent_covered": 100.0, "percent_covered_display": "100", "missing_lines": 0, "excluded_lines": 0}, "missing_lines": [], "excluded_lines": []}}, "classes": {"ImportAnalysis": {"executed_lines": [], "summary": {"covered_lines": 0, "num_statements": 0, "percent_covered": 100.0, "percent_covered_display": "100", "missing_lines": 0, "excluded_lines": 0}, "missing_lines": [], "excluded_lines": []}, "ImportOptimizationAgent": {"executed_lines": [], "summary": {"covered_lines": 0, "num_statements": 120, "percent_covered": 0.0, "percent_covered_display": "0", "missing_lines": 120, "excluded_lines": 0}, "missing_lines": [27, 28, 31, 34, 35, 37, 38, 44, 45, 47, 50, 53, 54, 56, 57, 58, 59, 60, 61, 63, 66, 67, 69, 70, 71, 72, 78, 79, 80, 82, 83, 84, 91, 92, 93, 95, 96, 97, 101, 112, 113, 114, 115, 116, 117, 120, 121, 123, 124, 125, 126, 127, 129, 135, 137, 138, 139, 140, 145, 148, 149, 154, 156, 158, 165, 174, 175, 176, 178, 180, 181, 183, 184, 185, 188, 189, 192, 193, 197, 206, 207, 217, 219, 220, 221, 223, 226, 227, 228, 230, 231, 232, 233, 234, 235, 236, 237, 238, 239, 240, 241, 242, 244, 245, 247, 248, 249, 251, 254, 262, 263, 264, 266, 267, 269, 270, 271, 273, 274, 278], "excluded_lines": []}, "": {"executed_lines": [1, 2, 3, 4, 6, 16, 17, 18, 19, 20, 23, 24, 26, 30, 33, 49, 52, 65, 108, 119, 131, 147, 216, 225, 253, 281], "summary": {"covered_lines": 26, "num_statements": 26, "percent_covered": 100.0, "percent_covered_display": "100", "missing_lines": 0, "excluded_lines": 0}, "missing_lines": [], "excluded_lines": []}}}, "/Users/les/Projects/crackerjack/crackerjack/agents/performance_agent.py": {"executed_lines": [1, 2, 3, 4, 5, 7, 16, 17, 19, 22, 27, 48, 67, 92, 123, 137, 145, 170, 221, 275, 286, 302, 314, 322, 333, 345, 360, 398, 420, 461, 470, 488, 516, 537, 548, 575, 590, 602, 615, 628, 646, 669], "summary": {"covered_lines": 41, "num_statements": 285, "percent_covered": 14.385964912280702, "percent_covered_display": "14", "missing_lines": 244, "excluded_lines": 0}, "missing_lines": [20, 23, 24, 25, 28, 30, 31, 32, 34, 35, 41, 43, 44, 45, 46, 50, 51, 57, 58, 59, 65, 69, 70, 71, 77, 79, 80, 86, 99, 101, 102, 104, 105, 106, 112, 125, 139, 151, 153, 154, 157, 160, 163, 166, 168, 172, 174, 175, 176, 177, 179, 180, 181, 182, 190, 191, 193, 194, 195, 196, 204, 205, 207, 208, 210, 211, 219, 227, 228, 232, 233, 234, 235, 237, 238, 239, 240, 241, 243, 244, 245, 246, 247, 249, 250, 251, 252, 259, 261, 262, 264, 265, 273, 281, 282, 284, 291, 292, 294, 295, 296, 297, 298, 300, 304, 320, 324, 325, 327, 328, 339, 350, 351, 358, 362, 363, 366, 368, 369, 370, 372, 373, 375, 376, 380, 387, 388, 396, 404, 405, 407, 408, 409, 410, 411, 412, 413, 414, 415, 416, 418, 426, 429, 435, 436, 437, 438, 442, 444, 445, 447, 448, 449, 450, 451, 454, 457, 459, 467, 468, 476, 478, 479, 480, 481, 482, 483, 484, 486, 494, 495, 496, 498, 500, 502, 503, 505, 506, 507, 514, 522, 524, 525, 526, 527, 529, 530, 533, 535, 539, 540, 541, 542, 544, 545, 546, 556, 557, 559, 560, 562, 563, 564, 567, 570, 571, 573, 582, 584, 585, 586, 587, 588, 598, 610, 611, 612, 613, 623, 624, 625, 626, 630, 631, 633, 635, 636, 637, 638, 640, 641, 642, 644, 652, 654, 655, 656, 657, 658, 659, 662, 663, 664, 666], "excluded_lines": [], "functions": {"PerformanceAgent.get_supported_types": {"executed_lines": [], "summary": {"covered_lines": 0, "num_statements": 1, "percent_covered": 0.0, "percent_covered_display": "0", "missing_lines": 1, "excluded_lines": 0}, "missing_lines": [20], "excluded_lines": []}, "PerformanceAgent.can_handle": {"executed_lines": [], "summary": {"covered_lines": 0, "num_statements": 3, "percent_covered": 0.0, "percent_covered_display": "0", "missing_lines": 3, "excluded_lines": 0}, "missing_lines": [23, 24, 25], "excluded_lines": []}, "PerformanceAgent.analyze_and_fix": {"executed_lines": [], "summary": {"covered_lines": 0, "num_statements": 11, "percent_covered": 0.0, "percent_covered_display": "0", "missing_lines": 11, "excluded_lines": 0}, "missing_lines": [28, 30, 31, 32, 34, 35, 41, 43, 44, 45, 46], "excluded_lines": []}, "PerformanceAgent._validate_performance_issue": {"executed_lines": [], "summary": {"covered_lines": 0, "num_statements": 6, "percent_covered": 0.0, "percent_covered_display": "0", "missing_lines": 6, "excluded_lines": 0}, "missing_lines": [50, 51, 57, 58, 59, 65], "excluded_lines": []}, "PerformanceAgent._process_performance_optimization": {"executed_lines": [], "summary": {"covered_lines": 0, "num_statements": 7, "percent_covered": 0.0, "percent_covered_display": "0", "missing_lines": 7, "excluded_lines": 0}, "missing_lines": [69, 70, 71, 77, 79, 80, 86], "excluded_lines": []}, "PerformanceAgent._apply_and_save_optimizations": {"executed_lines": [], "summary": {"covered_lines": 0, "num_statements": 7, "percent_covered": 0.0, "percent_covered_display": "0", "missing_lines": 7, "excluded_lines": 0}, "missing_lines": [99, 101, 102, 104, 105, 106, 112], "excluded_lines": []}, "PerformanceAgent._create_no_optimization_result": {"executed_lines": [], "summary": {"covered_lines": 0, "num_statements": 1, "percent_covered": 0.0, "percent_covered_display": "0", "missing_lines": 1, "excluded_lines": 0}, "missing_lines": [125], "excluded_lines": []}, "PerformanceAgent._create_performance_error_result": {"executed_lines": [], "summary": {"covered_lines": 0, "num_statements": 1, "percent_covered": 0.0, "percent_covered_display": "0", "missing_lines": 1, "excluded_lines": 0}, "missing_lines": [139], "excluded_lines": []}, "PerformanceAgent._detect_performance_issues": {"executed_lines": [], "summary": {"covered_lines": 0, "num_statements": 8, "percent_covered": 0.0, "percent_covered_display": "0", "missing_lines": 8, "excluded_lines": 0}, "missing_lines": [151, 153, 154, 157, 160, 163, 166, 168], "excluded_lines": []}, "PerformanceAgent._detect_nested_loops": {"executed_lines": [], "summary": {"covered_lines": 0, "num_statements": 10, "percent_covered": 0.0, "percent_covered_display": "0", "missing_lines": 10, "excluded_lines": 0}, "missing_lines": [172, 174, 175, 179, 193, 207, 208, 210, 211, 219], "excluded_lines": []}, "PerformanceAgent._detect_nested_loops.NestedLoopAnalyzer.__init__": {"executed_lines": [], "summary": {"covered_lines": 0, "num_statements": 2, "percent_covered": 0.0, "percent_covered_display": "0", "missing_lines": 2, "excluded_lines": 0}, "missing_lines": [176, 177], "excluded_lines": []}, "PerformanceAgent._detect_nested_loops.NestedLoopAnalyzer.visit_For": {"executed_lines": [], "summary": {"covered_lines": 0, "num_statements": 5, "percent_covered": 0.0, "percent_covered_display": "0", "missing_lines": 5, "excluded_lines": 0}, "missing_lines": [180, 181, 182, 190, 191], "excluded_lines": []}, "PerformanceAgent._detect_nested_loops.NestedLoopAnalyzer.visit_While": {"executed_lines": [], "summary": {"covered_lines": 0, "num_statements": 5, "percent_covered": 0.0, "percent_covered_display": "0", "missing_lines": 5, "excluded_lines": 0}, "missing_lines": [194, 195, 196, 204, 205], "excluded_lines": []}, "PerformanceAgent._detect_inefficient_list_ops": {"executed_lines": [], "summary": {"covered_lines": 0, "num_statements": 12, "percent_covered": 0.0, "percent_covered_display": "0", "missing_lines": 12, "excluded_lines": 0}, "missing_lines": [227, 228, 232, 233, 237, 243, 249, 261, 262, 264, 265, 273], "excluded_lines": []}, "PerformanceAgent._detect_inefficient_list_ops.ListOpAnalyzer.__init__": {"executed_lines": [], "summary": {"covered_lines": 0, "num_statements": 2, "percent_covered": 0.0, "percent_covered_display": "0", "missing_lines": 2, "excluded_lines": 0}, "missing_lines": [234, 235], "excluded_lines": []}, "PerformanceAgent._detect_inefficient_list_ops.ListOpAnalyzer.visit_For": {"executed_lines": [], "summary": {"covered_lines": 0, "num_statements": 4, "percent_covered": 0.0, "percent_covered_display": "0", "missing_lines": 4, "excluded_lines": 0}, "missing_lines": [238, 239, 240, 241], "excluded_lines": []}, "PerformanceAgent._detect_inefficient_list_ops.ListOpAnalyzer.visit_While": {"executed_lines": [], "summary": {"covered_lines": 0, "num_statements": 4, "percent_covered": 0.0, "percent_covered_display": "0", "missing_lines": 4, "excluded_lines": 0}, "missing_lines": [244, 245, 246, 247], "excluded_lines": []}, "PerformanceAgent._detect_inefficient_list_ops.ListOpAnalyzer.visit_AugAssign": {"executed_lines": [], "summary": {"covered_lines": 0, "num_statements": 4, "percent_covered": 0.0, "percent_covered_display": "0", "missing_lines": 4, "excluded_lines": 0}, "missing_lines": [250, 251, 252, 259], "excluded_lines": []}, "PerformanceAgent._detect_repeated_operations": {"executed_lines": [], "summary": {"covered_lines": 0, "num_statements": 3, "percent_covered": 0.0, "percent_covered_display": "0", "missing_lines": 3, "excluded_lines": 0}, "missing_lines": [281, 282, 284], "excluded_lines": []}, "PerformanceAgent._find_expensive_operations_in_loops": {"executed_lines": [], "summary": {"covered_lines": 0, "num_statements": 8, "percent_covered": 0.0, "percent_covered_display": "0", "missing_lines": 8, "excluded_lines": 0}, "missing_lines": [291, 292, 294, 295, 296, 297, 298, 300], "excluded_lines": []}, "PerformanceAgent._get_expensive_operation_patterns": {"executed_lines": [], "summary": {"covered_lines": 0, "num_statements": 1, "percent_covered": 0.0, "percent_covered_display": "0", "missing_lines": 1, "excluded_lines": 0}, "missing_lines": [304], "excluded_lines": []}, "PerformanceAgent._contains_expensive_operation": {"executed_lines": [], "summary": {"covered_lines": 0, "num_statements": 1, "percent_covered": 0.0, "percent_covered_display": "0", "missing_lines": 1, "excluded_lines": 0}, "missing_lines": [320], "excluded_lines": []}, "PerformanceAgent._is_in_loop_context": {"executed_lines": [], "summary": {"covered_lines": 0, "num_statements": 4, "percent_covered": 0.0, "percent_covered_display": "0", "missing_lines": 4, "excluded_lines": 0}, "missing_lines": [324, 325, 327, 328], "excluded_lines": []}, "PerformanceAgent._create_operation_record": {"executed_lines": [], "summary": {"covered_lines": 0, "num_statements": 1, "percent_covered": 0.0, "percent_covered_display": "0", "missing_lines": 1, "excluded_lines": 0}, "missing_lines": [339], "excluded_lines": []}, "PerformanceAgent._create_repeated_operations_issues": {"executed_lines": [], "summary": {"covered_lines": 0, "num_statements": 3, "percent_covered": 0.0, "percent_covered_display": "0", "missing_lines": 3, "excluded_lines": 0}, "missing_lines": [350, 351, 358], "excluded_lines": []}, "PerformanceAgent._detect_string_inefficiencies": {"executed_lines": [], "summary": {"covered_lines": 0, "num_statements": 14, "percent_covered": 0.0, "percent_covered_display": "0", "missing_lines": 14, "excluded_lines": 0}, "missing_lines": [362, 363, 366, 368, 369, 370, 372, 373, 375, 376, 380, 387, 388, 396], "excluded_lines": []}, "PerformanceAgent._apply_performance_optimizations": {"executed_lines": [], "summary": {"covered_lines": 0, "num_statements": 13, "percent_covered": 0.0, "percent_covered_display": "0", "missing_lines": 13, "excluded_lines": 0}, "missing_lines": [404, 405, 407, 408, 409, 410, 411, 412, 413, 414, 415, 416, 418], "excluded_lines": []}, "PerformanceAgent._fix_list_operations": {"executed_lines": [], "summary": {"covered_lines": 0, "num_statements": 17, "percent_covered": 0.0, "percent_covered_display": "0", "missing_lines": 17, "excluded_lines": 0}, "missing_lines": [426, 429, 435, 436, 437, 438, 442, 444, 445, 447, 448, 449, 450, 451, 454, 457, 459], "excluded_lines": []}, "PerformanceAgent._fix_string_concatenation": {"executed_lines": [], "summary": {"covered_lines": 0, "num_statements": 2, "percent_covered": 0.0, "percent_covered_display": "0", "missing_lines": 2, "excluded_lines": 0}, "missing_lines": [467, 468], "excluded_lines": []}, "PerformanceAgent._group_concatenation_instances": {"executed_lines": [], "summary": {"covered_lines": 0, "num_statements": 9, "percent_covered": 0.0, "percent_covered_display": "0", "missing_lines": 9, "excluded_lines": 0}, "missing_lines": [476, 478, 479, 480, 481, 482, 483, 484, 486], "excluded_lines": []}, "PerformanceAgent._parse_concatenation_line": {"executed_lines": [], "summary": {"covered_lines": 0, "num_statements": 11, "percent_covered": 0.0, "percent_covered_display": "0", "missing_lines": 11, "excluded_lines": 0}, "missing_lines": [494, 495, 496, 498, 500, 502, 503, 505, 506, 507, 514], "excluded_lines": []}, "PerformanceAgent._apply_concatenation_optimizations": {"executed_lines": [], "summary": {"covered_lines": 0, "num_statements": 9, "percent_covered": 0.0, "percent_covered_display": "0", "missing_lines": 9, "excluded_lines": 0}, "missing_lines": [522, 524, 525, 526, 527, 529, 530, 533, 535], "excluded_lines": []}, "PerformanceAgent._find_loop_start": {"executed_lines": [], "summary": {"covered_lines": 0, "num_statements": 7, "percent_covered": 0.0, "percent_covered_display": "0", "missing_lines": 7, "excluded_lines": 0}, "missing_lines": [539, 540, 541, 542, 544, 545, 546], "excluded_lines": []}, "PerformanceAgent._apply_string_building_optimization": {"executed_lines": [], "summary": {"covered_lines": 0, "num_statements": 11, "percent_covered": 0.0, "percent_covered_display": "0", "missing_lines": 11, "excluded_lines": 0}, "missing_lines": [556, 557, 559, 560, 562, 563, 564, 567, 570, 571, 573], "excluded_lines": []}, "PerformanceAgent._find_variable_initialization": {"executed_lines": [], "summary": {"covered_lines": 0, "num_statements": 6, "percent_covered": 0.0, "percent_covered_display": "0", "missing_lines": 6, "excluded_lines": 0}, "missing_lines": [582, 584, 585, 586, 587, 588], "excluded_lines": []}, "PerformanceAgent._transform_string_initialization": {"executed_lines": [], "summary": {"covered_lines": 0, "num_statements": 1, "percent_covered": 0.0, "percent_covered_display": "0", "missing_lines": 1, "excluded_lines": 0}, "missing_lines": [598], "excluded_lines": []}, "PerformanceAgent._replace_concatenations_with_appends": {"executed_lines": [], "summary": {"covered_lines": 0, "num_statements": 4, "percent_covered": 0.0, "percent_covered_display": "0", "missing_lines": 4, "excluded_lines": 0}, "missing_lines": [610, 611, 612, 613], "excluded_lines": []}, "PerformanceAgent._add_join_after_loop": {"executed_lines": [], "summary": {"covered_lines": 0, "num_statements": 4, "percent_covered": 0.0, "percent_covered_display": "0", "missing_lines": 4, "excluded_lines": 0}, "missing_lines": [623, 624, 625, 626], "excluded_lines": []}, "PerformanceAgent._find_loop_end": {"executed_lines": [], "summary": {"covered_lines": 0, "num_statements": 11, "percent_covered": 0.0, "percent_covered_display": "0", "missing_lines": 11, "excluded_lines": 0}, "missing_lines": [630, 631, 633, 635, 636, 637, 638, 640, 641, 642, 644], "excluded_lines": []}, "PerformanceAgent._fix_repeated_operations": {"executed_lines": [], "summary": {"covered_lines": 0, "num_statements": 11, "percent_covered": 0.0, "percent_covered_display": "0", "missing_lines": 11, "excluded_lines": 0}, "missing_lines": [652, 654, 655, 656, 657, 658, 659, 662, 663, 664, 666], "excluded_lines": []}, "": {"executed_lines": [1, 2, 3, 4, 5, 7, 16, 17, 19, 22, 27, 48, 67, 92, 123, 137, 145, 170, 221, 275, 286, 302, 314, 322, 333, 345, 360, 398, 420, 461, 470, 488, 516, 537, 548, 575, 590, 602, 615, 628, 646, 669], "summary": {"covered_lines": 41, "num_statements": 41, "percent_covered": 100.0, "percent_covered_display": "100", "missing_lines": 0, "excluded_lines": 0}, "missing_lines": [], "excluded_lines": []}}, "classes": {"PerformanceAgent": {"executed_lines": [], "summary": {"covered_lines": 0, "num_statements": 218, "percent_covered": 0.0, "percent_covered_display": "0", "missing_lines": 218, "excluded_lines": 0}, "missing_lines": [20, 23, 24, 25, 28, 30, 31, 32, 34, 35, 41, 43, 44, 45, 46, 50, 51, 57, 58, 59, 65, 69, 70, 71, 77, 79, 80, 86, 99, 101, 102, 104, 105, 106, 112, 125, 139, 151, 153, 154, 157, 160, 163, 166, 168, 172, 174, 175, 179, 193, 207, 208, 210, 211, 219, 227, 228, 232, 233, 237, 243, 249, 261, 262, 264, 265, 273, 281, 282, 284, 291, 292, 294, 295, 296, 297, 298, 300, 304, 320, 324, 325, 327, 328, 339, 350, 351, 358, 362, 363, 366, 368, 369, 370, 372, 373, 375, 376, 380, 387, 388, 396, 404, 405, 407, 408, 409, 410, 411, 412, 413, 414, 415, 416, 418, 426, 429, 435, 436, 437, 438, 442, 444, 445, 447, 448, 449, 450, 451, 454, 457, 459, 467, 468, 476, 478, 479, 480, 481, 482, 483, 484, 486, 494, 495, 496, 498, 500, 502, 503, 505, 506, 507, 514, 522, 524, 525, 526, 527, 529, 530, 533, 535, 539, 540, 541, 542, 544, 545, 546, 556, 557, 559, 560, 562, 563, 564, 567, 570, 571, 573, 582, 584, 585, 586, 587, 588, 598, 610, 611, 612, 613, 623, 624, 625, 626, 630, 631, 633, 635, 636, 637, 638, 640, 641, 642, 644, 652, 654, 655, 656, 657, 658, 659, 662, 663, 664, 666], "excluded_lines": []}, "PerformanceAgent._detect_nested_loops.NestedLoopAnalyzer": {"executed_lines": [], "summary": {"covered_lines": 0, "num_statements": 12, "percent_covered": 0.0, "percent_covered_display": "0", "missing_lines": 12, "excluded_lines": 0}, "missing_lines": [176, 177, 180, 181, 182, 190, 191, 194, 195, 196, 204, 205], "excluded_lines": []}, "PerformanceAgent._detect_inefficient_list_ops.ListOpAnalyzer": {"executed_lines": [], "summary": {"covered_lines": 0, "num_statements": 14, "percent_covered": 0.0, "percent_covered_display": "0", "missing_lines": 14, "excluded_lines": 0}, "missing_lines": [234, 235, 238, 239, 240, 241, 244, 245, 246, 247, 250, 251, 252, 259], "excluded_lines": []}, "": {"executed_lines": [1, 2, 3, 4, 5, 7, 16, 17, 19, 22, 27, 48, 67, 92, 123, 137, 145, 170, 221, 275, 286, 302, 314, 322, 333, 345, 360, 398, 420, 461, 470, 488, 516, 537, 548, 575, 590, 602, 615, 628, 646, 669], "summary": {"covered_lines": 41, "num_statements": 41, "percent_covered": 100.0, "percent_covered_display": "100", "missing_lines": 0, "excluded_lines": 0}, "missing_lines": [], "excluded_lines": []}}}, "/Users/les/Projects/crackerjack/crackerjack/agents/refactoring_agent.py": {"executed_lines": [1, 2, 3, 5, 14, 15, 18, 25, 39, 60, 79, 101, 132, 145, 153, 161, 182, 201, 223, 252, 264, 272, 323, 370, 392, 420, 434, 473, 490, 507, 521, 536, 547], "summary": {"covered_lines": 33, "num_statements": 249, "percent_covered": 13.25301204819277, "percent_covered_display": "13", "missing_lines": 216, "excluded_lines": 0}, "missing_lines": [16, 19, 20, 21, 22, 23, 26, 28, 29, 30, 31, 33, 40, 41, 42, 44, 45, 51, 53, 54, 55, 56, 57, 58, 62, 63, 69, 70, 71, 77, 81, 82, 83, 89, 90, 92, 93, 99, 108, 113, 114, 116, 117, 118, 124, 134, 147, 155, 162, 163, 164, 166, 167, 173, 175, 176, 177, 178, 179, 180, 184, 185, 191, 192, 193, 199, 203, 204, 205, 211, 212, 214, 215, 221, 230, 232, 233, 235, 236, 237, 243, 244, 254, 266, 277, 279, 280, 287, 289, 290, 291, 292, 301, 303, 305, 306, 307, 316, 318, 319, 321, 327, 328, 329, 330, 332, 333, 334, 335, 336, 338, 339, 340, 341, 342, 344, 345, 346, 347, 348, 350, 351, 352, 353, 354, 356, 357, 358, 359, 360, 362, 363, 364, 366, 367, 368, 375, 376, 378, 379, 381, 383, 384, 385, 386, 387, 388, 390, 397, 399, 400, 402, 405, 406, 410, 414, 416, 418, 421, 428, 429, 430, 432, 435, 436, 437, 438, 440, 441, 442, 443, 444, 445, 447, 448, 449, 450, 451, 453, 454, 455, 456, 457, 459, 460, 461, 463, 464, 466, 478, 479, 480, 481, 488, 495, 498, 503, 504, 505, 511, 512, 513, 514, 519, 525, 527, 528, 529, 530, 531, 532, 534, 537, 538, 540, 544], "excluded_lines": [], "functions": {"RefactoringAgent.get_supported_types": {"executed_lines": [], "summary": {"covered_lines": 0, "num_statements": 1, "percent_covered": 0.0, "percent_covered_display": "0", "missing_lines": 1, "excluded_lines": 0}, "missing_lines": [16], "excluded_lines": []}, "RefactoringAgent.can_handle": {"executed_lines": [], "summary": {"covered_lines": 0, "num_statements": 5, "percent_covered": 0.0, "percent_covered_display": "0", "missing_lines": 5, "excluded_lines": 0}, "missing_lines": [19, 20, 21, 22, 23], "excluded_lines": []}, "RefactoringAgent.analyze_and_fix": {"executed_lines": [], "summary": {"covered_lines": 0, "num_statements": 6, "percent_covered": 0.0, "percent_covered_display": "0", "missing_lines": 6, "excluded_lines": 0}, "missing_lines": [26, 28, 29, 30, 31, 33], "excluded_lines": []}, "RefactoringAgent._reduce_complexity": {"executed_lines": [], "summary": {"covered_lines": 0, "num_statements": 12, "percent_covered": 0.0, "percent_covered_display": "0", "missing_lines": 12, "excluded_lines": 0}, "missing_lines": [40, 41, 42, 44, 45, 51, 53, 54, 55, 56, 57, 58], "excluded_lines": []}, "RefactoringAgent._validate_complexity_issue": {"executed_lines": [], "summary": {"covered_lines": 0, "num_statements": 6, "percent_covered": 0.0, "percent_covered_display": "0", "missing_lines": 6, "excluded_lines": 0}, "missing_lines": [62, 63, 69, 70, 71, 77], "excluded_lines": []}, "RefactoringAgent._process_complexity_reduction": {"executed_lines": [], "summary": {"covered_lines": 0, "num_statements": 8, "percent_covered": 0.0, "percent_covered_display": "0", "missing_lines": 8, "excluded_lines": 0}, "missing_lines": [81, 82, 83, 89, 90, 92, 93, 99], "excluded_lines": []}, "RefactoringAgent._apply_and_save_refactoring": {"executed_lines": [], "summary": {"covered_lines": 0, "num_statements": 7, "percent_covered": 0.0, "percent_covered_display": "0", "missing_lines": 7, "excluded_lines": 0}, "missing_lines": [108, 113, 114, 116, 117, 118, 124], "excluded_lines": []}, "RefactoringAgent._create_no_changes_result": {"executed_lines": [], "summary": {"covered_lines": 0, "num_statements": 1, "percent_covered": 0.0, "percent_covered_display": "0", "missing_lines": 1, "excluded_lines": 0}, "missing_lines": [134], "excluded_lines": []}, "RefactoringAgent._create_syntax_error_result": {"executed_lines": [], "summary": {"covered_lines": 0, "num_statements": 1, "percent_covered": 0.0, "percent_covered_display": "0", "missing_lines": 1, "excluded_lines": 0}, "missing_lines": [147], "excluded_lines": []}, "RefactoringAgent._create_general_error_result": {"executed_lines": [], "summary": {"covered_lines": 0, "num_statements": 1, "percent_covered": 0.0, "percent_covered_display": "0", "missing_lines": 1, "excluded_lines": 0}, "missing_lines": [155], "excluded_lines": []}, "RefactoringAgent._remove_dead_code": {"executed_lines": [], "summary": {"covered_lines": 0, "num_statements": 12, "percent_covered": 0.0, "percent_covered_display": "0", "missing_lines": 12, "excluded_lines": 0}, "missing_lines": [162, 163, 164, 166, 167, 173, 175, 176, 177, 178, 179, 180], "excluded_lines": []}, "RefactoringAgent._validate_dead_code_issue": {"executed_lines": [], "summary": {"covered_lines": 0, "num_statements": 6, "percent_covered": 0.0, "percent_covered_display": "0", "missing_lines": 6, "excluded_lines": 0}, "missing_lines": [184, 185, 191, 192, 193, 199], "excluded_lines": []}, "RefactoringAgent._process_dead_code_removal": {"executed_lines": [], "summary": {"covered_lines": 0, "num_statements": 8, "percent_covered": 0.0, "percent_covered_display": "0", "missing_lines": 8, "excluded_lines": 0}, "missing_lines": [203, 204, 205, 211, 212, 214, 215, 221], "excluded_lines": []}, "RefactoringAgent._apply_and_save_cleanup": {"executed_lines": [], "summary": {"covered_lines": 0, "num_statements": 8, "percent_covered": 0.0, "percent_covered_display": "0", "missing_lines": 8, "excluded_lines": 0}, "missing_lines": [230, 232, 233, 235, 236, 237, 243, 244], "excluded_lines": []}, "RefactoringAgent._create_no_cleanup_result": {"executed_lines": [], "summary": {"covered_lines": 0, "num_statements": 1, "percent_covered": 0.0, "percent_covered_display": "0", "missing_lines": 1, "excluded_lines": 0}, "missing_lines": [254], "excluded_lines": []}, "RefactoringAgent._create_dead_code_error_result": {"executed_lines": [], "summary": {"covered_lines": 0, "num_statements": 1, "percent_covered": 0.0, "percent_covered_display": "0", "missing_lines": 1, "excluded_lines": 0}, "missing_lines": [266], "excluded_lines": []}, "RefactoringAgent._find_complex_functions": {"executed_lines": [], "summary": {"covered_lines": 0, "num_statements": 8, "percent_covered": 0.0, "percent_covered_display": "0", "missing_lines": 8, "excluded_lines": 0}, "missing_lines": [277, 279, 280, 289, 303, 318, 319, 321], "excluded_lines": []}, "RefactoringAgent._find_complex_functions.ComplexityAnalyzer.__init__": {"executed_lines": [], "summary": {"covered_lines": 0, "num_statements": 1, "percent_covered": 0.0, "percent_covered_display": "0", "missing_lines": 1, "excluded_lines": 0}, "missing_lines": [287], "excluded_lines": []}, "RefactoringAgent._find_complex_functions.ComplexityAnalyzer.visit_FunctionDef": {"executed_lines": [], "summary": {"covered_lines": 0, "num_statements": 4, "percent_covered": 0.0, "percent_covered_display": "0", "missing_lines": 4, "excluded_lines": 0}, "missing_lines": [290, 291, 292, 301], "excluded_lines": []}, "RefactoringAgent._find_complex_functions.ComplexityAnalyzer.visit_AsyncFunctionDef": {"executed_lines": [], "summary": {"covered_lines": 0, "num_statements": 4, "percent_covered": 0.0, "percent_covered_display": "0", "missing_lines": 4, "excluded_lines": 0}, "missing_lines": [305, 306, 307, 316], "excluded_lines": []}, "RefactoringAgent._calculate_cognitive_complexity": {"executed_lines": [], "summary": {"covered_lines": 0, "num_statements": 11, "percent_covered": 0.0, "percent_covered_display": "0", "missing_lines": 11, "excluded_lines": 0}, "missing_lines": [327, 328, 332, 338, 344, 350, 356, 362, 366, 367, 368], "excluded_lines": []}, "RefactoringAgent._calculate_cognitive_complexity.ComplexityCalculator.__init__": {"executed_lines": [], "summary": {"covered_lines": 0, "num_statements": 2, "percent_covered": 0.0, "percent_covered_display": "0", "missing_lines": 2, "excluded_lines": 0}, "missing_lines": [329, 330], "excluded_lines": []}, "RefactoringAgent._calculate_cognitive_complexity.ComplexityCalculator.visit_If": {"executed_lines": [], "summary": {"covered_lines": 0, "num_statements": 4, "percent_covered": 0.0, "percent_covered_display": "0", "missing_lines": 4, "excluded_lines": 0}, "missing_lines": [333, 334, 335, 336], "excluded_lines": []}, "RefactoringAgent._calculate_cognitive_complexity.ComplexityCalculator.visit_For": {"executed_lines": [], "summary": {"covered_lines": 0, "num_statements": 4, "percent_covered": 0.0, "percent_covered_display": "0", "missing_lines": 4, "excluded_lines": 0}, "missing_lines": [339, 340, 341, 342], "excluded_lines": []}, "RefactoringAgent._calculate_cognitive_complexity.ComplexityCalculator.visit_While": {"executed_lines": [], "summary": {"covered_lines": 0, "num_statements": 4, "percent_covered": 0.0, "percent_covered_display": "0", "missing_lines": 4, "excluded_lines": 0}, "missing_lines": [345, 346, 347, 348], "excluded_lines": []}, "RefactoringAgent._calculate_cognitive_complexity.ComplexityCalculator.visit_Try": {"executed_lines": [], "summary": {"covered_lines": 0, "num_statements": 4, "percent_covered": 0.0, "percent_covered_display": "0", "missing_lines": 4, "excluded_lines": 0}, "missing_lines": [351, 352, 353, 354], "excluded_lines": []}, "RefactoringAgent._calculate_cognitive_complexity.ComplexityCalculator.visit_With": {"executed_lines": [], "summary": {"covered_lines": 0, "num_statements": 4, "percent_covered": 0.0, "percent_covered_display": "0", "missing_lines": 4, "excluded_lines": 0}, "missing_lines": [357, 358, 359, 360], "excluded_lines": []}, "RefactoringAgent._calculate_cognitive_complexity.ComplexityCalculator.visit_BoolOp": {"executed_lines": [], "summary": {"covered_lines": 0, "num_statements": 2, "percent_covered": 0.0, "percent_covered_display": "0", "missing_lines": 2, "excluded_lines": 0}, "missing_lines": [363, 364], "excluded_lines": []}, "RefactoringAgent._apply_complexity_reduction": {"executed_lines": [], "summary": {"covered_lines": 0, "num_statements": 12, "percent_covered": 0.0, "percent_covered_display": "0", "missing_lines": 12, "excluded_lines": 0}, "missing_lines": [375, 376, 378, 379, 381, 383, 384, 385, 386, 387, 388, 390], "excluded_lines": []}, "RefactoringAgent._extract_helper_methods": {"executed_lines": [], "summary": {"covered_lines": 0, "num_statements": 10, "percent_covered": 0.0, "percent_covered_display": "0", "missing_lines": 10, "excluded_lines": 0}, "missing_lines": [397, 399, 400, 402, 405, 406, 410, 414, 416, 418], "excluded_lines": []}, "RefactoringAgent._analyze_dead_code": {"executed_lines": [], "summary": {"covered_lines": 0, "num_statements": 5, "percent_covered": 0.0, "percent_covered_display": "0", "missing_lines": 5, "excluded_lines": 0}, "missing_lines": [421, 428, 429, 430, 432], "excluded_lines": []}, "RefactoringAgent._collect_usage_data": {"executed_lines": [], "summary": {"covered_lines": 0, "num_statements": 12, "percent_covered": 0.0, "percent_covered_display": "0", "missing_lines": 12, "excluded_lines": 0}, "missing_lines": [435, 436, 437, 438, 440, 441, 447, 453, 459, 463, 464, 466], "excluded_lines": []}, "RefactoringAgent._collect_usage_data.UsageAnalyzer.visit_Import": {"executed_lines": [], "summary": {"covered_lines": 0, "num_statements": 4, "percent_covered": 0.0, "percent_covered_display": "0", "missing_lines": 4, "excluded_lines": 0}, "missing_lines": [442, 443, 444, 445], "excluded_lines": []}, "RefactoringAgent._collect_usage_data.UsageAnalyzer.visit_ImportFrom": {"executed_lines": [], "summary": {"covered_lines": 0, "num_statements": 4, "percent_covered": 0.0, "percent_covered_display": "0", "missing_lines": 4, "excluded_lines": 0}, "missing_lines": [448, 449, 450, 451], "excluded_lines": []}, "RefactoringAgent._collect_usage_data.UsageAnalyzer.visit_FunctionDef": {"executed_lines": [], "summary": {"covered_lines": 0, "num_statements": 4, "percent_covered": 0.0, "percent_covered_display": "0", "missing_lines": 4, "excluded_lines": 0}, "missing_lines": [454, 455, 456, 457], "excluded_lines": []}, "RefactoringAgent._collect_usage_data.UsageAnalyzer.visit_Name": {"executed_lines": [], "summary": {"covered_lines": 0, "num_statements": 2, "percent_covered": 0.0, "percent_covered_display": "0", "missing_lines": 2, "excluded_lines": 0}, "missing_lines": [460, 461], "excluded_lines": []}, "RefactoringAgent._process_unused_imports": {"executed_lines": [], "summary": {"covered_lines": 0, "num_statements": 5, "percent_covered": 0.0, "percent_covered_display": "0", "missing_lines": 5, "excluded_lines": 0}, "missing_lines": [478, 479, 480, 481, 488], "excluded_lines": []}, "RefactoringAgent._process_unused_functions": {"executed_lines": [], "summary": {"covered_lines": 0, "num_statements": 5, "percent_covered": 0.0, "percent_covered_display": "0", "missing_lines": 5, "excluded_lines": 0}, "missing_lines": [495, 498, 503, 504, 505], "excluded_lines": []}, "RefactoringAgent._should_remove_import_line": {"executed_lines": [], "summary": {"covered_lines": 0, "num_statements": 5, "percent_covered": 0.0, "percent_covered_display": "0", "missing_lines": 5, "excluded_lines": 0}, "missing_lines": [511, 512, 513, 514, 519], "excluded_lines": []}, "RefactoringAgent._find_lines_to_remove": {"executed_lines": [], "summary": {"covered_lines": 0, "num_statements": 8, "percent_covered": 0.0, "percent_covered_display": "0", "missing_lines": 8, "excluded_lines": 0}, "missing_lines": [525, 527, 528, 529, 530, 531, 532, 534], "excluded_lines": []}, "RefactoringAgent._remove_dead_code_items": {"executed_lines": [], "summary": {"covered_lines": 0, "num_statements": 4, "percent_covered": 0.0, "percent_covered_display": "0", "missing_lines": 4, "excluded_lines": 0}, "missing_lines": [537, 538, 540, 544], "excluded_lines": []}, "": {"executed_lines": [1, 2, 3, 5, 14, 15, 18, 25, 39, 60, 79, 101, 132, 145, 153, 161, 182, 201, 223, 252, 264, 272, 323, 370, 392, 420, 434, 473, 490, 507, 521, 536, 547], "summary": {"covered_lines": 33, "num_statements": 33, "percent_covered": 100.0, "percent_covered_display": "100", "missing_lines": 0, "excluded_lines": 0}, "missing_lines": [], "excluded_lines": []}}, "classes": {"RefactoringAgent": {"executed_lines": [], "summary": {"covered_lines": 0, "num_statements": 169, "percent_covered": 0.0, "percent_covered_display": "0", "missing_lines": 169, "excluded_lines": 0}, "missing_lines": [16, 19, 20, 21, 22, 23, 26, 28, 29, 30, 31, 33, 40, 41, 42, 44, 45, 51, 53, 54, 55, 56, 57, 58, 62, 63, 69, 70, 71, 77, 81, 82, 83, 89, 90, 92, 93, 99, 108, 113, 114, 116, 117, 118, 124, 134, 147, 155, 162, 163, 164, 166, 167, 173, 175, 176, 177, 178, 179, 180, 184, 185, 191, 192, 193, 199, 203, 204, 205, 211, 212, 214, 215, 221, 230, 232, 233, 235, 236, 237, 243, 244, 254, 266, 277, 279, 280, 289, 303, 318, 319, 321, 327, 328, 332, 338, 344, 350, 356, 362, 366, 367, 368, 375, 376, 378, 379, 381, 383, 384, 385, 386, 387, 388, 390, 397, 399, 400, 402, 405, 406, 410, 414, 416, 418, 421, 428, 429, 430, 432, 435, 436, 437, 438, 440, 441, 447, 453, 459, 463, 464, 466, 478, 479, 480, 481, 488, 495, 498, 503, 504, 505, 511, 512, 513, 514, 519, 525, 527, 528, 529, 530, 531, 532, 534, 537, 538, 540, 544], "excluded_lines": []}, "RefactoringAgent._find_complex_functions.ComplexityAnalyzer": {"executed_lines": [], "summary": {"covered_lines": 0, "num_statements": 9, "percent_covered": 0.0, "percent_covered_display": "0", "missing_lines": 9, "excluded_lines": 0}, "missing_lines": [287, 290, 291, 292, 301, 305, 306, 307, 316], "excluded_lines": []}, "RefactoringAgent._calculate_cognitive_complexity.ComplexityCalculator": {"executed_lines": [], "summary": {"covered_lines": 0, "num_statements": 24, "percent_covered": 0.0, "percent_covered_display": "0", "missing_lines": 24, "excluded_lines": 0}, "missin
[...]
isplay": "0", "missing_lines": 50, "excluded_lines": 0}, "missing_lines": [276, 277, 278, 279, 282, 287, 289, 290, 291, 292, 294, 295, 298, 300, 303, 305, 306, 307, 309, 310, 312, 313, 314, 315, 318, 320, 321, 323, 324, 325, 328, 329, 330, 332, 333, 335, 336, 338, 340, 341, 342, 344, 345, 346, 349, 350, 352, 354, 355, 356], "excluded_lines": []}, "SmartSchedulingService": {"executed_lines": [], "summary": {"covered_lines": 0, "num_statements": 59, "percent_covered": 0.0, "percent_covered_display": "0", "missing_lines": 59, "excluded_lines": 0}, "missing_lines": [361, 362, 363, 364, 367, 369, 370, 372, 373, 374, 375, 376, 377, 379, 382, 383, 385, 386, 387, 388, 391, 393, 396, 397, 399, 400, 404, 406, 409, 410, 413, 415, 418, 420, 421, 423, 424, 425, 427, 430, 431, 432, 433, 434, 439, 441, 442, 451, 452, 454, 455, 457, 460, 461, 470, 472, 473, 476, 477], "excluded_lines": []}, "UnifiedConfigurationService": {"executed_lines": [], "summary": {"covered_lines": 0, "num_statements": 163, "percent_covered": 0.0, "percent_covered_display": "0", "missing_lines": 163, "excluded_lines": 0}, "missing_lines": [482, 483, 484, 485, 488, 489, 490, 491, 492, 493, 494, 495, 497, 500, 501, 503, 512, 513, 514, 515, 516, 517, 518, 519, 521, 522, 526, 527, 534, 535, 537, 538, 539, 540, 541, 542, 544, 548, 550, 551, 553, 561, 562, 563, 571, 572, 573, 585, 586, 598, 600, 601, 602, 609, 611, 612, 613, 615, 616, 617, 618, 619, 620, 624, 628, 630, 631, 637, 643, 644, 645, 651, 653, 654, 655, 656, 657, 658, 660, 663, 665, 666, 667, 668, 669, 670, 672, 675, 677, 678, 679, 681, 689, 690, 692, 693, 695, 697, 698, 700, 701, 703, 704, 707, 715, 717, 718, 720, 721, 723, 725, 726, 728, 729, 731, 732, 734, 735, 737, 739, 740, 741, 744, 745, 752, 754, 755, 757, 758, 761, 762, 763, 767, 768, 770, 771, 773, 776, 777, 782, 783, 787, 788, 792, 793, 798, 801, 803, 804, 805, 806, 814, 816, 817, 819, 822, 824, 825, 826, 827, 828, 829, 831], "excluded_lines": []}, "EnhancedErrorCategorizationService": {"executed_lines": [], "summary": {"covered_lines": 0, "num_statements": 113, "percent_covered": 0.0, "percent_covered_display": "0", "missing_lines": 113, "excluded_lines": 0}, "missing_lines": [836, 837, 838, 839, 843, 858, 873, 888, 903, 946, 976, 983, 984, 986, 989, 990, 992, 994, 996, 997, 998, 1000, 1001, 1002, 1004, 1006, 1008, 1010, 1013, 1015, 1016, 1017, 1018, 1019, 1021, 1039, 1054, 1062, 1063, 1064, 1066, 1067, 1069, 1070, 1072, 1073, 1074, 1076, 1077, 1079, 1080, 1082, 1083, 1085, 1086, 1090, 1093, 1094, 1103, 1104, 1105, 1106, 1108, 1109, 1110, 1112, 1113, 1115, 1116, 1118, 1119, 1129, 1135, 1154, 1156, 1157, 1158, 1162, 1163, 1167, 1168, 1172, 1173, 1177, 1178, 1182, 1183, 1187, 1188, 1192, 1195, 1196, 1197, 1199, 1201, 1202, 1203, 1207, 1208, 1209, 1215, 1219, 1220, 1221, 1223, 1224, 1225, 1226, 1227, 1229, 1230, 1231, 1232], "excluded_lines": []}, "GitHookService": {"executed_lines": [], "summary": {"covered_lines": 0, "num_statements": 51, "percent_covered": 0.0, "percent_covered_display": "0", "missing_lines": 51, "excluded_lines": 0}, "missing_lines": [1237, 1238, 1239, 1242, 1243, 1244, 1246, 1248, 1249, 1252, 1254, 1256, 1257, 1259, 1261, 1264, 1266, 1267, 1268, 1271, 1272, 1274, 1275, 1276, 1277, 1278, 1280, 1283, 1320, 1322, 1323, 1324, 1326, 1327, 1328, 1329, 1330, 1333, 1334, 1337, 1339, 1340, 1341, 1344, 1346, 1347, 1349, 1350, 1351, 1352, 1353], "excluded_lines": []}, "": {"executed_lines": [1, 2, 3, 4, 5, 6, 7, 8, 10, 11, 14, 15, 16, 17, 18, 19, 20, 23, 24, 33, 55, 64, 75, 91, 99, 115, 131, 147, 163, 186, 211, 216, 225, 236, 253, 263, 274, 275, 281, 302, 327, 359, 360, 366, 381, 395, 408, 417, 429, 438, 459, 475, 480, 481, 487, 499, 524, 546, 555, 565, 579, 592, 608, 626, 633, 650, 662, 674, 683, 709, 743, 775, 800, 821, 834, 835, 841, 856, 871, 886, 901, 944, 974, 988, 1012, 1053, 1056, 1092, 1148, 1194, 1235, 1236, 1241, 1270, 1282, 1319, 1343], "summary": {"covered_lines": 97, "num_statements": 97, "percent_covered": 100.0, "percent_covered_display": "100", "missing_lines": 0, "excluded_lines": 0}, "missing_lines": [], "excluded_lines": []}}}, "/Users/les/Projects/crackerjack/crackerjack/services/unified_config.py": {"executed_lines": [1, 2, 3, 4, 5, 6, 8, 9, 10, 12, 13, 14, 17, 18, 19, 20, 21, 23, 24, 25, 26, 28, 29, 30, 32, 33, 34, 35, 37, 38, 39, 41, 42, 44, 45, 47, 48, 50, 52, 53, 54, 55, 57, 59, 60, 61, 68, 69, 70, 71, 73, 74, 75, 76, 78, 79, 80, 81, 82, 83, 84, 85, 87, 88, 90, 93, 94, 95, 96, 98, 101, 102, 105, 106, 108, 109, 111, 112, 114, 115, 116, 118, 120, 121, 123, 124, 125, 126, 127, 129, 130, 132, 133, 135, 138, 139, 140, 141, 143, 144, 146, 147, 148, 150, 151, 153, 154, 155, 160, 161, 162, 174, 179, 190, 191, 192, 193, 195, 196, 198, 199, 202, 203, 205, 206, 208, 210, 211, 232, 233, 234, 235, 237, 238, 240, 252, 253, 254, 255, 256, 258, 259, 262, 263, 269, 270, 271, 273, 275, 276, 286, 288, 289, 291, 293, 294, 296, 297, 298, 305, 307, 308, 309, 310, 312, 314, 315, 317, 319, 320, 321, 322, 323, 324, 325, 338, 339, 341, 351, 361, 362, 364, 366, 368, 370, 371, 373, 380, 381, 383, 392, 393, 395, 401, 402, 404, 412, 413, 414, 416, 418, 421, 424, 427, 432, 433], "summary": {"covered_lines": 206, "num_statements": 249, "percent_covered": 82.73092369477912, "percent_covered_display": "83", "missing_lines": 43, "excluded_lines": 0}, "missing_lines": [56, 62, 63, 64, 65, 66, 99, 168, 172, 181, 182, 187, 200, 213, 214, 215, 217, 218, 219, 220, 221, 222, 223, 226, 227, 228, 229, 331, 332, 353, 354, 355, 365, 367, 419, 422, 425, 428, 429, 430, 435, 436, 437], "excluded_lines": [], "functions": {"CrackerjackConfig.validate_package_path": {"executed_lines": [55, 57], "summary": {"covered_lines": 2, "num_statements": 3, "percent_covered": 66.66666666666667, "percent_covered_display": "67", "missing_lines": 1, "excluded_lines": 0}, "missing_lines": [56], "excluded_lines": []}, "CrackerjackConfig.validate_log_file": {"executed_lines": [], "summary": {"covered_lines": 0, "num_statements": 5, "percent_covered": 0.0, "percent_covered_display": "0", "missing_lines": 5, "excluded_lines": 0}, "missing_lines": [62, 63, 64, 65, 66], "excluded_lines": []}, "CrackerjackConfig.validate_test_workers": {"executed_lines": [71], "summary": {"covered_lines": 1, "num_statements": 1, "percent_covered": 100.0, "percent_covered_display": "100", "missing_lines": 0, "excluded_lines": 0}, "missing_lines": [], "excluded_lines": []}, "CrackerjackConfig.validate_min_coverage": {"executed_lines": [76], "summary": {"covered_lines": 1, "num_statements": 1, "percent_covered": 100.0, "percent_covered_display": "100", "missing_lines": 0, "excluded_lines": 0}, "missing_lines": [], "excluded_lines": []}, "CrackerjackConfig.validate_log_level": {"executed_lines": [81, 82, 83, 84, 85], "summary": {"covered_lines": 5, "num_statements": 5, "percent_covered": 100.0, "percent_covered_display": "100", "missing_lines": 0, "excluded_lines": 0}, "missing_lines": [], "excluded_lines": []}, "ConfigSource.__init__": {"executed_lines": [95, 96], "summary": {"covered_lines": 2, "num_statements": 2, "percent_covered": 100.0, "percent_covered_display": "100", "missing_lines": 0, "excluded_lines": 0}, "missing_lines": [], "excluded_lines": []}, "ConfigSource.load": {"executed_lines": [], "summary": {"covered_lines": 0, "num_statements": 1, "percent_covered": 0.0, "percent_covered_display": "0", "missing_lines": 1, "excluded_lines": 0}, "missing_lines": [99], "excluded_lines": []}, "ConfigSource.is_available": {"executed_lines": [102], "summary": {"covered_lines": 1, "num_statements": 1, "percent_covered": 100.0, "percent_covered_display": "100", "missing_lines": 0, "excluded_lines": 0}, "missing_lines": [], "excluded_lines": []}, "EnvironmentConfigSource.__init__": {"executed_lines": [109], "summary": {"covered_lines": 1, "num_statements": 1, "percent_covered": 100.0, "percent_covered_display": "100", "missing_lines": 0, "excluded_lines": 0}, "missing_lines": [], "excluded_lines": []}, "EnvironmentConfigSource.load": {"executed_lines": [112, 114, 115, 116, 118, 120, 121], "summary": {"covered_lines": 7, "num_statements": 7, "percent_covered": 100.0, "percent_covered_display": "100", "missing_lines": 0, "excluded_lines": 0}, "missing_lines": [], "excluded_lines": []}, "EnvironmentConfigSource._convert_value": {"executed_lines": [124, 125, 126, 127, 129, 130, 132, 133, 135], "summary": {"covered_lines": 9, "num_statements": 9, "percent_covered": 100.0, "percent_covered_display": "100", "missing_lines": 0, "excluded_lines": 0}, "missing_lines": [], "excluded_lines": []}, "FileConfigSource.__init__": {"executed_lines": [140, 141], "summary": {"covered_lines": 2, "num_statements": 2, "percent_covered": 100.0, "percent_covered_display": "100", "missing_lines": 0, "excluded_lines": 0}, "missing_lines": [], "excluded_lines": []}, "FileConfigSource.is_available": {"executed_lines": [144], "summary": {"covered_lines": 1, "num_statements": 1, "percent_covered": 100.0, "percent_covered_display": "100", "missing_lines": 0, "excluded_lines": 0}, "missing_lines": [], "excluded_lines": []}, "FileConfigSource.load": {"executed_lines": [147, 148, 150, 151, 153, 154, 155, 160, 161, 162, 174, 179], "summary": {"covered_lines": 12, "num_statements": 17, "percent_covered": 70.58823529411765, "percent_covered_display": "71", "missing_lines": 5, "excluded_lines": 0}, "missing_lines": [168, 172, 181, 182, 187], "excluded_lines": []}, "PyprojectConfigSource.__init__": {"executed_lines": [192, 193], "summary": {"covered_lines": 2, "num_statements": 2, "percent_covered": 100.0, "percent_covered_display": "100", "missing_lines": 0, "excluded_lines": 0}, "missing_lines": [], "excluded_lines": []}, "PyprojectConfigSource.is_available": {"executed_lines": [196], "summary": {"covered_lines": 1, "num_statements": 1, "percent_covered": 100.0, "percent_covered_display": "100", "missing_lines": 0, "excluded_lines": 0}, "missing_lines": [], "excluded_lines": []}, "PyprojectConfigSource.load": {"executed_lines": [199, 202, 203, 205, 206, 208, 210, 211], "summary": {"covered_lines": 8, "num_statements": 23, "percent_covered": 34.78260869565217, "percent_covered_display": "35", "missing_lines": 15, "excluded_lines": 0}, "missing_lines": [200, 213, 214, 215, 217, 218, 219, 220, 221, 222, 223, 226, 227, 228, 229], "excluded_lines": []}, "OptionsConfigSource.__init__": {"executed_lines": [234, 235], "summary": {"covered_lines": 2, "num_statements": 2, "percent_covered": 100.0, "percent_covered_display": "100", "missing_lines": 0, "excluded_lines": 0}, "missing_lines": [], "excluded_lines": []}, "OptionsConfigSource.load": {"executed_lines": [238, 240, 252, 253, 254, 255, 256, 258, 259], "summary": {"covered_lines": 9, "num_statements": 9, "percent_covered": 100.0, "percent_covered_display": "100", "missing_lines": 0, "excluded_lines": 0}, "missing_lines": [], "excluded_lines": []}, "UnifiedConfigurationService.__init__": {"executed_lines": [269, 270, 271, 273, 275, 276, 286, 288, 289, 291], "summary": {"covered_lines": 10, "num_statements": 10, "percent_covered": 100.0, "percent_covered_display": "100", "missing_lines": 0, "excluded_lines": 0}, "missing_lines": [], "excluded_lines": []}, "UnifiedConfigurationService._create_default_source": {"executed_lines": [294, 296, 297, 305], "summary": {"covered_lines": 4, "num_statements": 4, "percent_covered": 100.0, "percent_covered_display": "100", "missing_lines": 0, "excluded_lines": 0}, "missing_lines": [], "excluded_lines": []}, "UnifiedConfigurationService._create_default_source.DefaultConfigSource.load": {"executed_lines": [298], "summary": {"covered_lines": 1, "num_statements": 1, "percent_covered": 100.0, "percent_covered_display": "100", "missing_lines": 0, "excluded_lines": 0}, "missing_lines": [], "excluded_lines": []}, "UnifiedConfigurationService.get_config": {"executed_lines": [308, 309, 310, 312], "summary": {"covered_lines": 4, "num_statements": 4, "percent_covered": 100.0, "percent_covered_display": "100", "missing_lines": 0, "excluded_lines": 0}, "missing_lines": [], "excluded_lines": []}, "UnifiedConfigurationService._load_unified_config": {"executed_lines": [315, 317, 319, 320, 321, 322, 323, 324, 325, 338, 339, 341, 351], "summary": {"covered_lines": 13, "num_statements": 18, "percent_covered": 72.22222222222223, "percent_covered_display": "72", "missing_lines": 5, "excluded_lines": 0}, "missing_lines": [331, 332, 353, 354, 355], "excluded_lines": []}, "UnifiedConfigurationService.get_precommit_config_mode": {"executed_lines": [362, 364, 366, 368], "summary": {"covered_lines": 4, "num_statements": 6, "percent_covered": 66.66666666666667, "percent_covered_display": "67", "missing_lines": 2, "excluded_lines": 0}, "missing_lines": [365, 367], "excluded_lines": []}, "UnifiedConfigurationService.get_logging_config": {"executed_lines": [371, 373], "summary": {"covered_lines": 2, "num_statements": 2, "percent_covered": 100.0, "percent_covered_display": "100", "missing_lines": 0, "excluded_lines": 0}, "missing_lines": [], "excluded_lines": []}, "UnifiedConfigurationService.get_hook_execution_config": {"executed_lines": [381, 383], "summary": {"covered_lines": 2, "num_statements": 2, "percent_covered": 100.0, "percent_covered_display": "100", "missing_lines": 0, "excluded_lines": 0}, "missing_lines": [], "excluded_lines": []}, "UnifiedConfigurationService.get_testing_config": {"executed_lines": [393, 395], "summary": {"covered_lines": 2, "num_statements": 2, "percent_covered": 100.0, "percent_covered_display": "100", "missing_lines": 0, "excluded_lines": 0}, "missing_lines": [], "excluded_lines": []}, "UnifiedConfigurationService.get_cache_config": {"executed_lines": [402, 404], "summary": {"covered_lines": 2, "num_statements": 2, "percent_covered": 100.0, "percent_covered_display": "100", "missing_lines": 0, "excluded_lines": 0}, "missing_lines": [], "excluded_lines": []}, "UnifiedConfigurationService.validate_current_config": {"executed_lines": [413, 414, 416, 418, 421, 424, 427, 432, 433], "summary": {"covered_lines": 9, "num_statements": 18, "percent_covered": 50.0, "percent_covered_display": "50", "missing_lines": 9, "excluded_lines": 0}, "missing_lines": [419, 422, 425, 428, 429, 430, 435, 436, 437], "excluded_lines": []}, "": {"executed_lines": [1, 2, 3, 4, 5, 6, 8, 9, 10, 12, 13, 14, 17, 18, 19, 20, 21, 23, 24, 25, 26, 28, 29, 30, 32, 33, 34, 35, 37, 38, 39, 41, 42, 44, 45, 47, 48, 50, 52, 53, 54, 59, 60, 61, 68, 69, 70, 73, 74, 75, 78, 79, 80, 87, 88, 90, 93, 94, 98, 101, 105, 106, 108, 111, 123, 138, 139, 143, 146, 190, 191, 195, 198, 232, 233, 237, 262, 263, 293, 307, 314, 361, 370, 380, 392, 401, 412], "summary": {"covered_lines": 87, "num_statements": 87, "percent_covered": 100.0, "percent_covered_display": "100", "missing_lines": 0, "excluded_lines": 0}, "missing_lines": [], "excluded_lines": []}}, "classes": {"CrackerjackConfig": {"executed_lines": [55, 57, 71, 76, 81, 82, 83, 84, 85], "summary": {"covered_lines": 9, "num_statements": 15, "percent_covered": 60.0, "percent_covered_display": "60", "missing_lines": 6, "excluded_lines": 0}, "missing_lines": [56, 62, 63, 64, 65, 66], "excluded_lines": []}, "CrackerjackConfig.Config": {"executed_lines": [], "summary": {"covered_lines": 0, "num_statements": 0, "percent_covered": 100.0, "percent_covered_display": "100", "missing_lines": 0, "excluded_lines": 0}, "missing_lines": [], "excluded_lines": []}, "ConfigSource": {"executed_lines": [95, 96, 102], "summary": {"covered_lines": 3, "num_statements": 4, "percent_covered": 75.0, "percent_covered_display": "75", "missing_lines": 1, "excluded_lines": 0}, "missing_lines": [99], "excluded_lines": []}, "EnvironmentConfigSource": {"executed_lines": [109, 112, 114, 115, 116, 118, 120, 121, 124, 125, 126, 127, 129, 130, 132, 133, 135], "summary": {"covered_lines": 17, "num_statements": 17, "percent_covered": 100.0, "percent_covered_display": "100", "missing_lines": 0, "excluded_lines": 0}, "missing_lines": [], "excluded_lines": []}, "FileConfigSource": {"executed_lines": [140, 141, 144, 147, 148, 150, 151, 153, 154, 155, 160, 161, 162, 174, 179], "summary": {"covered_lines": 15, "num_statements": 20, "percent_covered": 75.0, "percent_covered_display": "75", "missing_lines": 5, "excluded_lines": 0}, "missing_lines": [168, 172, 181, 182, 187], "excluded_lines": []}, "PyprojectConfigSource": {"executed_lines": [192, 193, 196, 199, 202, 203, 205, 206, 208, 210, 211], "summary": {"covered_lines": 11, "num_statements": 26, "percent_covered": 42.30769230769231, "percent_covered_display": "42", "missing_lines": 15, "excluded_lines": 0}, "missing_lines": [200, 213, 214, 215, 217, 218, 219, 220, 221, 222, 223, 226, 227, 228, 229], "excluded_lines": []}, "OptionsConfigSource": {"executed_lines": [234, 235, 238, 240, 252, 253, 254, 255, 256, 258, 259], "summary": {"covered_lines": 11, "num_statements": 11, "percent_covered": 100.0, "percent_covered_display": "100", "missing_lines": 0, "excluded_lines": 0}, "missing_lines": [], "excluded_lines": []}, "UnifiedConfigurationService": {"executed_lines": [269, 270, 271, 273, 275, 276, 286, 288, 289, 291, 294, 296, 297, 305, 308, 309, 310, 312, 315, 317, 319, 320, 321, 322, 323, 324, 325, 338, 339, 341, 351, 362, 364, 366, 368, 371, 373, 381, 383, 393, 395, 402, 404, 413, 414, 416, 418, 421, 424, 427, 432, 433], "summary": {"covered_lines": 52, "num_statements": 68, "percent_covered": 76.47058823529412, "percent_covered_display": "76", "missing_lines": 16, "excluded_lines": 0}, "missing_lines": [331, 332, 353, 354, 355, 365, 367, 419, 422, 425, 428, 429, 430, 435, 436, 437], "excluded_lines": []}, "UnifiedConfigurationService._create_default_source.DefaultConfigSource": {"executed_lines": [298], "summary": {"covered_lines": 1, "num_statements": 1, "percent_covered": 100.0, "percent_covered_display": "100", "missing_lines": 0, "excluded_lines": 0}, "missing_lines": [], "excluded_lines": []}, "": {"executed_lines": [1, 2, 3, 4, 5, 6, 8, 9, 10, 12, 13, 14, 17, 18, 19, 20, 21, 23, 24, 25, 26, 28, 29, 30, 32, 33, 34, 35, 37, 38, 39, 41, 42, 44, 45, 47, 48, 50, 52, 53, 54, 59, 60, 61, 68, 69, 70, 73, 74, 75, 78, 79, 80, 87, 88, 90, 93, 94, 98, 101, 105, 106, 108, 111, 123, 138, 139, 143, 146, 190, 191, 195, 198, 232, 233, 237, 262, 263, 293, 307, 314, 361, 370, 380, 392, 401, 412], "summary": {"covered_lines": 87, "num_statements": 87, "percent_covered": 100.0, "percent_covered_display": "100", "missing_lines": 0, "excluded_lines": 0}, "missing_lines": [], "excluded_lines": []}}}, "/Users/les/Projects/crackerjack/crackerjack/slash_commands/__init__.py": {"executed_lines": [], "summary": {"covered_lines": 0, "num_statements": 7, "percent_covered": 0.0, "percent_covered_display": "0", "missing_lines": 7, "excluded_lines": 0}, "missing_lines": [1, 3, 6, 7, 10, 11, 14], "excluded_lines": [], "functions": {"get_slash_command_path": {"executed_lines": [], "summary": {"covered_lines": 0, "num_statements": 1, "percent_covered": 0.0, "percent_covered_display": "0", "missing_lines": 1, "excluded_lines": 0}, "missing_lines": [7], "excluded_lines": []}, "list_available_commands": {"executed_lines": [], "summary": {"covered_lines": 0, "num_statements": 1, "percent_covered": 0.0, "percent_covered_display": "0", "missing_lines": 1, "excluded_lines": 0}, "missing_lines": [11], "excluded_lines": []}, "": {"executed_lines": [], "summary": {"covered_lines": 0, "num_statements": 5, "percent_covered": 0.0, "percent_covered_display": "0", "missing_lines": 5, "excluded_lines": 0}, "missing_lines": [1, 3, 6, 10, 14], "excluded_lines": []}}, "classes": {"": {"executed_lines": [], "summary": {"covered_lines": 0, "num_statements": 7, "percent_covered": 0.0, "percent_covered_display": "0", "missing_lines": 7, "excluded_lines": 0}, "missing_lines": [1, 3, 6, 7, 10, 11, 14], "excluded_lines": []}}}}, "totals": {"covered_lines": 4955, "num_statements": 18153, "percent_covered": 27.295763785600176, "percent_covered_display": "27", "missing_lines": 13198, "excluded_lines": 92}}
