TEST FAILURE ANALYSIS - COMPLETE MANIFEST
==========================================

Analysis Date: October 26, 2025
Project: Crackerjack
Status: COMPLETE AND READY FOR REVIEW

DELIVERABLES
============

5 Complete Analysis Documents:

1. ANALYSIS_FINDINGS.md
   Purpose: Executive summary with actionable recommendations
   Size: 11 KB
   Sections: Executive summary, 3 main findings, risk assessment, recommendations
   Audience: Project managers, developers planning fixes
   READ THIS FIRST

2. TEST_FAILURE_ANALYSIS.md
   Purpose: Comprehensive technical analysis with code examples
   Size: 11 KB
   Sections: Top 10 files, pattern details, code examples, fix strategies
   Audience: Senior developers, architects, implementers
   USE FOR IMPLEMENTATION

3. TEST_FAILURE_SUMMARY.txt
   Purpose: Quick reference text summary
   Size: 8.5 KB
   Sections: Statistics, pattern breakdown, metrics, error examples
   Audience: Terminal users, quick reference
   USE FOR QUICK LOOKUP

4. TEST_FAILURE_PATTERNS.json
   Purpose: Machine-readable structured data
   Size: 9.6 KB
   Format: JSON with complete metadata
   Audience: Automation, CI/CD, tooling
   USE FOR INTEGRATION

5. TEST_FAILURE_ANALYSIS_INDEX.md
   Purpose: Navigation guide and checklist
   Size: Document index and progress tracking
   Sections: Quick nav, usage guide, checklist
   Audience: Anyone using the analysis
   USE FOR NAVIGATION

ANALYSIS SCOPE
==============

Total Test Failures Analyzed: 467
Test Files Affected: 50+
High-Impact Files (Top 10): 238 failures (51% of total)

KEY FINDINGS
============

Pattern 1: DI Constructor Signature Mismatch (CRITICAL)
  Affected Tests: 120 (26%)
  Files: 6 major test files
  Root Cause: Phase 4 ACB refactoring changed constructors
  Fix Effort: 2-3 hours
  Impact: +120 tests (26% reduction)

Pattern 2: Constructor Parameter Name Mismatch (HIGH)
  Affected Tests: 45 (10%)
  Files: 4 test files
  Root Cause: Parameter names changed during refactoring
  Fix Effort: 1-2 hours
  Impact: +45 tests (10% reduction)

Pattern 3: String Value/Formatting Mismatch (MEDIUM)
  Affected Tests: 17 (4%)
  Files: 1 test file
  Root Cause: String format changed ('pre - commit' -> 'pre-commit')
  Fix Effort: 30 minutes
  Impact: +17 tests (4% reduction)

Unclassified: 165 tests (35%)
  Status: Requires further investigation

TOTAL ACHIEVABLE
================

Tests Fixed: 182 out of 467 (39%)
Time Required: 3.5-5.5 hours
Success Probability: HIGH
Risk Level: LOW

TOP 10 FAILING FILES
====================

1. test_publish_manager_coverage.py (54 failures) - DI Constructor
2. test_session_coordinator_coverage.py (33 failures) - DI Constructor
3. test_global_lock_config.py (25 failures) - Parameter Name
4. test_managers_consolidated.py (23 failures) - DI Constructor
5. test_hook_manager_orchestration.py (20 failures) - DI Constructor
6. test_hook_lock_manager.py (19 failures) - Parameter Name
7. test_session_coordinator_comprehensive.py (18 failures) - DI Constructor
8. test_models_task_coverage.py (17 failures) - String Value
9. test_cli/test_global_lock_options.py (15 failures) - Parameter Name
10. test_unified_config.py (14 failures) - Parameter Name

SUBTOTAL: 238 failures (51% of all failures)

RECOMMENDED FIX SEQUENCE
========================

Phase 1: DI Constructor Fixes (2-3 hours)
  Target: 120 tests
  Files: 6 major files
  Strategy: Create DI-aware test fixtures
  Expected: 26% reduction in failures

Phase 2: Parameter Name Fixes (1-2 hours)
  Target: 45 tests
  Files: 4 test files
  Strategy: Update parameter names
  Expected: Additional 10% reduction

Phase 3: String Value Fixes (30 minutes)
  Target: 17 tests
  Files: 1 test file
  Strategy: Update test assertions
  Expected: Additional 4% reduction

DOCUMENTATION QUALITY
=====================

Code Examples: Yes (every pattern documented)
Root Cause Analysis: Yes (for every failure type)
Fix Strategies: Yes (actionable steps provided)
Risk Assessment: Yes (high/medium/low categorized)
Success Metrics: Yes (quantified expectations)
Timeline Estimates: Yes (hours specified)

CONFIDENCE LEVEL
================

HIGH - Analysis based on:
  - Direct examination of 467 actual test failures
  - Analysis of error messages and stack traces
  - Review of source code implementations
  - Systematic categorization of patterns
  - Root cause identification with evidence

NEXT STEPS
==========

1. Read ANALYSIS_FINDINGS.md (5 minutes)
2. Review TEST_FAILURE_ANALYSIS.md for details
3. Follow recommended fix sequence (Phase 1, 2, 3)
4. Verify fixes with test runs
5. Investigate remaining 165 unclassified failures

FILE LOCATIONS
==============

All files in: /Users/les/Projects/crackerjack/

- ANALYSIS_FINDINGS.md
- TEST_FAILURE_ANALYSIS.md
- TEST_FAILURE_SUMMARY.txt
- TEST_FAILURE_PATTERNS.json
- TEST_FAILURE_ANALYSIS_INDEX.md
- ANALYSIS_MANIFEST.txt (this file)

QUICK COMMANDS
==============

View Executive Summary:
  cat /Users/les/Projects/crackerjack/ANALYSIS_FINDINGS.md

View Quick Reference:
  cat /Users/les/Projects/crackerjack/TEST_FAILURE_SUMMARY.txt

Parse Structured Data:
  python -m json.tool /Users/les/Projects/crackerjack/TEST_FAILURE_PATTERNS.json

View Navigation Guide:
  cat /Users/les/Projects/crackerjack/TEST_FAILURE_ANALYSIS_INDEX.md

ADDITIONAL NOTES
================

- All analysis files are permanently saved in /Users/les/Projects/crackerjack/
- Documents are formatted for easy sharing and collaboration
- JSON data can be programmatically parsed for tooling integration
- Progress checklist available in ANALYSIS_INDEX.md for tracking fixes
- New patterns discovered during implementation should be documented

SIGN-OFF
========

Analysis: COMPLETE
Quality: HIGH
Status: READY FOR IMPLEMENTATION
Date: October 26, 2025

Start with: ANALYSIS_FINDINGS.md
Contact: Review analysis documents for any questions

================================================================================
